<?xml version="1.0" encoding="UTF-8"?>
<coverage generated="1774498190100" clover="3.2.0">
  <project timestamp="1774498190100" name="All files">
    <metrics statements="473" coveredstatements="343" conditionals="270" coveredconditionals="179" methods="94" coveredmethods="65" elements="837" coveredelements="587" complexity="0" loc="473" ncloc="473" packages="2" files="5" classes="5"/>
    <package name="engine">
      <metrics statements="374" coveredstatements="269" conditionals="216" coveredconditionals="151" methods="75" coveredmethods="55"/>
      <file name="match-engine.ts" path="/Users/mrkalakota/Documents/CricketScoringPro/src/engine/match-engine.ts">
        <metrics statements="373" coveredstatements="268" conditionals="216" coveredconditionals="151" methods="75" coveredmethods="55"/>
        <line num="1" count="3" type="stmt"/>
        <line num="2" count="3887" type="stmt"/>
        <line num="3" count="3" type="stmt"/>
        <line num="20" count="3" type="stmt"/>
        <line num="22" count="3" type="stmt"/>
        <line num="27" count="5163" type="stmt"/>
        <line num="28" count="5163" type="stmt"/>
        <line num="32" count="450" type="stmt"/>
        <line num="36" count="0" type="stmt"/>
        <line num="40" count="10563" type="cond" truecount="2" falsecount="1"/>
        <line num="41" count="0" type="stmt"/>
        <line num="43" count="10563" type="stmt"/>
        <line num="47" count="19" type="stmt"/>
        <line num="48" count="19" type="cond" truecount="0" falsecount="1"/>
        <line num="49" count="22" type="cond" truecount="1" falsecount="1"/>
        <line num="53" count="0" type="stmt"/>
        <line num="54" count="0" type="cond" truecount="0" falsecount="1"/>
        <line num="55" count="0" type="cond" truecount="0" falsecount="2"/>
        <line num="59" count="10" type="stmt"/>
        <line num="60" count="10" type="cond" truecount="0" falsecount="1"/>
        <line num="61" count="10" type="cond" truecount="1" falsecount="1"/>
        <line num="65" count="6" type="stmt"/>
        <line num="66" count="6" type="cond" truecount="0" falsecount="1"/>
        <line num="67" count="6" type="cond" truecount="1" falsecount="1"/>
        <line num="71" count="3730" type="stmt"/>
        <line num="72" count="3730" type="cond" truecount="3" falsecount="0"/>
        <line num="73" count="3576" type="stmt"/>
        <line num="74" count="3576" type="cond" truecount="2" falsecount="0"/>
        <line num="78" count="0" type="stmt"/>
        <line num="79" count="0" type="cond" truecount="0" falsecount="1"/>
        <line num="80" count="0" type="cond" truecount="0" falsecount="2"/>
        <line num="84" count="0" type="cond" truecount="0" falsecount="2"/>
        <line num="88" count="1" type="stmt"/>
        <line num="94" count="142" type="stmt"/>
        <line num="95" count="142" type="stmt"/>
        <line num="96" count="142" type="stmt"/>
        <line num="97" count="142" type="stmt"/>
        <line num="99" count="142" type="stmt"/>
        <line num="103" count="157" type="stmt"/>
        <line num="104" count="157" type="stmt"/>
        <line num="105" count="157" type="stmt"/>
        <line num="112" count="157" type="stmt"/>
        <line num="113" count="157" type="stmt"/>
        <line num="114" count="157" type="stmt"/>
        <line num="116" count="157" type="stmt"/>
        <line num="120" count="171" type="stmt"/>
        <line num="121" count="171" type="stmt"/>
        <line num="122" count="171" type="stmt"/>
        <line num="123" count="171" type="stmt"/>
        <line num="124" count="171" type="stmt"/>
        <line num="128" count="171" type="stmt"/>
        <line num="129" count="171" type="stmt"/>
        <line num="131" count="171" type="stmt"/>
        <line num="135" count="717" type="stmt"/>
        <line num="136" count="717" type="cond" truecount="0" falsecount="1"/>
        <line num="139" count="717" type="cond" truecount="1" falsecount="0"/>
        <line num="140" count="546" type="stmt"/>
        <line num="141" count="546" type="cond" truecount="1" falsecount="0"/>
        <line num="142" count="2" type="stmt"/>
        <line num="147" count="715" type="stmt"/>
        <line num="148" count="715" type="cond" truecount="1" falsecount="0"/>
        <line num="149" count="637" type="stmt"/>
        <line num="150" count="1251" type="stmt"/>
        <line num="151" count="637" type="cond" truecount="3" falsecount="0"/>
        <line num="152" count="3" type="stmt"/>
        <line num="156" count="712" type="stmt"/>
        <line num="157" count="712" type="stmt"/>
        <line num="158" count="712" type="stmt"/>
        <line num="159" count="1392" type="stmt"/>
        <line num="160" count="712" type="cond" truecount="1" falsecount="0"/>
        <line num="161" count="276" type="stmt"/>
        <line num="163" count="712" type="stmt"/>
        <line num="165" count="712" type="stmt"/>
        <line num="171" count="3720" type="stmt"/>
        <line num="172" count="3720" type="cond" truecount="2" falsecount="1"/>
        <line num="173" count="0" type="stmt"/>
        <line num="175" count="3720" type="cond" truecount="3" falsecount="1"/>
        <line num="176" count="0" type="stmt"/>
        <line num="180" count="3720" type="stmt"/>
        <line num="181" count="3720" type="cond" truecount="4" falsecount="0"/>
        <line num="182" count="5" type="stmt"/>
        <line num="186" count="3715" type="stmt"/>
        <line num="188" count="3715" type="stmt"/>
        <line num="189" count="3715" type="stmt"/>
        <line num="190" count="3715" type="cond" truecount="2" falsecount="0"/>
        <line num="193" count="3715" type="stmt"/>
        <line num="194" count="3715" type="stmt"/>
        <line num="195" count="3715" type="cond" truecount="1" falsecount="0"/>
        <line num="196" count="13" type="stmt"/>
        <line num="197" count="13" type="stmt"/>
        <line num="198" count="13" type="stmt"/>
        <line num="200" count="3715" type="cond" truecount="1" falsecount="0"/>
        <line num="201" count="23" type="stmt"/>
        <line num="202" count="23" type="stmt"/>
        <line num="204" count="3715" type="cond" truecount="3" falsecount="0"/>
        <line num="205" count="8" type="stmt"/>
        <line num="206" count="8" type="stmt"/>
        <line num="208" count="3715" type="cond" truecount="3" falsecount="0"/>
        <line num="209" count="6" type="stmt"/>
        <line num="210" count="6" type="stmt"/>
        <line num="214" count="3715" type="cond" truecount="5" falsecount="0"/>
        <line num="215" count="3715" type="cond" truecount="2" falsecount="0"/>
        <line num="224" count="3715" type="stmt"/>
        <line num="225" count="3715" type="cond" truecount="1" falsecount="0"/>
        <line num="226" count="96" type="stmt"/>
        <line num="234" count="3715" type="stmt"/>
        <line num="250" count="3715" type="stmt"/>
        <line num="251" count="3715" type="stmt"/>
        <line num="254" count="3715" type="stmt"/>
        <line num="257" count="3715" type="stmt"/>
        <line num="260" count="3715" type="cond" truecount="1" falsecount="0"/>
        <line num="261" count="3715" type="cond" truecount="1" falsecount="0"/>
        <line num="262" count="3715" type="cond" truecount="3" falsecount="0"/>
        <line num="263" count="3715" type="cond" truecount="3" falsecount="0"/>
        <line num="266" count="5869" type="stmt"/>
        <line num="267" count="3715" type="cond" truecount="1" falsecount="0"/>
        <line num="268" count="3715" type="cond" truecount="1" falsecount="0"/>
        <line num="269" count="3702" type="stmt"/>
        <line num="271" count="3715" type="stmt"/>
        <line num="272" count="3715" type="cond" truecount="3" falsecount="0"/>
        <line num="273" count="3715" type="cond" truecount="3" falsecount="0"/>
        <line num="277" count="9422" type="stmt"/>
        <line num="278" count="3715" type="cond" truecount="1" falsecount="0"/>
        <line num="279" count="3715" type="cond" truecount="1" falsecount="0"/>
        <line num="280" count="3715" type="cond" truecount="2" falsecount="0"/>
        <line num="281" count="13" type="stmt"/>
        <line num="282" count="13" type="stmt"/>
        <line num="283" count="3702" type="cond" truecount="2" falsecount="0"/>
        <line num="284" count="23" type="stmt"/>
        <line num="285" count="23" type="stmt"/>
        <line num="286" count="3679" type="cond" truecount="4" falsecount="0"/>
        <line num="289" count="3665" type="stmt"/>
        <line num="291" count="3715" type="cond" truecount="3" falsecount="0"/>
        <line num="292" count="87" type="stmt"/>
        <line num="297" count="3715" type="stmt"/>
        <line num="298" count="3715" type="cond" truecount="1" falsecount="0"/>
        <line num="299" count="3715" type="stmt"/>
        <line num="300" count="3715" type="cond" truecount="1" falsecount="0"/>
        <line num="301" count="3715" type="cond" truecount="2" falsecount="0"/>
        <line num="302" count="2022" type="stmt"/>
        <line num="304" count="1693" type="stmt"/>
        <line num="306" count="3715" type="cond" truecount="5" falsecount="0"/>
        <line num="307" count="50" type="stmt"/>
        <line num="315" count="3715" type="cond" truecount="4" falsecount="0"/>
        <line num="316" count="3715" type="cond" truecount="1" falsecount="0"/>
        <line num="317" count="664" type="stmt"/>
        <line num="318" count="664" type="stmt"/>
        <line num="319" count="664" type="stmt"/>
        <line num="320" count="664" type="stmt"/>
        <line num="321" count="1373" type="stmt"/>
        <line num="327" count="3715" type="cond" truecount="1" falsecount="0"/>
        <line num="328" count="3679" type="stmt"/>
        <line num="331" count="3679" type="cond" truecount="1" falsecount="0"/>
        <line num="333" count="593" type="cond" truecount="1" falsecount="0"/>
        <line num="334" count="593" type="stmt"/>
        <line num="336" count="593" type="stmt"/>
        <line num="337" count="41488" type="cond" truecount="2" falsecount="0"/>
        <line num="339" count="593" type="stmt"/>
        <line num="340" count="3562" type="stmt"/>
        <line num="342" count="593" type="cond" truecount="1" falsecount="0"/>
        <line num="343" count="593" type="stmt"/>
        <line num="347" count="41488" type="stmt"/>
        <line num="348" count="3562" type="stmt"/>
        <line num="349" count="3562" type="stmt"/>
        <line num="350" count="593" type="stmt"/>
        <line num="359" count="593" type="stmt"/>
        <line num="360" count="593" type="stmt"/>
        <line num="361" count="593" type="stmt"/>
        <line num="364" count="593" type="stmt"/>
        <line num="365" count="593" type="stmt"/>
        <line num="366" count="593" type="stmt"/>
        <line num="367" count="593" type="stmt"/>
        <line num="368" count="1242" type="stmt"/>
        <line num="374" count="3715" type="cond" truecount="1" falsecount="0"/>
        <line num="376" count="96" type="cond" truecount="1" falsecount="0"/>
        <line num="377" count="95" type="stmt"/>
        <line num="380" count="95" type="stmt"/>
        <line num="391" count="416" type="stmt"/>
        <line num="392" count="96" type="cond" truecount="1" falsecount="0"/>
        <line num="393" count="96" type="stmt"/>
        <line num="394" count="96" type="stmt"/>
        <line num="398" count="96" type="cond" truecount="2" falsecount="0"/>
        <line num="399" count="90" type="stmt"/>
        <line num="402" count="6" type="stmt"/>
        <line num="407" count="3715" type="cond" truecount="1" falsecount="1"/>
        <line num="408" count="3715" type="cond" truecount="1" falsecount="1"/>
        <line num="409" count="3715" type="stmt"/>
        <line num="410" count="3715" type="cond" truecount="3" falsecount="0"/>
        <line num="412" count="3715" type="cond" truecount="2" falsecount="0"/>
        <line num="414" count="3715" type="cond" truecount="4" falsecount="0"/>
        <line num="415" count="30" type="stmt"/>
        <line num="416" count="30" type="stmt"/>
        <line num="417" count="30" type="stmt"/>
        <line num="418" count="30" type="stmt"/>
        <line num="421" count="30" type="stmt"/>
        <line num="424" count="3715" type="stmt"/>
        <line num="427" count="3715" type="stmt"/>
        <line num="433" count="3715" type="stmt"/>
        <line num="437" count="21" type="cond" truecount="1" falsecount="0"/>
        <line num="438" count="2" type="stmt"/>
        <line num="441" count="19" type="stmt"/>
        <line num="442" count="19" type="stmt"/>
        <line num="443" count="19" type="stmt"/>
        <line num="444" count="19" type="stmt"/>
        <line num="446" count="19" type="cond" truecount="0" falsecount="1"/>
        <line num="447" count="0" type="stmt"/>
        <line num="448" count="0" type="stmt"/>
        <line num="452" count="19" type="stmt"/>
        <line num="458" count="0" type="cond" truecount="0" falsecount="1"/>
        <line num="459" count="0" type="stmt"/>
        <line num="461" count="0" type="cond" truecount="0" falsecount="1"/>
        <line num="462" count="0" type="stmt"/>
        <line num="465" count="0" type="stmt"/>
        <line num="466" count="0" type="stmt"/>
        <line num="467" count="0" type="stmt"/>
        <line num="469" count="0" type="stmt"/>
        <line num="470" count="0" type="stmt"/>
        <line num="471" count="0" type="stmt"/>
        <line num="472" count="0" type="stmt"/>
        <line num="473" count="0" type="stmt"/>
        <line num="474" count="0" type="stmt"/>
        <line num="475" count="0" type="stmt"/>
        <line num="476" count="0" type="stmt"/>
        <line num="477" count="0" type="stmt"/>
        <line num="479" count="0" type="stmt"/>
        <line num="483" count="15" type="stmt"/>
        <line num="484" count="15" type="cond" truecount="2" falsecount="1"/>
        <line num="485" count="0" type="stmt"/>
        <line num="489" count="15" type="cond" truecount="0" falsecount="1"/>
        <line num="490" count="0" type="stmt"/>
        <line num="491" count="0" type="cond" truecount="0" falsecount="1"/>
        <line num="492" count="0" type="stmt"/>
        <line num="493" count="0" type="stmt"/>
        <line num="494" count="0" type="stmt"/>
        <line num="495" count="0" type="stmt"/>
        <line num="496" count="0" type="stmt"/>
        <line num="497" count="0" type="stmt"/>
        <line num="498" count="0" type="stmt"/>
        <line num="499" count="0" type="stmt"/>
        <line num="500" count="0" type="stmt"/>
        <line num="501" count="0" type="stmt"/>
        <line num="503" count="0" type="stmt"/>
        <line num="506" count="15" type="stmt"/>
        <line num="507" count="15" type="cond" truecount="0" falsecount="1"/>
        <line num="508" count="0" type="stmt"/>
        <line num="512" count="15" type="stmt"/>
        <line num="513" count="15" type="stmt"/>
        <line num="516" count="15" type="stmt"/>
        <line num="517" count="15" type="cond" truecount="3" falsecount="0"/>
        <line num="518" count="11" type="stmt"/>
        <line num="521" count="15" type="cond" truecount="3" falsecount="0"/>
        <line num="522" count="1" type="stmt"/>
        <line num="523" count="3" type="stmt"/>
        <line num="524" count="1" type="stmt"/>
        <line num="525" count="1" type="stmt"/>
        <line num="526" count="3" type="stmt"/>
        <line num="527" count="2" type="stmt"/>
        <line num="528" count="1" type="stmt"/>
        <line num="531" count="15" type="stmt"/>
        <line num="532" count="15" type="stmt"/>
        <line num="539" count="15" type="stmt"/>
        <line num="540" count="15" type="stmt"/>
        <line num="541" count="15" type="stmt"/>
        <line num="542" count="15" type="stmt"/>
        <line num="545" count="15" type="stmt"/>
        <line num="549" count="6" type="cond" truecount="0" falsecount="1"/>
        <line num="550" count="0" type="stmt"/>
        <line num="552" count="6" type="stmt"/>
        <line num="553" count="6" type="stmt"/>
        <line num="554" count="6" type="stmt"/>
        <line num="555" count="6" type="stmt"/>
        <line num="556" count="6" type="stmt"/>
        <line num="557" count="6" type="stmt"/>
        <line num="558" count="6" type="stmt"/>
        <line num="560" count="6" type="stmt"/>
        <line num="564" count="0" type="cond" truecount="0" falsecount="3"/>
        <line num="565" count="0" type="stmt"/>
        <line num="567" count="0" type="cond" truecount="0" falsecount="1"/>
        <line num="568" count="0" type="stmt"/>
        <line num="569" count="0" type="stmt"/>
        <line num="570" count="0" type="cond" truecount="0" falsecount="1"/>
        <line num="571" count="0" type="stmt"/>
        <line num="577" count="69" type="stmt"/>
        <line num="578" count="69" type="stmt"/>
        <line num="579" count="69" type="stmt"/>
        <line num="580" count="69" type="stmt"/>
        <line num="582" count="69" type="cond" truecount="2" falsecount="0"/>
        <line num="583" count="68" type="stmt"/>
        <line num="584" count="68" type="stmt"/>
        <line num="586" count="1" type="stmt"/>
        <line num="589" count="69" type="stmt"/>
        <line num="592" count="69" type="cond" truecount="3" falsecount="0"/>
        <line num="593" count="69" type="stmt"/>
        <line num="598" count="69" type="stmt"/>
        <line num="600" count="69" type="stmt"/>
        <line num="608" count="0" type="stmt"/>
        <line num="609" count="0" type="stmt"/>
        <line num="611" count="0" type="stmt"/>
        <line num="614" count="0" type="stmt"/>
        <line num="615" count="0" type="cond" truecount="0" falsecount="1"/>
        <line num="616" count="0" type="stmt"/>
        <line num="617" count="0" type="stmt"/>
        <line num="621" count="0" type="cond" truecount="0" falsecount="1"/>
        <line num="622" count="0" type="stmt"/>
        <line num="623" count="0" type="stmt"/>
        <line num="634" count="0" type="cond" truecount="0" falsecount="2"/>
        <line num="635" count="0" type="stmt"/>
        <line num="636" count="0" type="cond" truecount="0" falsecount="1"/>
        <line num="637" count="0" type="stmt"/>
        <line num="640" count="0" type="stmt"/>
        <line num="642" count="0" type="stmt"/>
        <line num="646" count="0" type="stmt"/>
        <line num="647" count="0" type="stmt"/>
        <line num="648" count="0" type="cond" truecount="0" falsecount="3"/>
        <line num="649" count="0" type="stmt"/>
        <line num="650" count="0" type="stmt"/>
        <line num="651" count="0" type="stmt"/>
        <line num="652" count="0" type="stmt"/>
        <line num="653" count="0" type="stmt"/>
        <line num="655" count="0" type="stmt"/>
        <line num="657" count="0" type="stmt"/>
        <line num="663" count="30" type="stmt"/>
        <line num="664" count="30" type="stmt"/>
        <line num="665" count="30" type="stmt"/>
        <line num="668" count="30" type="cond" truecount="1" falsecount="2"/>
        <line num="669" count="0" type="stmt"/>
        <line num="670" count="0" type="cond" truecount="0" falsecount="3"/>
        <line num="671" count="0" type="stmt"/>
        <line num="672" count="0" type="stmt"/>
        <line num="673" count="0" type="stmt"/>
        <line num="674" count="0" type="cond" truecount="0" falsecount="2"/>
        <line num="675" count="0" type="stmt"/>
        <line num="676" count="0" type="cond" truecount="0" falsecount="2"/>
        <line num="677" count="0" type="cond" truecount="0" falsecount="2"/>
        <line num="678" count="0" type="stmt"/>
        <line num="680" count="0" type="stmt"/>
        <line num="681" count="0" type="cond" truecount="0" falsecount="2"/>
        <line num="684" count="0" type="stmt"/>
        <line num="687" count="30" type="cond" truecount="1" falsecount="1"/>
        <line num="689" count="30" type="cond" truecount="3" falsecount="0"/>
        <line num="690" count="9" type="stmt"/>
        <line num="691" count="9" type="stmt"/>
        <line num="692" count="9" type="stmt"/>
        <line num="694" count="9" type="cond" truecount="2" falsecount="0"/>
        <line num="695" count="4" type="stmt"/>
        <line num="696" count="4" type="stmt"/>
        <line num="697" count="4" type="cond" truecount="1" falsecount="1"/>
        <line num="698" count="5" type="cond" truecount="2" falsecount="0"/>
        <line num="699" count="2" type="stmt"/>
        <line num="701" count="3" type="stmt"/>
        <line num="702" count="3" type="stmt"/>
        <line num="703" count="3" type="cond" truecount="1" falsecount="1"/>
        <line num="706" count="0" type="cond" truecount="0" falsecount="1"/>
        <line num="708" count="0" type="cond" truecount="0" falsecount="3"/>
        <line num="709" count="0" type="stmt"/>
        <line num="711" count="0" type="stmt"/>
        <line num="712" count="0" type="stmt"/>
        <line num="713" count="0" type="stmt"/>
        <line num="715" count="0" type="cond" truecount="0" falsecount="2"/>
        <line num="716" count="0" type="stmt"/>
        <line num="717" count="0" type="cond" truecount="0" falsecount="2"/>
        <line num="718" count="0" type="stmt"/>
        <line num="719" count="0" type="stmt"/>
        <line num="721" count="0" type="stmt"/>
        <line num="728" count="7" type="cond" truecount="1" falsecount="0"/>
        <line num="729" count="4" type="cond" truecount="1" falsecount="0"/>
        <line num="730" count="0" type="stmt"/>
        <line num="743" count="172" type="stmt"/>
        <line num="774" count="411" type="stmt"/>
        <line num="787" count="276" type="stmt"/>
        <line num="800" count="240" type="stmt"/>
        <line num="813" count="3" type="stmt"/>
        <line num="823" count="158" type="stmt"/>
      </file>
      <file name="types.ts" path="/Users/mrkalakota/Documents/CricketScoringPro/src/engine/types.ts">
        <metrics statements="1" coveredstatements="1" conditionals="0" coveredconditionals="0" methods="0" coveredmethods="0"/>
        <line num="355" count="3" type="stmt"/>
      </file>
    </package>
    <package name="utils">
      <metrics statements="99" coveredstatements="74" conditionals="54" coveredconditionals="28" methods="19" coveredmethods="10"/>
      <file name="commentary.ts" path="/Users/mrkalakota/Documents/CricketScoringPro/src/utils/commentary.ts">
        <metrics statements="67" coveredstatements="62" conditionals="38" coveredconditionals="28" methods="9" coveredmethods="9"/>
        <line num="2" count="1" type="stmt"/>
        <line num="12" count="1" type="stmt"/>
        <line num="13" count="1" type="stmt"/>
        <line num="14" count="1" type="stmt"/>
        <line num="21" count="1" type="stmt"/>
        <line num="30" count="27" type="stmt"/>
        <line num="31" count="160" type="stmt"/>
        <line num="32" count="27" type="stmt"/>
        <line num="36" count="27" type="stmt"/>
        <line num="42" count="122" type="stmt"/>
        <line num="51" count="1" type="stmt"/>
        <line num="52" count="40" type="stmt"/>
        <line num="53" count="40" type="stmt"/>
        <line num="54" count="40" type="stmt"/>
        <line num="57" count="40" type="cond" truecount="1" falsecount="0"/>
        <line num="58" count="6" type="stmt"/>
        <line num="59" count="6" type="cond" truecount="2" falsecount="0"/>
        <line num="60" count="6" type="stmt"/>
        <line num="61" count="6" type="stmt"/>
        <line num="62" count="6" type="stmt"/>
        <line num="65" count="6" type="cond" truecount="6" falsecount="3"/>
        <line num="67" count="1" type="stmt"/>
        <line num="69" count="1" type="cond" truecount="1" falsecount="1"/>
        <line num="73" count="1" type="stmt"/>
        <line num="75" count="1" type="stmt"/>
        <line num="77" count="1" type="cond" truecount="1" falsecount="1"/>
        <line num="81" count="0" type="stmt"/>
        <line num="83" count="0" type="stmt"/>
        <line num="85" count="1" type="stmt"/>
        <line num="87" count="0" type="stmt"/>
        <line num="92" count="34" type="cond" truecount="1" falsecount="0"/>
        <line num="93" count="4" type="stmt"/>
        <line num="94" count="4" type="cond" truecount="1" falsecount="0"/>
        <line num="95" count="2" type="stmt"/>
        <line num="96" count="2" type="cond" truecount="1" falsecount="0"/>
        <line num="97" count="1" type="cond" truecount="1" falsecount="1"/>
        <line num="99" count="1" type="stmt"/>
        <line num="101" count="2" type="cond" truecount="1" falsecount="0"/>
        <line num="102" count="2" type="cond" truecount="1" falsecount="0"/>
        <line num="103" count="1" type="stmt"/>
        <line num="105" count="1" type="stmt"/>
        <line num="110" count="30" type="stmt"/>
        <line num="111" count="30" type="cond" truecount="1" falsecount="0"/>
        <line num="112" count="1" type="cond" truecount="1" falsecount="1"/>
        <line num="114" count="29" type="stmt"/>
        <line num="115" count="29" type="cond" truecount="1" falsecount="0"/>
        <line num="116" count="1" type="cond" truecount="1" falsecount="1"/>
        <line num="120" count="28" type="cond" truecount="1" falsecount="0"/>
        <line num="121" count="11" type="stmt"/>
        <line num="122" count="11" type="stmt"/>
        <line num="125" count="17" type="cond" truecount="3" falsecount="0"/>
        <line num="126" count="4" type="stmt"/>
        <line num="127" count="4" type="stmt"/>
        <line num="130" count="13" type="cond" truecount="0" falsecount="1"/>
        <line num="132" count="0" type="stmt"/>
        <line num="135" count="13" type="cond" truecount="0" falsecount="1"/>
        <line num="136" count="0" type="stmt"/>
        <line num="139" count="13" type="cond" truecount="1" falsecount="0"/>
        <line num="140" count="1" type="stmt"/>
        <line num="143" count="12" type="cond" truecount="1" falsecount="0"/>
        <line num="144" count="1" type="stmt"/>
        <line num="145" count="1" type="stmt"/>
        <line num="149" count="11" type="stmt"/>
        <line num="150" count="11" type="stmt"/>
        <line num="157" count="1" type="stmt"/>
        <line num="162" count="4" type="stmt"/>
        <line num="165" count="9" type="stmt"/>
      </file>
      <file name="constants.ts" path="/Users/mrkalakota/Documents/CricketScoringPro/src/utils/constants.ts">
        <metrics statements="4" coveredstatements="4" conditionals="0" coveredconditionals="0" methods="1" coveredmethods="1"/>
        <line num="1" count="3715" type="stmt"/>
        <line num="3" count="4" type="stmt"/>
        <line num="5" count="4" type="stmt"/>
        <line num="14" count="4" type="stmt"/>
      </file>
      <file name="formatters.ts" path="/Users/mrkalakota/Documents/CricketScoringPro/src/utils/formatters.ts">
        <metrics statements="28" coveredstatements="8" conditionals="16" coveredconditionals="0" methods="9" coveredmethods="0"/>
        <line num="1" count="1" type="stmt"/>
        <line num="4" count="1" type="stmt"/>
        <line num="5" count="0" type="cond" truecount="0" falsecount="2"/>
        <line num="8" count="1" type="stmt"/>
        <line num="9" count="0" type="stmt"/>
        <line num="12" count="1" type="stmt"/>
        <line num="13" count="0" type="cond" truecount="0" falsecount="2"/>
        <line num="14" count="0" type="stmt"/>
        <line num="17" count="1" type="stmt"/>
        <line num="18" count="0" type="stmt"/>
        <line num="21" count="1" type="stmt"/>
        <line num="22" count="0" type="cond" truecount="0" falsecount="1"/>
        <line num="23" count="0" type="cond" truecount="0" falsecount="1"/>
        <line num="24" count="0" type="stmt"/>
        <line num="25" count="0" type="cond" truecount="0" falsecount="1"/>
        <line num="27" count="0" type="stmt"/>
        <line num="28" count="0" type="cond" truecount="0" falsecount="2"/>
        <line num="30" count="0" type="cond" truecount="0" falsecount="3"/>
        <line num="32" count="0" type="cond" truecount="0" falsecount="1"/>
        <line num="33" count="0" type="cond" truecount="0" falsecount="1"/>
        <line num="34" count="0" type="cond" truecount="0" falsecount="1"/>
        <line num="35" count="0" type="stmt"/>
        <line num="38" count="1" type="stmt"/>
        <line num="39" count="0" type="stmt"/>
        <line num="53" count="0" type="stmt"/>
        <line num="56" count="1" type="stmt"/>
        <line num="57" count="0" type="cond" truecount="0" falsecount="1"/>
        <line num="58" count="0" type="stmt"/>
      </file>
    </package>
  </project>
</coverage>
