<?xml version="1.0" encoding="UTF-8"?>
<coverage generated="1776086466563" clover="3.2.0">
  <project timestamp="1776086466563" name="All files">
    <metrics statements="533" coveredstatements="351" conditionals="297" coveredconditionals="184" methods="103" coveredmethods="65" elements="933" coveredelements="600" complexity="0" loc="533" ncloc="533" packages="2" files="6" classes="6"/>
    <package name="engine">
      <metrics statements="410" coveredstatements="272" conditionals="241" coveredconditionals="156" methods="80" coveredmethods="55"/>
      <file name="match-engine.ts" path="/Users/mrkalakota/Documents/CricketScoringPro/src/engine/match-engine.ts">
        <metrics statements="409" coveredstatements="271" conditionals="241" coveredconditionals="156" methods="80" coveredmethods="55"/>
        <line num="1" count="3" type="stmt"/>
        <line num="6" count="3" type="stmt"/>
        <line num="7" count="3887" type="cond" truecount="3" falsecount="0"/>
        <line num="8" count="3887" type="stmt"/>
        <line num="11" count="0" type="stmt"/>
        <line num="12" count="0" type="stmt"/>
        <line num="13" count="0" type="cond" truecount="0" falsecount="2"/>
        <line num="32" count="3" type="stmt"/>
        <line num="33" count="3" type="stmt"/>
        <line num="35" count="3" type="stmt"/>
        <line num="41" count="5163" type="stmt"/>
        <line num="42" count="5163" type="stmt"/>
        <line num="43" count="5163" type="stmt"/>
        <line num="47" count="450" type="stmt"/>
        <line num="51" count="0" type="stmt"/>
        <line num="55" count="10563" type="cond" truecount="2" falsecount="1"/>
        <line num="56" count="0" type="stmt"/>
        <line num="58" count="10563" type="stmt"/>
        <line num="62" count="19" type="stmt"/>
        <line num="63" count="19" type="cond" truecount="0" falsecount="1"/>
        <line num="64" count="22" type="cond" truecount="1" falsecount="1"/>
        <line num="68" count="0" type="stmt"/>
        <line num="69" count="0" type="cond" truecount="0" falsecount="1"/>
        <line num="70" count="0" type="cond" truecount="0" falsecount="2"/>
        <line num="74" count="10" type="stmt"/>
        <line num="75" count="10" type="cond" truecount="0" falsecount="1"/>
        <line num="76" count="10" type="cond" truecount="1" falsecount="1"/>
        <line num="80" count="6" type="stmt"/>
        <line num="81" count="6" type="cond" truecount="0" falsecount="1"/>
        <line num="82" count="6" type="cond" truecount="1" falsecount="1"/>
        <line num="86" count="3730" type="stmt"/>
        <line num="87" count="3730" type="cond" truecount="3" falsecount="0"/>
        <line num="88" count="3576" type="stmt"/>
        <line num="89" count="3576" type="cond" truecount="2" falsecount="0"/>
        <line num="93" count="0" type="stmt"/>
        <line num="94" count="0" type="cond" truecount="0" falsecount="1"/>
        <line num="95" count="0" type="cond" truecount="0" falsecount="2"/>
        <line num="99" count="0" type="cond" truecount="0" falsecount="2"/>
        <line num="103" count="1" type="stmt"/>
        <line num="109" count="142" type="stmt"/>
        <line num="110" count="142" type="stmt"/>
        <line num="111" count="142" type="stmt"/>
        <line num="112" count="142" type="stmt"/>
        <line num="114" count="142" type="stmt"/>
        <line num="118" count="157" type="stmt"/>
        <line num="119" count="157" type="stmt"/>
        <line num="120" count="157" type="stmt"/>
        <line num="127" count="157" type="stmt"/>
        <line num="128" count="157" type="stmt"/>
        <line num="129" count="157" type="stmt"/>
        <line num="131" count="157" type="stmt"/>
        <line num="135" count="171" type="stmt"/>
        <line num="136" count="171" type="stmt"/>
        <line num="137" count="171" type="stmt"/>
        <line num="138" count="171" type="stmt"/>
        <line num="139" count="171" type="stmt"/>
        <line num="143" count="171" type="stmt"/>
        <line num="144" count="171" type="stmt"/>
        <line num="146" count="171" type="stmt"/>
        <line num="150" count="717" type="stmt"/>
        <line num="151" count="717" type="cond" truecount="0" falsecount="1"/>
        <line num="154" count="717" type="cond" truecount="1" falsecount="0"/>
        <line num="155" count="546" type="stmt"/>
        <line num="156" count="546" type="cond" truecount="1" falsecount="0"/>
        <line num="157" count="2" type="stmt"/>
        <line num="162" count="715" type="stmt"/>
        <line num="163" count="715" type="cond" truecount="1" falsecount="0"/>
        <line num="164" count="637" type="stmt"/>
        <line num="165" count="1251" type="stmt"/>
        <line num="166" count="637" type="cond" truecount="3" falsecount="0"/>
        <line num="167" count="3" type="stmt"/>
        <line num="171" count="712" type="stmt"/>
        <line num="172" count="712" type="stmt"/>
        <line num="173" count="712" type="stmt"/>
        <line num="174" count="1392" type="stmt"/>
        <line num="175" count="712" type="cond" truecount="1" falsecount="0"/>
        <line num="176" count="276" type="stmt"/>
        <line num="178" count="712" type="stmt"/>
        <line num="180" count="712" type="stmt"/>
        <line num="186" count="3720" type="stmt"/>
        <line num="187" count="3720" type="cond" truecount="2" falsecount="1"/>
        <line num="188" count="0" type="stmt"/>
        <line num="190" count="3720" type="cond" truecount="3" falsecount="1"/>
        <line num="191" count="0" type="stmt"/>
        <line num="195" count="3720" type="stmt"/>
        <line num="196" count="3720" type="cond" truecount="4" falsecount="0"/>
        <line num="197" count="5" type="stmt"/>
        <line num="201" count="3715" type="stmt"/>
        <line num="203" count="3715" type="stmt"/>
        <line num="204" count="3715" type="stmt"/>
        <line num="205" count="3715" type="cond" truecount="2" falsecount="0"/>
        <line num="208" count="3715" type="stmt"/>
        <line num="209" count="3715" type="stmt"/>
        <line num="210" count="3715" type="cond" truecount="1" falsecount="0"/>
        <line num="211" count="13" type="stmt"/>
        <line num="212" count="13" type="stmt"/>
        <line num="213" count="13" type="stmt"/>
        <line num="215" count="3715" type="cond" truecount="1" falsecount="0"/>
        <line num="216" count="23" type="stmt"/>
        <line num="217" count="23" type="stmt"/>
        <line num="219" count="3715" type="cond" truecount="3" falsecount="0"/>
        <line num="220" count="8" type="stmt"/>
        <line num="221" count="8" type="stmt"/>
        <line num="223" count="3715" type="cond" truecount="3" falsecount="0"/>
        <line num="224" count="6" type="stmt"/>
        <line num="225" count="6" type="stmt"/>
        <line num="229" count="3715" type="cond" truecount="5" falsecount="0"/>
        <line num="230" count="3715" type="cond" truecount="2" falsecount="0"/>
        <line num="239" count="3715" type="stmt"/>
        <line num="240" count="3715" type="cond" truecount="1" falsecount="0"/>
        <line num="241" count="96" type="stmt"/>
        <line num="249" count="3715" type="stmt"/>
        <line num="266" count="3715" type="stmt"/>
        <line num="267" count="3715" type="stmt"/>
        <line num="270" count="3715" type="stmt"/>
        <line num="273" count="3715" type="stmt"/>
        <line num="276" count="3715" type="cond" truecount="1" falsecount="0"/>
        <line num="277" count="3715" type="cond" truecount="1" falsecount="0"/>
        <line num="278" count="3715" type="cond" truecount="3" falsecount="0"/>
        <line num="279" count="3715" type="cond" truecount="3" falsecount="0"/>
        <line num="282" count="5869" type="stmt"/>
        <line num="283" count="3715" type="cond" truecount="1" falsecount="0"/>
        <line num="284" count="3715" type="cond" truecount="1" falsecount="0"/>
        <line num="285" count="3702" type="stmt"/>
        <line num="287" count="3715" type="stmt"/>
        <line num="288" count="3715" type="cond" truecount="3" falsecount="0"/>
        <line num="289" count="3715" type="cond" truecount="3" falsecount="0"/>
        <line num="293" count="9422" type="stmt"/>
        <line num="294" count="3715" type="cond" truecount="1" falsecount="0"/>
        <line num="295" count="3715" type="cond" truecount="1" falsecount="0"/>
        <line num="296" count="3715" type="cond" truecount="2" falsecount="0"/>
        <line num="297" count="13" type="stmt"/>
        <line num="298" count="13" type="stmt"/>
        <line num="299" count="3702" type="cond" truecount="2" falsecount="0"/>
        <line num="300" count="23" type="stmt"/>
        <line num="301" count="23" type="stmt"/>
        <line num="302" count="3679" type="cond" truecount="4" falsecount="0"/>
        <line num="305" count="3665" type="stmt"/>
        <line num="307" count="3715" type="cond" truecount="3" falsecount="0"/>
        <line num="308" count="87" type="stmt"/>
        <line num="313" count="3715" type="stmt"/>
        <line num="314" count="3715" type="cond" truecount="1" falsecount="0"/>
        <line num="315" count="3715" type="stmt"/>
        <line num="316" count="3715" type="cond" truecount="1" falsecount="0"/>
        <line num="317" count="3715" type="cond" truecount="2" falsecount="0"/>
        <line num="318" count="2022" type="stmt"/>
        <line num="320" count="1693" type="stmt"/>
        <line num="322" count="3715" type="cond" truecount="5" falsecount="0"/>
        <line num="323" count="50" type="stmt"/>
        <line num="331" count="3715" type="cond" truecount="4" falsecount="0"/>
        <line num="332" count="3715" type="cond" truecount="1" falsecount="0"/>
        <line num="333" count="664" type="stmt"/>
        <line num="334" count="664" type="stmt"/>
        <line num="335" count="664" type="stmt"/>
        <line num="336" count="664" type="stmt"/>
        <line num="337" count="1373" type="stmt"/>
        <line num="343" count="3715" type="cond" truecount="1" falsecount="0"/>
        <line num="344" count="3679" type="stmt"/>
        <line num="347" count="3679" type="cond" truecount="1" falsecount="0"/>
        <line num="349" count="593" type="cond" truecount="1" falsecount="0"/>
        <line num="350" count="593" type="stmt"/>
        <line num="352" count="593" type="stmt"/>
        <line num="353" count="41488" type="cond" truecount="2" falsecount="0"/>
        <line num="355" count="593" type="stmt"/>
        <line num="356" count="3562" type="stmt"/>
        <line num="358" count="593" type="cond" truecount="1" falsecount="0"/>
        <line num="359" count="593" type="stmt"/>
        <line num="363" count="41488" type="stmt"/>
        <line num="364" count="3562" type="stmt"/>
        <line num="365" count="3562" type="stmt"/>
        <line num="366" count="593" type="stmt"/>
        <line num="375" count="593" type="stmt"/>
        <line num="376" count="593" type="stmt"/>
        <line num="377" count="593" type="stmt"/>
        <line num="380" count="593" type="stmt"/>
        <line num="381" count="593" type="stmt"/>
        <line num="382" count="593" type="stmt"/>
        <line num="383" count="593" type="stmt"/>
        <line num="384" count="1242" type="stmt"/>
        <line num="390" count="3715" type="cond" truecount="1" falsecount="0"/>
        <line num="392" count="96" type="cond" truecount="1" falsecount="0"/>
        <line num="393" count="95" type="stmt"/>
        <line num="396" count="95" type="stmt"/>
        <line num="407" count="416" type="stmt"/>
        <line num="408" count="96" type="cond" truecount="1" falsecount="0"/>
        <line num="409" count="96" type="stmt"/>
        <line num="410" count="96" type="stmt"/>
        <line num="414" count="96" type="cond" truecount="2" falsecount="0"/>
        <line num="415" count="90" type="stmt"/>
        <line num="418" count="6" type="stmt"/>
        <line num="423" count="3715" type="cond" truecount="1" falsecount="1"/>
        <line num="424" count="3715" type="cond" truecount="1" falsecount="1"/>
        <line num="425" count="3715" type="stmt"/>
        <line num="426" count="3715" type="cond" truecount="3" falsecount="0"/>
        <line num="428" count="3715" type="cond" truecount="2" falsecount="0"/>
        <line num="430" count="3715" type="cond" truecount="4" falsecount="0"/>
        <line num="431" count="30" type="stmt"/>
        <line num="432" count="30" type="stmt"/>
        <line num="433" count="30" type="stmt"/>
        <line num="434" count="30" type="stmt"/>
        <line num="437" count="30" type="stmt"/>
        <line num="440" count="3715" type="stmt"/>
        <line num="443" count="3715" type="stmt"/>
        <line num="449" count="3715" type="stmt"/>
        <line num="453" count="21" type="cond" truecount="1" falsecount="0"/>
        <line num="454" count="2" type="stmt"/>
        <line num="457" count="19" type="stmt"/>
        <line num="458" count="19" type="stmt"/>
        <line num="459" count="19" type="stmt"/>
        <line num="460" count="19" type="stmt"/>
        <line num="462" count="19" type="cond" truecount="0" falsecount="1"/>
        <line num="463" count="0" type="stmt"/>
        <line num="464" count="0" type="stmt"/>
        <line num="468" count="19" type="stmt"/>
        <line num="474" count="0" type="cond" truecount="0" falsecount="1"/>
        <line num="475" count="0" type="stmt"/>
        <line num="477" count="0" type="cond" truecount="0" falsecount="1"/>
        <line num="478" count="0" type="stmt"/>
        <line num="481" count="0" type="stmt"/>
        <line num="482" count="0" type="stmt"/>
        <line num="483" count="0" type="stmt"/>
        <line num="485" count="0" type="stmt"/>
        <line num="486" count="0" type="stmt"/>
        <line num="487" count="0" type="stmt"/>
        <line num="488" count="0" type="stmt"/>
        <line num="489" count="0" type="stmt"/>
        <line num="490" count="0" type="stmt"/>
        <line num="491" count="0" type="stmt"/>
        <line num="492" count="0" type="stmt"/>
        <line num="493" count="0" type="stmt"/>
        <line num="495" count="0" type="stmt"/>
        <line num="499" count="15" type="stmt"/>
        <line num="500" count="15" type="cond" truecount="2" falsecount="1"/>
        <line num="501" count="0" type="stmt"/>
        <line num="505" count="15" type="cond" truecount="0" falsecount="1"/>
        <line num="506" count="0" type="stmt"/>
        <line num="507" count="0" type="cond" truecount="0" falsecount="1"/>
        <line num="508" count="0" type="stmt"/>
        <line num="509" count="0" type="stmt"/>
        <line num="510" count="0" type="stmt"/>
        <line num="511" count="0" type="stmt"/>
        <line num="512" count="0" type="stmt"/>
        <line num="513" count="0" type="stmt"/>
        <line num="514" count="0" type="stmt"/>
        <line num="515" count="0" type="stmt"/>
        <line num="516" count="0" type="stmt"/>
        <line num="517" count="0" type="stmt"/>
        <line num="519" count="0" type="stmt"/>
        <line num="522" count="15" type="stmt"/>
        <line num="523" count="15" type="cond" truecount="0" falsecount="1"/>
        <line num="524" count="0" type="stmt"/>
        <line num="528" count="15" type="stmt"/>
        <line num="529" count="15" type="stmt"/>
        <line num="532" count="15" type="stmt"/>
        <line num="533" count="15" type="cond" truecount="3" falsecount="0"/>
        <line num="534" count="11" type="stmt"/>
        <line num="537" count="15" type="cond" truecount="3" falsecount="0"/>
        <line num="538" count="1" type="stmt"/>
        <line num="539" count="3" type="stmt"/>
        <line num="540" count="1" type="stmt"/>
        <line num="541" count="1" type="stmt"/>
        <line num="542" count="3" type="stmt"/>
        <line num="543" count="2" type="stmt"/>
        <line num="544" count="1" type="stmt"/>
        <line num="547" count="15" type="stmt"/>
        <line num="548" count="15" type="stmt"/>
        <line num="555" count="15" type="stmt"/>
        <line num="556" count="15" type="stmt"/>
        <line num="557" count="15" type="stmt"/>
        <line num="558" count="15" type="stmt"/>
        <line num="561" count="15" type="stmt"/>
        <line num="565" count="6" type="cond" truecount="0" falsecount="1"/>
        <line num="566" count="0" type="stmt"/>
        <line num="568" count="6" type="stmt"/>
        <line num="569" count="6" type="stmt"/>
        <line num="570" count="6" type="stmt"/>
        <line num="571" count="6" type="stmt"/>
        <line num="572" count="6" type="stmt"/>
        <line num="573" count="6" type="stmt"/>
        <line num="574" count="6" type="stmt"/>
        <line num="576" count="6" type="stmt"/>
        <line num="581" count="0" type="stmt"/>
        <line num="582" count="0" type="stmt"/>
        <line num="583" count="0" type="cond" truecount="0" falsecount="3"/>
        <line num="584" count="0" type="stmt"/>
        <line num="585" count="0" type="stmt"/>
        <line num="586" count="0" type="stmt"/>
        <line num="587" count="0" type="stmt"/>
        <line num="589" count="0" type="stmt"/>
        <line num="590" count="0" type="stmt"/>
        <line num="591" count="0" type="stmt"/>
        <line num="593" count="0" type="stmt"/>
        <line num="605" count="0" type="stmt"/>
        <line num="606" count="0" type="cond" truecount="0" falsecount="3"/>
        <line num="607" count="0" type="stmt"/>
        <line num="609" count="0" type="stmt"/>
        <line num="610" count="0" type="cond" truecount="0" falsecount="1"/>
        <line num="612" count="0" type="cond" truecount="0" falsecount="2"/>
        <line num="615" count="0" type="cond" truecount="0" falsecount="2"/>
        <line num="616" count="0" type="cond" truecount="0" falsecount="3"/>
        <line num="617" count="0" type="stmt"/>
        <line num="619" count="0" type="stmt"/>
        <line num="628" count="0" type="stmt"/>
        <line num="629" count="0" type="stmt"/>
        <line num="630" count="0" type="stmt"/>
        <line num="631" count="0" type="stmt"/>
        <line num="632" count="0" type="stmt"/>
        <line num="633" count="0" type="cond" truecount="0" falsecount="2"/>
        <line num="634" count="0" type="stmt"/>
        <line num="635" count="0" type="stmt"/>
        <line num="637" count="0" type="stmt"/>
        <line num="641" count="0" type="cond" truecount="0" falsecount="3"/>
        <line num="642" count="0" type="stmt"/>
        <line num="644" count="0" type="cond" truecount="0" falsecount="1"/>
        <line num="645" count="0" type="stmt"/>
        <line num="646" count="0" type="stmt"/>
        <line num="647" count="0" type="cond" truecount="0" falsecount="1"/>
        <line num="648" count="0" type="stmt"/>
        <line num="654" count="69" type="stmt"/>
        <line num="655" count="69" type="stmt"/>
        <line num="656" count="69" type="stmt"/>
        <line num="657" count="69" type="stmt"/>
        <line num="659" count="69" type="cond" truecount="2" falsecount="0"/>
        <line num="660" count="68" type="stmt"/>
        <line num="661" count="68" type="stmt"/>
        <line num="663" count="1" type="stmt"/>
        <line num="666" count="69" type="stmt"/>
        <line num="669" count="69" type="cond" truecount="3" falsecount="0"/>
        <line num="670" count="69" type="stmt"/>
        <line num="675" count="69" type="stmt"/>
        <line num="677" count="69" type="stmt"/>
        <line num="685" count="0" type="stmt"/>
        <line num="686" count="0" type="stmt"/>
        <line num="688" count="0" type="stmt"/>
        <line num="691" count="0" type="stmt"/>
        <line num="692" count="0" type="cond" truecount="0" falsecount="1"/>
        <line num="693" count="0" type="stmt"/>
        <line num="694" count="0" type="stmt"/>
        <line num="698" count="0" type="cond" truecount="0" falsecount="1"/>
        <line num="699" count="0" type="stmt"/>
        <line num="700" count="0" type="stmt"/>
        <line num="711" count="0" type="cond" truecount="0" falsecount="2"/>
        <line num="712" count="0" type="stmt"/>
        <line num="713" count="0" type="cond" truecount="0" falsecount="1"/>
        <line num="714" count="0" type="stmt"/>
        <line num="717" count="0" type="stmt"/>
        <line num="719" count="0" type="stmt"/>
        <line num="723" count="0" type="stmt"/>
        <line num="724" count="0" type="stmt"/>
        <line num="725" count="0" type="cond" truecount="0" falsecount="3"/>
        <line num="726" count="0" type="stmt"/>
        <line num="727" count="0" type="stmt"/>
        <line num="728" count="0" type="stmt"/>
        <line num="729" count="0" type="stmt"/>
        <line num="730" count="0" type="stmt"/>
        <line num="732" count="0" type="stmt"/>
        <line num="734" count="0" type="stmt"/>
        <line num="740" count="30" type="stmt"/>
        <line num="741" count="30" type="stmt"/>
        <line num="742" count="30" type="stmt"/>
        <line num="745" count="30" type="cond" truecount="1" falsecount="2"/>
        <line num="746" count="0" type="stmt"/>
        <line num="747" count="0" type="cond" truecount="0" falsecount="3"/>
        <line num="748" count="0" type="stmt"/>
        <line num="749" count="0" type="stmt"/>
        <line num="750" count="0" type="stmt"/>
        <line num="751" count="0" type="cond" truecount="0" falsecount="2"/>
        <line num="752" count="0" type="stmt"/>
        <line num="753" count="0" type="cond" truecount="0" falsecount="2"/>
        <line num="754" count="0" type="cond" truecount="0" falsecount="2"/>
        <line num="755" count="0" type="stmt"/>
        <line num="757" count="0" type="stmt"/>
        <line num="758" count="0" type="cond" truecount="0" falsecount="2"/>
        <line num="761" count="0" type="stmt"/>
        <line num="764" count="30" type="cond" truecount="1" falsecount="1"/>
        <line num="766" count="30" type="cond" truecount="3" falsecount="0"/>
        <line num="767" count="9" type="stmt"/>
        <line num="768" count="9" type="stmt"/>
        <line num="769" count="9" type="stmt"/>
        <line num="771" count="9" type="cond" truecount="2" falsecount="0"/>
        <line num="772" count="4" type="stmt"/>
        <line num="773" count="4" type="stmt"/>
        <line num="774" count="4" type="cond" truecount="1" falsecount="1"/>
        <line num="775" count="5" type="cond" truecount="2" falsecount="0"/>
        <line num="776" count="2" type="stmt"/>
        <line num="778" count="3" type="stmt"/>
        <line num="779" count="3" type="stmt"/>
        <line num="780" count="3" type="cond" truecount="1" falsecount="1"/>
        <line num="783" count="0" type="cond" truecount="0" falsecount="1"/>
        <line num="785" count="0" type="cond" truecount="0" falsecount="3"/>
        <line num="786" count="0" type="stmt"/>
        <line num="788" count="0" type="stmt"/>
        <line num="789" count="0" type="stmt"/>
        <line num="790" count="0" type="stmt"/>
        <line num="792" count="0" type="cond" truecount="0" falsecount="2"/>
        <line num="793" count="0" type="stmt"/>
        <line num="794" count="0" type="cond" truecount="0" falsecount="2"/>
        <line num="795" count="0" type="stmt"/>
        <line num="796" count="0" type="stmt"/>
        <line num="798" count="0" type="stmt"/>
        <line num="805" count="7" type="cond" truecount="1" falsecount="0"/>
        <line num="806" count="4" type="cond" truecount="1" falsecount="0"/>
        <line num="807" count="0" type="stmt"/>
        <line num="820" count="172" type="stmt"/>
        <line num="851" count="411" type="stmt"/>
        <line num="864" count="276" type="stmt"/>
        <line num="877" count="240" type="stmt"/>
        <line num="890" count="3" type="stmt"/>
        <line num="900" count="158" type="stmt"/>
      </file>
      <file name="types.ts" path="/Users/mrkalakota/Documents/CricketScoringPro/src/engine/types.ts">
        <metrics statements="1" coveredstatements="1" conditionals="0" coveredconditionals="0" methods="0" coveredmethods="0"/>
        <line num="375" count="3" type="stmt"/>
      </file>
    </package>
    <package name="utils">
      <metrics statements="123" coveredstatements="79" conditionals="56" coveredconditionals="28" methods="23" coveredmethods="10"/>
      <file name="commentary.ts" path="/Users/mrkalakota/Documents/CricketScoringPro/src/utils/commentary.ts">
        <metrics statements="67" coveredstatements="62" conditionals="38" coveredconditionals="28" methods="9" coveredmethods="9"/>
        <line num="2" count="1" type="stmt"/>
        <line num="12" count="1" type="stmt"/>
        <line num="13" count="1" type="stmt"/>
        <line num="14" count="1" type="stmt"/>
        <line num="21" count="1" type="stmt"/>
        <line num="30" count="27" type="stmt"/>
        <line num="31" count="160" type="stmt"/>
        <line num="32" count="27" type="stmt"/>
        <line num="36" count="27" type="stmt"/>
        <line num="42" count="122" type="stmt"/>
        <line num="51" count="1" type="stmt"/>
        <line num="52" count="40" type="stmt"/>
        <line num="53" count="40" type="stmt"/>
        <line num="54" count="40" type="stmt"/>
        <line num="57" count="40" type="cond" truecount="1" falsecount="0"/>
        <line num="58" count="6" type="stmt"/>
        <line num="59" count="6" type="cond" truecount="2" falsecount="0"/>
        <line num="60" count="6" type="stmt"/>
        <line num="61" count="6" type="stmt"/>
        <line num="62" count="6" type="stmt"/>
        <line num="65" count="6" type="cond" truecount="6" falsecount="3"/>
        <line num="67" count="1" type="stmt"/>
        <line num="69" count="1" type="cond" truecount="1" falsecount="1"/>
        <line num="73" count="1" type="stmt"/>
        <line num="75" count="1" type="stmt"/>
        <line num="77" count="1" type="cond" truecount="1" falsecount="1"/>
        <line num="81" count="0" type="stmt"/>
        <line num="83" count="0" type="stmt"/>
        <line num="85" count="1" type="stmt"/>
        <line num="87" count="0" type="stmt"/>
        <line num="92" count="34" type="cond" truecount="1" falsecount="0"/>
        <line num="93" count="4" type="stmt"/>
        <line num="94" count="4" type="cond" truecount="1" falsecount="0"/>
        <line num="95" count="2" type="stmt"/>
        <line num="96" count="2" type="cond" truecount="1" falsecount="0"/>
        <line num="97" count="1" type="cond" truecount="1" falsecount="1"/>
        <line num="99" count="1" type="stmt"/>
        <line num="101" count="2" type="cond" truecount="1" falsecount="0"/>
        <line num="102" count="2" type="cond" truecount="1" falsecount="0"/>
        <line num="103" count="1" type="stmt"/>
        <line num="105" count="1" type="stmt"/>
        <line num="110" count="30" type="stmt"/>
        <line num="111" count="30" type="cond" truecount="1" falsecount="0"/>
        <line num="112" count="1" type="cond" truecount="1" falsecount="1"/>
        <line num="114" count="29" type="stmt"/>
        <line num="115" count="29" type="cond" truecount="1" falsecount="0"/>
        <line num="116" count="1" type="cond" truecount="1" falsecount="1"/>
        <line num="120" count="28" type="cond" truecount="1" falsecount="0"/>
        <line num="121" count="11" type="stmt"/>
        <line num="122" count="11" type="stmt"/>
        <line num="125" count="17" type="cond" truecount="3" falsecount="0"/>
        <line num="126" count="4" type="stmt"/>
        <line num="127" count="4" type="stmt"/>
        <line num="130" count="13" type="cond" truecount="0" falsecount="1"/>
        <line num="132" count="0" type="stmt"/>
        <line num="135" count="13" type="cond" truecount="0" falsecount="1"/>
        <line num="136" count="0" type="stmt"/>
        <line num="139" count="13" type="cond" truecount="1" falsecount="0"/>
        <line num="140" count="1" type="stmt"/>
        <line num="143" count="12" type="cond" truecount="1" falsecount="0"/>
        <line num="144" count="1" type="stmt"/>
        <line num="145" count="1" type="stmt"/>
        <line num="149" count="11" type="stmt"/>
        <line num="150" count="11" type="stmt"/>
        <line num="157" count="1" type="stmt"/>
        <line num="162" count="4" type="stmt"/>
        <line num="165" count="9" type="stmt"/>
      </file>
      <file name="constants.ts" path="/Users/mrkalakota/Documents/CricketScoringPro/src/utils/constants.ts">
        <metrics statements="4" coveredstatements="4" conditionals="0" coveredconditionals="0" methods="1" coveredmethods="1"/>
        <line num="1" count="3715" type="stmt"/>
        <line num="3" count="4" type="stmt"/>
        <line num="5" count="4" type="stmt"/>
        <line num="14" count="4" type="stmt"/>
      </file>
      <file name="dls-calculator.ts" path="/Users/mrkalakota/Documents/CricketScoringPro/src/utils/dls-calculator.ts">
        <metrics statements="24" coveredstatements="5" conditionals="2" coveredconditionals="0" methods="4" coveredmethods="0"/>
        <line num="13" count="3" type="stmt"/>
        <line num="37" count="3" type="stmt"/>
        <line num="38" count="0" type="stmt"/>
        <line num="39" count="0" type="stmt"/>
        <line num="40" count="0" type="stmt"/>
        <line num="52" count="3" type="stmt"/>
        <line num="59" count="0" type="stmt"/>
        <line num="60" count="0" type="stmt"/>
        <line num="61" count="0" type="stmt"/>
        <line num="62" count="0" type="stmt"/>
        <line num="64" count="0" type="stmt"/>
        <line num="65" count="0" type="stmt"/>
        <line num="79" count="3" type="stmt"/>
        <line num="87" count="0" type="stmt"/>
        <line num="88" count="0" type="stmt"/>
        <line num="89" count="0" type="stmt"/>
        <line num="90" count="0" type="stmt"/>
        <line num="91" count="0" type="stmt"/>
        <line num="92" count="0" type="stmt"/>
        <line num="104" count="3" type="stmt"/>
        <line num="110" count="0" type="stmt"/>
        <line num="111" count="0" type="stmt"/>
        <line num="112" count="0" type="stmt"/>
        <line num="113" count="0" type="stmt"/>
      </file>
      <file name="formatters.ts" path="/Users/mrkalakota/Documents/CricketScoringPro/src/utils/formatters.ts">
        <metrics statements="28" coveredstatements="8" conditionals="16" coveredconditionals="0" methods="9" coveredmethods="0"/>
        <line num="1" count="1" type="stmt"/>
        <line num="4" count="1" type="stmt"/>
        <line num="5" count="0" type="cond" truecount="0" falsecount="2"/>
        <line num="8" count="1" type="stmt"/>
        <line num="9" count="0" type="stmt"/>
        <line num="12" count="1" type="stmt"/>
        <line num="13" count="0" type="cond" truecount="0" falsecount="2"/>
        <line num="14" count="0" type="stmt"/>
        <line num="17" count="1" type="stmt"/>
        <line num="18" count="0" type="stmt"/>
        <line num="21" count="1" type="stmt"/>
        <line num="22" count="0" type="cond" truecount="0" falsecount="1"/>
        <line num="23" count="0" type="cond" truecount="0" falsecount="1"/>
        <line num="24" count="0" type="stmt"/>
        <line num="25" count="0" type="cond" truecount="0" falsecount="1"/>
        <line num="27" count="0" type="stmt"/>
        <line num="28" count="0" type="cond" truecount="0" falsecount="2"/>
        <line num="30" count="0" type="cond" truecount="0" falsecount="3"/>
        <line num="32" count="0" type="cond" truecount="0" falsecount="1"/>
        <line num="33" count="0" type="cond" truecount="0" falsecount="1"/>
        <line num="34" count="0" type="cond" truecount="0" falsecount="1"/>
        <line num="35" count="0" type="stmt"/>
        <line num="38" count="1" type="stmt"/>
        <line num="39" count="0" type="stmt"/>
        <line num="53" count="0" type="stmt"/>
        <line num="56" count="1" type="stmt"/>
        <line num="57" count="0" type="cond" truecount="0" falsecount="1"/>
        <line num="58" count="0" type="stmt"/>
      </file>
    </package>
  </project>
</coverage>
