{"/Users/mrkalakota/Documents/CricketScoringPro/src/engine/match-engine.ts": {"path":"/Users/mrkalakota/Documents/CricketScoringPro/src/engine/match-engine.ts","statementMap":{"0":{"start":{"line":813,"column":0},"end":{"line":813,"column":16}},"1":{"start":{"line":1,"column":0},"end":{"line":1,"column":38}},"2":{"start":{"line":2,"column":15},"end":{"line":2,"column":40}},"3":{"start":{"line":2,"column":21},"end":{"line":2,"column":40}},"4":{"start":{"line":3,"column":0},"end":{"line":3,"column":32}},"5":{"start":{"line":20,"column":0},"end":{"line":20,"column":144}},"6":{"start":{"line":27,"column":4},"end":{"line":27,"column":23}},"7":{"start":{"line":28,"column":4},"end":{"line":28,"column":31}},"8":{"start":{"line":32,"column":4},"end":{"line":32,"column":22}},"9":{"start":{"line":36,"column":4},"end":{"line":36,"column":26}},"10":{"start":{"line":40,"column":4},"end":{"line":42,"column":5}},"11":{"start":{"line":41,"column":6},"end":{"line":41,"column":18}},"12":{"start":{"line":43,"column":4},"end":{"line":43,"column":62}},"13":{"start":{"line":47,"column":20},"end":{"line":47,"column":44}},"14":{"start":{"line":48,"column":4},"end":{"line":48,"column":48}},"15":{"start":{"line":48,"column":36},"end":{"line":48,"column":48}},"16":{"start":{"line":49,"column":4},"end":{"line":49,"column":86}},"17":{"start":{"line":49,"column":37},"end":{"line":49,"column":76}},"18":{"start":{"line":53,"column":20},"end":{"line":53,"column":44}},"19":{"start":{"line":54,"column":4},"end":{"line":54,"column":51}},"20":{"start":{"line":54,"column":39},"end":{"line":54,"column":51}},"21":{"start":{"line":55,"column":4},"end":{"line":55,"column":89}},"22":{"start":{"line":55,"column":37},"end":{"line":55,"column":79}},"23":{"start":{"line":59,"column":20},"end":{"line":59,"column":44}},"24":{"start":{"line":60,"column":4},"end":{"line":60,"column":47}},"25":{"start":{"line":60,"column":35},"end":{"line":60,"column":47}},"26":{"start":{"line":61,"column":4},"end":{"line":61,"column":85}},"27":{"start":{"line":61,"column":37},"end":{"line":61,"column":75}},"28":{"start":{"line":65,"column":20},"end":{"line":65,"column":44}},"29":{"start":{"line":66,"column":4},"end":{"line":66,"column":30}},"30":{"start":{"line":66,"column":18},"end":{"line":66,"column":30}},"31":{"start":{"line":67,"column":4},"end":{"line":67,"column":73}},"32":{"start":{"line":71,"column":20},"end":{"line":71,"column":44}},"33":{"start":{"line":72,"column":4},"end":{"line":72,"column":64}},"34":{"start":{"line":72,"column":51},"end":{"line":72,"column":64}},"35":{"start":{"line":73,"column":21},"end":{"line":73,"column":66}},"36":{"start":{"line":74,"column":4},"end":{"line":74,"column":80}},"37":{"start":{"line":74,"column":58},"end":{"line":74,"column":78}},"38":{"start":{"line":78,"column":20},"end":{"line":78,"column":44}},"39":{"start":{"line":79,"column":4},"end":{"line":79,"column":30}},"40":{"start":{"line":79,"column":18},"end":{"line":79,"column":30}},"41":{"start":{"line":80,"column":4},"end":{"line":80,"column":75}},"42":{"start":{"line":84,"column":4},"end":{"line":84,"column":82}},"43":{"start":{"line":88,"column":4},"end":{"line":88,"column":37}},"44":{"start":{"line":94,"column":21},"end":{"line":98,"column":6}},"45":{"start":{"line":95,"column":6},"end":{"line":95,"column":24}},"46":{"start":{"line":96,"column":6},"end":{"line":96,"column":28}},"47":{"start":{"line":97,"column":6},"end":{"line":97,"column":35}},"48":{"start":{"line":99,"column":4},"end":{"line":99,"column":53}},"49":{"start":{"line":103,"column":21},"end":{"line":115,"column":6}},"50":{"start":{"line":104,"column":6},"end":{"line":104,"column":35}},"51":{"start":{"line":105,"column":22},"end":{"line":110,"column":null}},"52":{"start":{"line":112,"column":6},"end":{"line":112,"column":32}},"53":{"start":{"line":113,"column":6},"end":{"line":113,"column":36}},"54":{"start":{"line":114,"column":6},"end":{"line":114,"column":35}},"55":{"start":{"line":116,"column":4},"end":{"line":116,"column":41}},"56":{"start":{"line":120,"column":21},"end":{"line":130,"column":6}},"57":{"start":{"line":121,"column":22},"end":{"line":121,"column":62}},"58":{"start":{"line":122,"column":6},"end":{"line":122,"column":43}},"59":{"start":{"line":123,"column":6},"end":{"line":123,"column":49}},"60":{"start":{"line":124,"column":6},"end":{"line":127,"column":8}},"61":{"start":{"line":128,"column":6},"end":{"line":128,"column":74}},"62":{"start":{"line":129,"column":6},"end":{"line":129,"column":35}},"63":{"start":{"line":131,"column":4},"end":{"line":131,"column":53}},"64":{"start":{"line":135,"column":20},"end":{"line":135,"column":44}},"65":{"start":{"line":136,"column":4},"end":{"line":136,"column":55}},"66":{"start":{"line":136,"column":18},"end":{"line":136,"column":55}},"67":{"start":{"line":139,"column":4},"end":{"line":144,"column":5}},"68":{"start":{"line":140,"column":23},"end":{"line":140,"column":62}},"69":{"start":{"line":141,"column":6},"end":{"line":143,"column":7}},"70":{"start":{"line":142,"column":8},"end":{"line":142,"column":69}},"71":{"start":{"line":147,"column":32},"end":{"line":147,"column":49}},"72":{"start":{"line":148,"column":4},"end":{"line":154,"column":5}},"73":{"start":{"line":149,"column":32},"end":{"line":149,"column":63}},"74":{"start":{"line":150,"column":29},"end":{"line":150,"column":79}},"75":{"start":{"line":150,"column":55},"end":{"line":150,"column":78}},"76":{"start":{"line":151,"column":6},"end":{"line":153,"column":7}},"77":{"start":{"line":152,"column":8},"end":{"line":152,"column":92}},"78":{"start":{"line":156,"column":21},"end":{"line":164,"column":6}},"79":{"start":{"line":157,"column":18},"end":{"line":157,"column":58}},"80":{"start":{"line":158,"column":6},"end":{"line":158,"column":37}},"81":{"start":{"line":159,"column":29},"end":{"line":159,"column":75}},"82":{"start":{"line":159,"column":51},"end":{"line":159,"column":74}},"83":{"start":{"line":160,"column":6},"end":{"line":162,"column":7}},"84":{"start":{"line":161,"column":8},"end":{"line":161,"column":54}},"85":{"start":{"line":163,"column":6},"end":{"line":163,"column":35}},"86":{"start":{"line":165,"column":4},"end":{"line":165,"column":53}},"87":{"start":{"line":171,"column":20},"end":{"line":171,"column":44}},"88":{"start":{"line":172,"column":4},"end":{"line":174,"column":5}},"89":{"start":{"line":173,"column":6},"end":{"line":173,"column":43}},"90":{"start":{"line":175,"column":4},"end":{"line":177,"column":5}},"91":{"start":{"line":176,"column":6},"end":{"line":176,"column":70}},"92":{"start":{"line":180,"column":20},"end":{"line":180,"column":36}},"93":{"start":{"line":181,"column":4},"end":{"line":183,"column":5}},"94":{"start":{"line":182,"column":6},"end":{"line":182,"column":90}},"95":{"start":{"line":186,"column":29},"end":{"line":186,"column":53}},"96":{"start":{"line":188,"column":19},"end":{"line":188,"column":31}},"97":{"start":{"line":189,"column":21},"end":{"line":189,"column":35}},"98":{"start":{"line":190,"column":20},"end":{"line":190,"column":40}},"99":{"start":{"line":193,"column":28},"end":{"line":193,"column":30}},"100":{"start":{"line":194,"column":22},"end":{"line":194,"column":23}},"101":{"start":{"line":195,"column":4},"end":{"line":199,"column":5}},"102":{"start":{"line":196,"column":23},"end":{"line":196,"column":62}},"103":{"start":{"line":197,"column":6},"end":{"line":197,"column":52}},"104":{"start":{"line":198,"column":6},"end":{"line":198,"column":30}},"105":{"start":{"line":200,"column":4},"end":{"line":203,"column":5}},"106":{"start":{"line":201,"column":6},"end":{"line":201,"column":75}},"107":{"start":{"line":202,"column":6},"end":{"line":202,"column":50}},"108":{"start":{"line":204,"column":4},"end":{"line":207,"column":5}},"109":{"start":{"line":205,"column":6},"end":{"line":205,"column":53}},"110":{"start":{"line":206,"column":6},"end":{"line":206,"column":32}},"111":{"start":{"line":208,"column":4},"end":{"line":211,"column":5}},"112":{"start":{"line":209,"column":6},"end":{"line":209,"column":57}},"113":{"start":{"line":210,"column":6},"end":{"line":210,"column":32}},"114":{"start":{"line":214,"column":23},"end":{"line":214,"column":81}},"115":{"start":{"line":215,"column":22},"end":{"line":221,"column":22}},"116":{"start":{"line":224,"column":38},"end":{"line":224,"column":42}},"117":{"start":{"line":225,"column":4},"end":{"line":232,"column":5}},"118":{"start":{"line":226,"column":6},"end":{"line":231,"column":8}},"119":{"start":{"line":234,"column":37},"end":{"line":248,"column":6}},"120":{"start":{"line":250,"column":21},"end":{"line":425,"column":6}},"121":{"start":{"line":251,"column":18},"end":{"line":251,"column":58}},"122":{"start":{"line":254,"column":6},"end":{"line":254,"column":37}},"123":{"start":{"line":257,"column":6},"end":{"line":257,"column":33}},"124":{"start":{"line":260,"column":6},"end":{"line":260,"column":78}},"125":{"start":{"line":260,"column":18},"end":{"line":260,"column":78}},"126":{"start":{"line":261,"column":6},"end":{"line":261,"column":71}},"127":{"start":{"line":261,"column":20},"end":{"line":261,"column":71}},"128":{"start":{"line":262,"column":6},"end":{"line":262,"column":64}},"129":{"start":{"line":262,"column":34},"end":{"line":262,"column":64}},"130":{"start":{"line":263,"column":6},"end":{"line":263,"column":70}},"131":{"start":{"line":263,"column":37},"end":{"line":263,"column":70}},"132":{"start":{"line":266,"column":21},"end":{"line":266,"column":79}},"133":{"start":{"line":266,"column":43},"end":{"line":266,"column":78}},"134":{"start":{"line":267,"column":6},"end":{"line":274,"column":7}},"135":{"start":{"line":268,"column":8},"end":{"line":270,"column":9}},"136":{"start":{"line":269,"column":10},"end":{"line":269,"column":33}},"137":{"start":{"line":271,"column":8},"end":{"line":271,"column":34}},"138":{"start":{"line":272,"column":8},"end":{"line":272,"column":68}},"139":{"start":{"line":272,"column":50},"end":{"line":272,"column":68}},"140":{"start":{"line":273,"column":8},"end":{"line":273,"column":68}},"141":{"start":{"line":273,"column":50},"end":{"line":273,"column":68}},"142":{"start":{"line":277,"column":21},"end":{"line":277,"column":78}},"143":{"start":{"line":277,"column":43},"end":{"line":277,"column":77}},"144":{"start":{"line":278,"column":6},"end":{"line":294,"column":7}},"145":{"start":{"line":279,"column":8},"end":{"line":279,"column":45}},"146":{"start":{"line":279,"column":21},"end":{"line":279,"column":45}},"147":{"start":{"line":280,"column":8},"end":{"line":290,"column":9}},"148":{"start":{"line":281,"column":10},"end":{"line":281,"column":28}},"149":{"start":{"line":282,"column":10},"end":{"line":282,"column":73}},"150":{"start":{"line":283,"column":15},"end":{"line":290,"column":9}},"151":{"start":{"line":284,"column":10},"end":{"line":284,"column":30}},"152":{"start":{"line":285,"column":10},"end":{"line":285,"column":75}},"153":{"start":{"line":286,"column":15},"end":{"line":290,"column":9}},"154":{"start":{"line":289,"column":10},"end":{"line":289,"column":44}},"155":{"start":{"line":291,"column":8},"end":{"line":293,"column":9}},"156":{"start":{"line":292,"column":10},"end":{"line":292,"column":30}},"157":{"start":{"line":297,"column":26},"end":{"line":297,"column":71}},"158":{"start":{"line":298,"column":6},"end":{"line":309,"column":7}},"159":{"start":{"line":299,"column":8},"end":{"line":299,"column":38}},"160":{"start":{"line":300,"column":8},"end":{"line":300,"column":44}},"161":{"start":{"line":300,"column":21},"end":{"line":300,"column":44}},"162":{"start":{"line":301,"column":8},"end":{"line":305,"column":9}},"163":{"start":{"line":302,"column":10},"end":{"line":302,"column":48}},"164":{"start":{"line":304,"column":10},"end":{"line":304,"column":48}},"165":{"start":{"line":306,"column":8},"end":{"line":308,"column":9}},"166":{"start":{"line":307,"column":10},"end":{"line":307,"column":44}},"167":{"start":{"line":315,"column":32},"end":{"line":315,"column":80}},"168":{"start":{"line":316,"column":8},"end":{"line":323,"column":9}},"169":{"start":{"line":317,"column":23},"end":{"line":317,"column":43}},"170":{"start":{"line":318,"column":10},"end":{"line":318,"column":57}},"171":{"start":{"line":319,"column":10},"end":{"line":319,"column":41}},"172":{"start":{"line":320,"column":10},"end":{"line":322,"column":13}},"173":{"start":{"line":321,"column":12},"end":{"line":321,"column":63}},"174":{"start":{"line":327,"column":6},"end":{"line":371,"column":7}},"175":{"start":{"line":328,"column":8},"end":{"line":328,"column":28}},"176":{"start":{"line":331,"column":8},"end":{"line":370,"column":9}},"177":{"start":{"line":333,"column":10},"end":{"line":344,"column":11}},"178":{"start":{"line":334,"column":12},"end":{"line":334,"column":30}},"179":{"start":{"line":336,"column":37},"end":{"line":337,"column":null}},"180":{"start":{"line":337,"column":19},"end":{"line":337,"column":88}},"181":{"start":{"line":339,"column":29},"end":{"line":341,"column":17}},"182":{"start":{"line":340,"column":14},"end":{"line":340,"column":79}},"183":{"start":{"line":340,"column":63},"end":{"line":340,"column":74}},"184":{"start":{"line":342,"column":12},"end":{"line":342,"column":52}},"185":{"start":{"line":342,"column":32},"end":{"line":342,"column":52}},"186":{"start":{"line":343,"column":12},"end":{"line":343,"column":35}},"187":{"start":{"line":347,"column":28},"end":{"line":347,"column":85}},"188":{"start":{"line":347,"column":53},"end":{"line":347,"column":84}},"189":{"start":{"line":348,"column":27},"end":{"line":348,"column":117}},"190":{"start":{"line":348,"column":56},"end":{"line":348,"column":113}},"191":{"start":{"line":348,"column":98},"end":{"line":348,"column":109}},"192":{"start":{"line":349,"column":30},"end":{"line":349,"column":80}},"193":{"start":{"line":349,"column":52},"end":{"line":349,"column":72}},"194":{"start":{"line":350,"column":10},"end":{"line":357,"column":13}},"195":{"start":{"line":359,"column":10},"end":{"line":359,"column":30}},"196":{"start":{"line":360,"column":10},"end":{"line":360,"column":29}},"197":{"start":{"line":361,"column":10},"end":{"line":361,"column":37}},"198":{"start":{"line":364,"column":23},"end":{"line":364,"column":43}},"199":{"start":{"line":365,"column":10},"end":{"line":365,"column":57}},"200":{"start":{"line":366,"column":10},"end":{"line":366,"column":41}},"201":{"start":{"line":367,"column":10},"end":{"line":369,"column":13}},"202":{"start":{"line":368,"column":12},"end":{"line":368,"column":63}},"203":{"start":{"line":374,"column":6},"end":{"line":404,"column":7}},"204":{"start":{"line":376,"column":8},"end":{"line":388,"column":9}},"205":{"start":{"line":377,"column":10},"end":{"line":377,"column":32}},"206":{"start":{"line":380,"column":10},"end":{"line":387,"column":13}},"207":{"start":{"line":391,"column":32},"end":{"line":391,"column":90}},"208":{"start":{"line":391,"column":54},"end":{"line":391,"column":89}},"209":{"start":{"line":392,"column":8},"end":{"line":395,"column":9}},"210":{"start":{"line":393,"column":10},"end":{"line":393,"column":48}},"211":{"start":{"line":394,"column":10},"end":{"line":394,"column":45}},"212":{"start":{"line":398,"column":8},"end":{"line":403,"column":9}},"213":{"start":{"line":399,"column":10},"end":{"line":399,"column":38}},"214":{"start":{"line":402,"column":10},"end":{"line":402,"column":41}},"215":{"start":{"line":407,"column":25},"end":{"line":407,"column":104}},"216":{"start":{"line":408,"column":25},"end":{"line":408,"column":80}},"217":{"start":{"line":409,"column":23},"end":{"line":409,"column":53}},"218":{"start":{"line":410,"column":30},"end":{"line":411,"column":60}},"219":{"start":{"line":412,"column":30},"end":{"line":412,"column":80}},"220":{"start":{"line":414,"column":6},"end":{"line":422,"column":7}},"221":{"start":{"line":415,"column":8},"end":{"line":415,"column":33}},"222":{"start":{"line":416,"column":8},"end":{"line":416,"column":36}},"223":{"start":{"line":417,"column":8},"end":{"line":417,"column":39}},"224":{"start":{"line":418,"column":8},"end":{"line":418,"column":35}},"225":{"start":{"line":421,"column":8},"end":{"line":421,"column":41}},"226":{"start":{"line":424,"column":6},"end":{"line":424,"column":35}},"227":{"start":{"line":427,"column":25},"end":{"line":431,"column":6}},"228":{"start":{"line":433,"column":4},"end":{"line":433,"column":51}},"229":{"start":{"line":437,"column":4},"end":{"line":439,"column":5}},"230":{"start":{"line":438,"column":6},"end":{"line":438,"column":41}},"231":{"start":{"line":441,"column":23},"end":{"line":441,"column":64}},"232":{"start":{"line":442,"column":21},"end":{"line":450,"column":6}},"233":{"start":{"line":443,"column":6},"end":{"line":443,"column":101}},"234":{"start":{"line":444,"column":6},"end":{"line":444,"column":35}},"235":{"start":{"line":446,"column":6},"end":{"line":449,"column":7}},"236":{"start":{"line":447,"column":8},"end":{"line":447,"column":37}},"237":{"start":{"line":448,"column":8},"end":{"line":448,"column":28}},"238":{"start":{"line":452,"column":4},"end":{"line":452,"column":66}},"239":{"start":{"line":458,"column":4},"end":{"line":460,"column":5}},"240":{"start":{"line":459,"column":6},"end":{"line":459,"column":68}},"241":{"start":{"line":461,"column":4},"end":{"line":463,"column":5}},"242":{"start":{"line":462,"column":6},"end":{"line":462,"column":77}},"243":{"start":{"line":465,"column":25},"end":{"line":465,"column":46}},"244":{"start":{"line":466,"column":32},"end":{"line":466,"column":58}},"245":{"start":{"line":467,"column":32},"end":{"line":467,"column":58}},"246":{"start":{"line":469,"column":21},"end":{"line":478,"column":6}},"247":{"start":{"line":470,"column":6},"end":{"line":470,"column":35}},"248":{"start":{"line":471,"column":6},"end":{"line":471,"column":26}},"249":{"start":{"line":472,"column":6},"end":{"line":472,"column":29}},"250":{"start":{"line":473,"column":24},"end":{"line":473,"column":129}},"251":{"start":{"line":474,"column":6},"end":{"line":474,"column":35}},"252":{"start":{"line":475,"column":6},"end":{"line":475,"column":36}},"253":{"start":{"line":476,"column":6},"end":{"line":476,"column":59}},"254":{"start":{"line":477,"column":6},"end":{"line":477,"column":35}},"255":{"start":{"line":479,"column":4},"end":{"line":479,"column":53}},"256":{"start":{"line":483,"column":27},"end":{"line":483,"column":51}},"257":{"start":{"line":484,"column":4},"end":{"line":486,"column":5}},"258":{"start":{"line":485,"column":6},"end":{"line":485,"column":62}},"259":{"start":{"line":489,"column":4},"end":{"line":504,"column":5}},"260":{"start":{"line":490,"column":24},"end":{"line":490,"column":69}},"261":{"start":{"line":490,"column":55},"end":{"line":490,"column":68}},"262":{"start":{"line":491,"column":6},"end":{"line":491,"column":80}},"263":{"start":{"line":491,"column":33},"end":{"line":491,"column":80}},"264":{"start":{"line":492,"column":28},"end":{"line":492,"column":56}},"265":{"start":{"line":493,"column":28},"end":{"line":493,"column":56}},"266":{"start":{"line":494,"column":21},"end":{"line":494,"column":49}},"267":{"start":{"line":495,"column":23},"end":{"line":502,"column":8}},"268":{"start":{"line":496,"column":23},"end":{"line":496,"column":116}},"269":{"start":{"line":497,"column":8},"end":{"line":497,"column":34}},"270":{"start":{"line":498,"column":8},"end":{"line":498,"column":31}},"271":{"start":{"line":499,"column":8},"end":{"line":499,"column":35}},"272":{"start":{"line":500,"column":8},"end":{"line":500,"column":61}},"273":{"start":{"line":501,"column":8},"end":{"line":501,"column":37}},"274":{"start":{"line":503,"column":6},"end":{"line":503,"column":55}},"275":{"start":{"line":506,"column":30},"end":{"line":506,"column":62}},"276":{"start":{"line":507,"column":4},"end":{"line":509,"column":5}},"277":{"start":{"line":508,"column":6},"end":{"line":508,"column":49}},"278":{"start":{"line":512,"column":26},"end":{"line":512,"column":54}},"279":{"start":{"line":513,"column":26},"end":{"line":513,"column":54}},"280":{"start":{"line":516,"column":32},"end":{"line":516,"column":36}},"281":{"start":{"line":517,"column":4},"end":{"line":519,"column":5}},"282":{"start":{"line":518,"column":6},"end":{"line":518,"column":44}},"283":{"start":{"line":521,"column":4},"end":{"line":529,"column":5}},"284":{"start":{"line":522,"column":24},"end":{"line":524,"column":49}},"285":{"start":{"line":523,"column":21},"end":{"line":523,"column":54}},"286":{"start":{"line":524,"column":28},"end":{"line":524,"column":45}},"287":{"start":{"line":525,"column":24},"end":{"line":527,"column":49}},"288":{"start":{"line":526,"column":21},"end":{"line":526,"column":54}},"289":{"start":{"line":527,"column":28},"end":{"line":527,"column":45}},"290":{"start":{"line":528,"column":6},"end":{"line":528,"column":41}},"291":{"start":{"line":531,"column":21},"end":{"line":543,"column":6}},"292":{"start":{"line":532,"column":25},"end":{"line":537,"column":null}},"293":{"start":{"line":539,"column":6},"end":{"line":539,"column":33}},"294":{"start":{"line":540,"column":6},"end":{"line":540,"column":37}},"295":{"start":{"line":541,"column":6},"end":{"line":541,"column":59}},"296":{"start":{"line":542,"column":6},"end":{"line":542,"column":35}},"297":{"start":{"line":545,"column":4},"end":{"line":545,"column":41}},"298":{"start":{"line":549,"column":4},"end":{"line":551,"column":5}},"299":{"start":{"line":550,"column":6},"end":{"line":550,"column":58}},"300":{"start":{"line":552,"column":21},"end":{"line":559,"column":6}},"301":{"start":{"line":553,"column":18},"end":{"line":553,"column":58}},"302":{"start":{"line":554,"column":6},"end":{"line":554,"column":30}},"303":{"start":{"line":555,"column":6},"end":{"line":555,"column":34}},"304":{"start":{"line":556,"column":6},"end":{"line":556,"column":37}},"305":{"start":{"line":557,"column":6},"end":{"line":557,"column":33}},"306":{"start":{"line":558,"column":6},"end":{"line":558,"column":35}},"307":{"start":{"line":560,"column":4},"end":{"line":560,"column":53}},"308":{"start":{"line":564,"column":4},"end":{"line":566,"column":5}},"309":{"start":{"line":565,"column":6},"end":{"line":565,"column":19}},"310":{"start":{"line":567,"column":4},"end":{"line":567,"column":52}},"311":{"start":{"line":567,"column":39},"end":{"line":567,"column":52}},"312":{"start":{"line":568,"column":25},"end":{"line":568,"column":46}},"313":{"start":{"line":569,"column":26},"end":{"line":569,"column":47}},"314":{"start":{"line":570,"column":4},"end":{"line":570,"column":61}},"315":{"start":{"line":570,"column":48},"end":{"line":570,"column":61}},"316":{"start":{"line":571,"column":4},"end":{"line":571,"column":97}},"317":{"start":{"line":577,"column":21},"end":{"line":599,"column":6}},"318":{"start":{"line":578,"column":18},"end":{"line":578,"column":58}},"319":{"start":{"line":579,"column":27},"end":{"line":579,"column":49}},"320":{"start":{"line":580,"column":24},"end":{"line":580,"column":74}},"321":{"start":{"line":582,"column":6},"end":{"line":587,"column":7}},"322":{"start":{"line":583,"column":8},"end":{"line":583,"column":40}},"323":{"start":{"line":584,"column":8},"end":{"line":584,"column":36}},"324":{"start":{"line":586,"column":8},"end":{"line":586,"column":43}},"325":{"start":{"line":589,"column":6},"end":{"line":589,"column":34}},"326":{"start":{"line":592,"column":6},"end":{"line":596,"column":7}},"327":{"start":{"line":593,"column":8},"end":{"line":595,"column":10}},"328":{"start":{"line":598,"column":6},"end":{"line":598,"column":35}},"329":{"start":{"line":600,"column":4},"end":{"line":600,"column":53}},"330":{"start":{"line":608,"column":21},"end":{"line":641,"column":6}},"331":{"start":{"line":609,"column":18},"end":{"line":609,"column":58}},"332":{"start":{"line":611,"column":35},"end":{"line":611,"column":85}},"333":{"start":{"line":614,"column":21},"end":{"line":614,"column":68}},"334":{"start":{"line":614,"column":43},"end":{"line":614,"column":67}},"335":{"start":{"line":615,"column":6},"end":{"line":618,"column":7}},"336":{"start":{"line":616,"column":8},"end":{"line":616,"column":37}},"337":{"start":{"line":617,"column":8},"end":{"line":617,"column":34}},"338":{"start":{"line":621,"column":6},"end":{"line":631,"column":7}},"339":{"start":{"line":622,"column":8},"end":{"line":622,"column":30}},"340":{"start":{"line":623,"column":8},"end":{"line":630,"column":11}},"341":{"start":{"line":634,"column":6},"end":{"line":638,"column":7}},"342":{"start":{"line":635,"column":8},"end":{"line":635,"column":36}},"343":{"start":{"line":636,"column":13},"end":{"line":638,"column":7}},"344":{"start":{"line":637,"column":8},"end":{"line":637,"column":39}},"345":{"start":{"line":640,"column":6},"end":{"line":640,"column":35}},"346":{"start":{"line":642,"column":4},"end":{"line":642,"column":53}},"347":{"start":{"line":646,"column":21},"end":{"line":656,"column":6}},"348":{"start":{"line":647,"column":18},"end":{"line":647,"column":58}},"349":{"start":{"line":648,"column":6},"end":{"line":648,"column":68}},"350":{"start":{"line":648,"column":61},"end":{"line":648,"column":68}},"351":{"start":{"line":649,"column":19},"end":{"line":649,"column":39}},"352":{"start":{"line":650,"column":6},"end":{"line":650,"column":53}},"353":{"start":{"line":651,"column":6},"end":{"line":651,"column":37}},"354":{"start":{"line":652,"column":6},"end":{"line":654,"column":7}},"355":{"start":{"line":653,"column":8},"end":{"line":653,"column":59}},"356":{"start":{"line":655,"column":6},"end":{"line":655,"column":35}},"357":{"start":{"line":657,"column":4},"end":{"line":657,"column":53}},"358":{"start":{"line":663,"column":19},"end":{"line":663,"column":31}},"359":{"start":{"line":664,"column":20},"end":{"line":664,"column":33}},"360":{"start":{"line":665,"column":27},"end":{"line":665,"column":61}},"361":{"start":{"line":668,"column":4},"end":{"line":685,"column":5}},"362":{"start":{"line":669,"column":24},"end":{"line":669,"column":58}},"363":{"start":{"line":669,"column":44},"end":{"line":669,"column":57}},"364":{"start":{"line":670,"column":6},"end":{"line":683,"column":7}},"365":{"start":{"line":671,"column":8},"end":{"line":671,"column":35}},"366":{"start":{"line":672,"column":20},"end":{"line":672,"column":32}},"367":{"start":{"line":673,"column":20},"end":{"line":673,"column":32}},"368":{"start":{"line":674,"column":8},"end":{"line":682,"column":9}},"369":{"start":{"line":675,"column":35},"end":{"line":675,"column":55}},"370":{"start":{"line":676,"column":10},"end":{"line":676,"column":154}},"371":{"start":{"line":677,"column":15},"end":{"line":682,"column":9}},"372":{"start":{"line":678,"column":10},"end":{"line":678,"column":43}},"373":{"start":{"line":680,"column":26},"end":{"line":680,"column":55}},"374":{"start":{"line":681,"column":10},"end":{"line":681,"column":133}},"375":{"start":{"line":684,"column":6},"end":{"line":684,"column":13}},"376":{"start":{"line":687,"column":4},"end":{"line":724,"column":5}},"377":{"start":{"line":689,"column":6},"end":{"line":705,"column":7}},"378":{"start":{"line":690,"column":8},"end":{"line":690,"column":35}},"379":{"start":{"line":691,"column":29},"end":{"line":691,"column":39}},"380":{"start":{"line":692,"column":30},"end":{"line":692,"column":40}},"381":{"start":{"line":694,"column":8},"end":{"line":704,"column":9}},"382":{"start":{"line":695,"column":35},"end":{"line":695,"column":89}},"383":{"start":{"line":696,"column":30},"end":{"line":696,"column":82}},"384":{"start":{"line":697,"column":10},"end":{"line":697,"column":112}},"385":{"start":{"line":698,"column":15},"end":{"line":704,"column":9}},"386":{"start":{"line":699,"column":10},"end":{"line":699,"column":38}},"387":{"start":{"line":701,"column":26},"end":{"line":701,"column":74}},"388":{"start":{"line":702,"column":30},"end":{"line":702,"column":81}},"389":{"start":{"line":703,"column":10},"end":{"line":703,"column":91}},"390":{"start":{"line":706,"column":11},"end":{"line":724,"column":5}},"391":{"start":{"line":708,"column":6},"end":{"line":723,"column":7}},"392":{"start":{"line":709,"column":8},"end":{"line":709,"column":35}},"393":{"start":{"line":711,"column":24},"end":{"line":711,"column":48}},"394":{"start":{"line":712,"column":26},"end":{"line":712,"column":111}},"395":{"start":{"line":712,"column":46},"end":{"line":712,"column":73}},"396":{"start":{"line":712,"column":92},"end":{"line":712,"column":107}},"397":{"start":{"line":713,"column":26},"end":{"line":713,"column":111}},"398":{"start":{"line":713,"column":46},"end":{"line":713,"column":73}},"399":{"start":{"line":713,"column":92},"end":{"line":713,"column":107}},"400":{"start":{"line":715,"column":8},"end":{"line":722,"column":9}},"401":{"start":{"line":716,"column":10},"end":{"line":716,"column":67}},"402":{"start":{"line":717,"column":15},"end":{"line":722,"column":9}},"403":{"start":{"line":718,"column":26},"end":{"line":718,"column":50}},"404":{"start":{"line":719,"column":10},"end":{"line":719,"column":67}},"405":{"start":{"line":721,"column":10},"end":{"line":721,"column":38}},"406":{"start":{"line":728,"column":4},"end":{"line":728,"column":69}},"407":{"start":{"line":728,"column":40},"end":{"line":728,"column":69}},"408":{"start":{"line":729,"column":4},"end":{"line":729,"column":69}},"409":{"start":{"line":729,"column":40},"end":{"line":729,"column":69}},"410":{"start":{"line":730,"column":4},"end":{"line":730,"column":18}},"411":{"start":{"line":22,"column":0},"end":{"line":22,"column":13}},"412":{"start":{"line":743,"column":2},"end":{"line":766,"column":4}},"413":{"start":{"line":774,"column":2},"end":{"line":783,"column":4}},"414":{"start":{"line":787,"column":2},"end":{"line":796,"column":4}},"415":{"start":{"line":800,"column":2},"end":{"line":808,"column":4}},"416":{"start":{"line":823,"column":2},"end":{"line":840,"column":4}}},"fnMap":{"0":{"name":"(anonymous_9)","decl":{"start":{"line":2,"column":15},"end":{"line":2,"column":18}},"loc":{"start":{"line":2,"column":21},"end":{"line":2,"column":40}}},"1":{"name":"(anonymous_10)","decl":{"start":{"line":26,"column":2},"end":{"line":26,"column":14}},"loc":{"start":{"line":26,"column":59},"end":{"line":29,"column":3}}},"2":{"name":"(anonymous_11)","decl":{"start":{"line":31,"column":2},"end":{"line":31,"column":10}},"loc":{"start":{"line":31,"column":10},"end":{"line":33,"column":3}}},"3":{"name":"(anonymous_12)","decl":{"start":{"line":35,"column":2},"end":{"line":35,"column":14}},"loc":{"start":{"line":35,"column":14},"end":{"line":37,"column":3}}},"4":{"name":"(anonymous_13)","decl":{"start":{"line":39,"column":2},"end":{"line":39,"column":19}},"loc":{"start":{"line":39,"column":19},"end":{"line":44,"column":3}}},"5":{"name":"(anonymous_14)","decl":{"start":{"line":46,"column":2},"end":{"line":46,"column":12}},"loc":{"start":{"line":46,"column":12},"end":{"line":50,"column":3}}},"6":{"name":"(anonymous_15)","decl":{"start":{"line":49,"column":32},"end":{"line":49,"column":33}},"loc":{"start":{"line":49,"column":37},"end":{"line":49,"column":76}}},"7":{"name":"(anonymous_16)","decl":{"start":{"line":52,"column":2},"end":{"line":52,"column":15}},"loc":{"start":{"line":52,"column":15},"end":{"line":56,"column":3}}},"8":{"name":"(anonymous_17)","decl":{"start":{"line":55,"column":32},"end":{"line":55,"column":33}},"loc":{"start":{"line":55,"column":37},"end":{"line":55,"column":79}}},"9":{"name":"(anonymous_18)","decl":{"start":{"line":58,"column":2},"end":{"line":58,"column":18}},"loc":{"start":{"line":58,"column":18},"end":{"line":62,"column":3}}},"10":{"name":"(anonymous_19)","decl":{"start":{"line":61,"column":32},"end":{"line":61,"column":33}},"loc":{"start":{"line":61,"column":37},"end":{"line":61,"column":75}}},"11":{"name":"(anonymous_20)","decl":{"start":{"line":64,"column":2},"end":{"line":64,"column":23}},"loc":{"start":{"line":64,"column":23},"end":{"line":68,"column":3}}},"12":{"name":"(anonymous_21)","decl":{"start":{"line":70,"column":2},"end":{"line":70,"column":11}},"loc":{"start":{"line":70,"column":11},"end":{"line":75,"column":3}}},"13":{"name":"(anonymous_22)","decl":{"start":{"line":74,"column":53},"end":{"line":74,"column":54}},"loc":{"start":{"line":74,"column":58},"end":{"line":74,"column":78}}},"14":{"name":"(anonymous_23)","decl":{"start":{"line":77,"column":2},"end":{"line":77,"column":19}},"loc":{"start":{"line":77,"column":19},"end":{"line":81,"column":3}}},"15":{"name":"(anonymous_24)","decl":{"start":{"line":83,"column":2},"end":{"line":83,"column":17}},"loc":{"start":{"line":83,"column":17},"end":{"line":85,"column":3}}},"16":{"name":"(anonymous_25)","decl":{"start":{"line":87,"column":2},"end":{"line":87,"column":9}},"loc":{"start":{"line":87,"column":9},"end":{"line":89,"column":3}}},"17":{"name":"(anonymous_26)","decl":{"start":{"line":93,"column":2},"end":{"line":93,"column":12}},"loc":{"start":{"line":93,"column":23},"end":{"line":100,"column":3}}},"18":{"name":"(anonymous_27)","decl":{"start":{"line":94,"column":41},"end":{"line":94,"column":46}},"loc":{"start":{"line":94,"column":49},"end":{"line":98,"column":5}}},"19":{"name":"(anonymous_28)","decl":{"start":{"line":102,"column":2},"end":{"line":102,"column":12}},"loc":{"start":{"line":102,"column":57},"end":{"line":117,"column":3}}},"20":{"name":"(anonymous_29)","decl":{"start":{"line":103,"column":41},"end":{"line":103,"column":46}},"loc":{"start":{"line":103,"column":49},"end":{"line":115,"column":5}}},"21":{"name":"(anonymous_30)","decl":{"start":{"line":119,"column":2},"end":{"line":119,"column":12}},"loc":{"start":{"line":119,"column":52},"end":{"line":132,"column":3}}},"22":{"name":"(anonymous_31)","decl":{"start":{"line":120,"column":41},"end":{"line":120,"column":46}},"loc":{"start":{"line":120,"column":49},"end":{"line":130,"column":5}}},"23":{"name":"(anonymous_32)","decl":{"start":{"line":134,"column":2},"end":{"line":134,"column":11}},"loc":{"start":{"line":134,"column":28},"end":{"line":166,"column":3}}},"24":{"name":"(anonymous_33)","decl":{"start":{"line":150,"column":50},"end":{"line":150,"column":51}},"loc":{"start":{"line":150,"column":55},"end":{"line":150,"column":78}}},"25":{"name":"(anonymous_34)","decl":{"start":{"line":156,"column":41},"end":{"line":156,"column":46}},"loc":{"start":{"line":156,"column":49},"end":{"line":164,"column":5}}},"26":{"name":"(anonymous_35)","decl":{"start":{"line":159,"column":46},"end":{"line":159,"column":47}},"loc":{"start":{"line":159,"column":51},"end":{"line":159,"column":74}}},"27":{"name":"(anonymous_36)","decl":{"start":{"line":170,"column":2},"end":{"line":170,"column":12}},"loc":{"start":{"line":170,"column":29},"end":{"line":434,"column":3}}},"28":{"name":"(anonymous_37)","decl":{"start":{"line":250,"column":41},"end":{"line":250,"column":46}},"loc":{"start":{"line":250,"column":49},"end":{"line":425,"column":5}}},"29":{"name":"(anonymous_38)","decl":{"start":{"line":266,"column":38},"end":{"line":266,"column":39}},"loc":{"start":{"line":266,"column":43},"end":{"line":266,"column":78}}},"30":{"name":"(anonymous_39)","decl":{"start":{"line":277,"column":38},"end":{"line":277,"column":39}},"loc":{"start":{"line":277,"column":43},"end":{"line":277,"column":77}}},"31":{"name":"(anonymous_40)","decl":{"start":{"line":320,"column":30},"end":{"line":320,"column":31}},"loc":{"start":{"line":320,"column":34},"end":{"line":322,"column":11}}},"32":{"name":"(anonymous_41)","decl":{"start":{"line":337,"column":14},"end":{"line":337,"column":15}},"loc":{"start":{"line":337,"column":19},"end":{"line":337,"column":88}}},"33":{"name":"(anonymous_42)","decl":{"start":{"line":339,"column":53},"end":{"line":339,"column":54}},"loc":{"start":{"line":339,"column":64},"end":{"line":341,"column":13}}},"34":{"name":"(anonymous_43)","decl":{"start":{"line":340,"column":52},"end":{"line":340,"column":53}},"loc":{"start":{"line":340,"column":63},"end":{"line":340,"column":74}}},"35":{"name":"(anonymous_44)","decl":{"start":{"line":347,"column":48},"end":{"line":347,"column":49}},"loc":{"start":{"line":347,"column":53},"end":{"line":347,"column":84}}},"36":{"name":"(anonymous_45)","decl":{"start":{"line":348,"column":44},"end":{"line":348,"column":45}},"loc":{"start":{"line":348,"column":56},"end":{"line":348,"column":113}}},"37":{"name":"(anonymous_46)","decl":{"start":{"line":348,"column":87},"end":{"line":348,"column":88}},"loc":{"start":{"line":348,"column":98},"end":{"line":348,"column":109}}},"38":{"name":"(anonymous_47)","decl":{"start":{"line":349,"column":47},"end":{"line":349,"column":48}},"loc":{"start":{"line":349,"column":52},"end":{"line":349,"column":72}}},"39":{"name":"(anonymous_48)","decl":{"start":{"line":367,"column":30},"end":{"line":367,"column":31}},"loc":{"start":{"line":367,"column":34},"end":{"line":369,"column":11}}},"40":{"name":"(anonymous_49)","decl":{"start":{"line":391,"column":49},"end":{"line":391,"column":50}},"loc":{"start":{"line":391,"column":54},"end":{"line":391,"column":89}}},"41":{"name":"(anonymous_50)","decl":{"start":{"line":436,"column":2},"end":{"line":436,"column":14}},"loc":{"start":{"line":436,"column":14},"end":{"line":453,"column":3}}},"42":{"name":"(anonymous_51)","decl":{"start":{"line":442,"column":41},"end":{"line":442,"column":46}},"loc":{"start":{"line":442,"column":49},"end":{"line":450,"column":5}}},"43":{"name":"(anonymous_52)","decl":{"start":{"line":457,"column":2},"end":{"line":457,"column":16}},"loc":{"start":{"line":457,"column":16},"end":{"line":480,"column":3}}},"44":{"name":"(anonymous_53)","decl":{"start":{"line":469,"column":41},"end":{"line":469,"column":46}},"loc":{"start":{"line":469,"column":49},"end":{"line":478,"column":5}}},"45":{"name":"(anonymous_54)","decl":{"start":{"line":482,"column":2},"end":{"line":482,"column":18}},"loc":{"start":{"line":482,"column":18},"end":{"line":546,"column":3}}},"46":{"name":"(anonymous_55)","decl":{"start":{"line":490,"column":50},"end":{"line":490,"column":51}},"loc":{"start":{"line":490,"column":55},"end":{"line":490,"column":68}}},"47":{"name":"(anonymous_56)","decl":{"start":{"line":495,"column":43},"end":{"line":495,"column":48}},"loc":{"start":{"line":495,"column":51},"end":{"line":502,"column":7}}},"48":{"name":"(anonymous_57)","decl":{"start":{"line":523,"column":16},"end":{"line":523,"column":17}},"loc":{"start":{"line":523,"column":21},"end":{"line":523,"column":54}}},"49":{"name":"(anonymous_58)","decl":{"start":{"line":524,"column":16},"end":{"line":524,"column":17}},"loc":{"start":{"line":524,"column":28},"end":{"line":524,"column":45}}},"50":{"name":"(anonymous_59)","decl":{"start":{"line":526,"column":16},"end":{"line":526,"column":17}},"loc":{"start":{"line":526,"column":21},"end":{"line":526,"column":54}}},"51":{"name":"(anonymous_60)","decl":{"start":{"line":527,"column":16},"end":{"line":527,"column":17}},"loc":{"start":{"line":527,"column":28},"end":{"line":527,"column":45}}},"52":{"name":"(anonymous_61)","decl":{"start":{"line":531,"column":41},"end":{"line":531,"column":46}},"loc":{"start":{"line":531,"column":49},"end":{"line":543,"column":5}}},"53":{"name":"(anonymous_62)","decl":{"start":{"line":548,"column":2},"end":{"line":548,"column":16}},"loc":{"start":{"line":548,"column":16},"end":{"line":561,"column":3}}},"54":{"name":"(anonymous_63)","decl":{"start":{"line":552,"column":41},"end":{"line":552,"column":46}},"loc":{"start":{"line":552,"column":49},"end":{"line":559,"column":5}}},"55":{"name":"(anonymous_64)","decl":{"start":{"line":563,"column":2},"end":{"line":563,"column":13}},"loc":{"start":{"line":563,"column":13},"end":{"line":572,"column":3}}},"56":{"name":"(anonymous_65)","decl":{"start":{"line":576,"column":2},"end":{"line":576,"column":14}},"loc":{"start":{"line":576,"column":31},"end":{"line":601,"column":3}}},"57":{"name":"(anonymous_66)","decl":{"start":{"line":577,"column":41},"end":{"line":577,"column":46}},"loc":{"start":{"line":577,"column":49},"end":{"line":599,"column":5}}},"58":{"name":"(anonymous_67)","decl":{"start":{"line":607,"column":2},"end":{"line":607,"column":14}},"loc":{"start":{"line":607,"column":70},"end":{"line":643,"column":3}}},"59":{"name":"(anonymous_68)","decl":{"start":{"line":608,"column":41},"end":{"line":608,"column":46}},"loc":{"start":{"line":608,"column":49},"end":{"line":641,"column":5}}},"60":{"name":"(anonymous_69)","decl":{"start":{"line":614,"column":38},"end":{"line":614,"column":39}},"loc":{"start":{"line":614,"column":43},"end":{"line":614,"column":67}}},"61":{"name":"(anonymous_70)","decl":{"start":{"line":645,"column":2},"end":{"line":645,"column":12}},"loc":{"start":{"line":645,"column":12},"end":{"line":658,"column":3}}},"62":{"name":"(anonymous_71)","decl":{"start":{"line":646,"column":41},"end":{"line":646,"column":46}},"loc":{"start":{"line":646,"column":49},"end":{"line":656,"column":5}}},"63":{"name":"(anonymous_72)","decl":{"start":{"line":662,"column":10},"end":{"line":662,"column":30}},"loc":{"start":{"line":662,"column":43},"end":{"line":725,"column":3}}},"64":{"name":"(anonymous_73)","decl":{"start":{"line":669,"column":39},"end":{"line":669,"column":40}},"loc":{"start":{"line":669,"column":44},"end":{"line":669,"column":57}}},"65":{"name":"(anonymous_74)","decl":{"start":{"line":712,"column":41},"end":{"line":712,"column":42}},"loc":{"start":{"line":712,"column":46},"end":{"line":712,"column":73}}},"66":{"name":"(anonymous_75)","decl":{"start":{"line":712,"column":82},"end":{"line":712,"column":83}},"loc":{"start":{"line":712,"column":92},"end":{"line":712,"column":107}}},"67":{"name":"(anonymous_76)","decl":{"start":{"line":713,"column":41},"end":{"line":713,"column":42}},"loc":{"start":{"line":713,"column":46},"end":{"line":713,"column":73}}},"68":{"name":"(anonymous_77)","decl":{"start":{"line":713,"column":82},"end":{"line":713,"column":83}},"loc":{"start":{"line":713,"column":92},"end":{"line":713,"column":107}}},"69":{"name":"(anonymous_78)","decl":{"start":{"line":727,"column":10},"end":{"line":727,"column":28}},"loc":{"start":{"line":727,"column":43},"end":{"line":731,"column":3}}},"70":{"name":"createInnings","decl":{"start":{"line":736,"column":9},"end":{"line":736,"column":22}},"loc":{"start":{"line":741,"column":21},"end":{"line":767,"column":1}}},"71":{"name":"createBatterInnings","decl":{"start":{"line":769,"column":9},"end":{"line":769,"column":28}},"loc":{"start":{"line":772,"column":18},"end":{"line":784,"column":1}}},"72":{"name":"createBowlerSpell","decl":{"start":{"line":786,"column":9},"end":{"line":786,"column":26}},"loc":{"start":{"line":786,"column":43},"end":{"line":797,"column":1}}},"73":{"name":"createPartnership","decl":{"start":{"line":799,"column":9},"end":{"line":799,"column":26}},"loc":{"start":{"line":799,"column":63},"end":{"line":809,"column":1}}},"74":{"name":"createNewMatch","decl":{"start":{"line":813,"column":16},"end":{"line":813,"column":30}},"loc":{"start":{"line":821,"column":14},"end":{"line":841,"column":1}}}},"branchMap":{"0":{"loc":{"start":{"line":26,"column":28},"end":{"line":26,"column":59}},"type":"default-arg","locations":[{"start":{"line":26,"column":57},"end":{"line":26,"column":59}}]},"1":{"loc":{"start":{"line":40,"column":4},"end":{"line":42,"column":5}},"type":"if","locations":[{"start":{"line":40,"column":4},"end":{"line":42,"column":5}}]},"2":{"loc":{"start":{"line":40,"column":8},"end":{"line":40,"column":105}},"type":"binary-expr","locations":[{"start":{"line":40,"column":8},"end":{"line":40,"column":42}},{"start":{"line":40,"column":46},"end":{"line":40,"column":105}}]},"3":{"loc":{"start":{"line":48,"column":4},"end":{"line":48,"column":48}},"type":"if","locations":[{"start":{"line":48,"column":4},"end":{"line":48,"column":48}}]},"4":{"loc":{"start":{"line":49,"column":11},"end":{"line":49,"column":85}},"type":"binary-expr","locations":[{"start":{"line":49,"column":11},"end":{"line":49,"column":77}},{"start":{"line":49,"column":81},"end":{"line":49,"column":85}}]},"5":{"loc":{"start":{"line":54,"column":4},"end":{"line":54,"column":51}},"type":"if","locations":[{"start":{"line":54,"column":4},"end":{"line":54,"column":51}}]},"6":{"loc":{"start":{"line":55,"column":11},"end":{"line":55,"column":88}},"type":"binary-expr","locations":[{"start":{"line":55,"column":11},"end":{"line":55,"column":80}},{"start":{"line":55,"column":84},"end":{"line":55,"column":88}}]},"7":{"loc":{"start":{"line":60,"column":4},"end":{"line":60,"column":47}},"type":"if","locations":[{"start":{"line":60,"column":4},"end":{"line":60,"column":47}}]},"8":{"loc":{"start":{"line":61,"column":11},"end":{"line":61,"column":84}},"type":"binary-expr","locations":[{"start":{"line":61,"column":11},"end":{"line":61,"column":76}},{"start":{"line":61,"column":80},"end":{"line":61,"column":84}}]},"9":{"loc":{"start":{"line":66,"column":4},"end":{"line":66,"column":30}},"type":"if","locations":[{"start":{"line":66,"column":4},"end":{"line":66,"column":30}}]},"10":{"loc":{"start":{"line":67,"column":11},"end":{"line":67,"column":72}},"type":"binary-expr","locations":[{"start":{"line":67,"column":11},"end":{"line":67,"column":64}},{"start":{"line":67,"column":68},"end":{"line":67,"column":72}}]},"11":{"loc":{"start":{"line":72,"column":4},"end":{"line":72,"column":64}},"type":"if","locations":[{"start":{"line":72,"column":4},"end":{"line":72,"column":64}}]},"12":{"loc":{"start":{"line":72,"column":8},"end":{"line":72,"column":49}},"type":"binary-expr","locations":[{"start":{"line":72,"column":8},"end":{"line":72,"column":16}},{"start":{"line":72,"column":20},"end":{"line":72,"column":49}}]},"13":{"loc":{"start":{"line":74,"column":11},"end":{"line":74,"column":79}},"type":"binary-expr","locations":[{"start":{"line":74,"column":11},"end":{"line":74,"column":28}},{"start":{"line":74,"column":32},"end":{"line":74,"column":79}}]},"14":{"loc":{"start":{"line":79,"column":4},"end":{"line":79,"column":30}},"type":"if","locations":[{"start":{"line":79,"column":4},"end":{"line":79,"column":30}}]},"15":{"loc":{"start":{"line":80,"column":11},"end":{"line":80,"column":74}},"type":"binary-expr","locations":[{"start":{"line":80,"column":11},"end":{"line":80,"column":41}},{"start":{"line":80,"column":45},"end":{"line":80,"column":74}}]},"16":{"loc":{"start":{"line":84,"column":11},"end":{"line":84,"column":81}},"type":"binary-expr","locations":[{"start":{"line":84,"column":11},"end":{"line":84,"column":44}},{"start":{"line":84,"column":48},"end":{"line":84,"column":81}}]},"17":{"loc":{"start":{"line":136,"column":4},"end":{"line":136,"column":55}},"type":"if","locations":[{"start":{"line":136,"column":4},"end":{"line":136,"column":55}}]},"18":{"loc":{"start":{"line":139,"column":4},"end":{"line":144,"column":5}},"type":"if","locations":[{"start":{"line":139,"column":4},"end":{"line":144,"column":5}}]},"19":{"loc":{"start":{"line":141,"column":6},"end":{"line":143,"column":7}},"type":"if","locations":[{"start":{"line":141,"column":6},"end":{"line":143,"column":7}}]},"20":{"loc":{"start":{"line":148,"column":4},"end":{"line":154,"column":5}},"type":"if","locations":[{"start":{"line":148,"column":4},"end":{"line":154,"column":5}}]},"21":{"loc":{"start":{"line":151,"column":6},"end":{"line":153,"column":7}},"type":"if","locations":[{"start":{"line":151,"column":6},"end":{"line":153,"column":7}}]},"22":{"loc":{"start":{"line":151,"column":10},"end":{"line":151,"column":69}},"type":"binary-expr","locations":[{"start":{"line":151,"column":10},"end":{"line":151,"column":24}},{"start":{"line":151,"column":28},"end":{"line":151,"column":69}}]},"23":{"loc":{"start":{"line":160,"column":6},"end":{"line":162,"column":7}},"type":"if","locations":[{"start":{"line":160,"column":6},"end":{"line":162,"column":7}}]},"24":{"loc":{"start":{"line":172,"column":4},"end":{"line":174,"column":5}},"type":"if","locations":[{"start":{"line":172,"column":4},"end":{"line":174,"column":5}}]},"25":{"loc":{"start":{"line":172,"column":8},"end":{"line":172,"column":52}},"type":"binary-expr","locations":[{"start":{"line":172,"column":8},"end":{"line":172,"column":16}},{"start":{"line":172,"column":20},"end":{"line":172,"column":52}}]},"26":{"loc":{"start":{"line":175,"column":4},"end":{"line":177,"column":5}},"type":"if","locations":[{"start":{"line":175,"column":4},"end":{"line":177,"column":5}}]},"27":{"loc":{"start":{"line":175,"column":8},"end":{"line":175,"column":93}},"type":"binary-expr","locations":[{"start":{"line":175,"column":8},"end":{"line":175,"column":33}},{"start":{"line":175,"column":37},"end":{"line":175,"column":65}},{"start":{"line":175,"column":69},"end":{"line":175,"column":93}}]},"28":{"loc":{"start":{"line":181,"column":4},"end":{"line":183,"column":5}},"type":"if","locations":[{"start":{"line":181,"column":4},"end":{"line":183,"column":5}}]},"29":{"loc":{"start":{"line":181,"column":8},"end":{"line":181,"column":94}},"type":"binary-expr","locations":[{"start":{"line":181,"column":8},"end":{"line":181,"column":15}},{"start":{"line":181,"column":19},"end":{"line":181,"column":34}},{"start":{"line":181,"column":38},"end":{"line":181,"column":94}}]},"30":{"loc":{"start":{"line":190,"column":20},"end":{"line":190,"column":40}},"type":"binary-expr","locations":[{"start":{"line":190,"column":20},"end":{"line":190,"column":27}},{"start":{"line":190,"column":31},"end":{"line":190,"column":40}}]},"31":{"loc":{"start":{"line":195,"column":4},"end":{"line":199,"column":5}},"type":"if","locations":[{"start":{"line":195,"column":4},"end":{"line":199,"column":5}}]},"32":{"loc":{"start":{"line":200,"column":4},"end":{"line":203,"column":5}},"type":"if","locations":[{"start":{"line":200,"column":4},"end":{"line":203,"column":5}}]},"33":{"loc":{"start":{"line":204,"column":4},"end":{"line":207,"column":5}},"type":"if","locations":[{"start":{"line":204,"column":4},"end":{"line":207,"column":5}}]},"34":{"loc":{"start":{"line":204,"column":8},"end":{"line":204,"column":30}},"type":"binary-expr","locations":[{"start":{"line":204,"column":8},"end":{"line":204,"column":19}},{"start":{"line":204,"column":23},"end":{"line":204,"column":30}}]},"35":{"loc":{"start":{"line":208,"column":4},"end":{"line":211,"column":5}},"type":"if","locations":[{"start":{"line":208,"column":4},"end":{"line":211,"column":5}}]},"36":{"loc":{"start":{"line":208,"column":8},"end":{"line":208,"column":33}},"type":"binary-expr","locations":[{"start":{"line":208,"column":8},"end":{"line":208,"column":22}},{"start":{"line":208,"column":26},"end":{"line":208,"column":33}}]},"37":{"loc":{"start":{"line":214,"column":23},"end":{"line":214,"column":81}},"type":"cond-expr","locations":[{"start":{"line":214,"column":67},"end":{"line":214,"column":68}},{"start":{"line":214,"column":71},"end":{"line":214,"column":81}}]},"38":{"loc":{"start":{"line":214,"column":24},"end":{"line":214,"column":63}},"type":"binary-expr","locations":[{"start":{"line":214,"column":24},"end":{"line":214,"column":35}},{"start":{"line":214,"column":39},"end":{"line":214,"column":53}},{"start":{"line":214,"column":57},"end":{"line":214,"column":63}}]},"39":{"loc":{"start":{"line":215,"column":22},"end":{"line":221,"column":22}},"type":"cond-expr","locations":[{"start":{"line":216,"column":8},"end":{"line":216,"column":49}},{"start":{"line":217,"column":8},"end":{"line":221,"column":22}}]},"40":{"loc":{"start":{"line":217,"column":8},"end":{"line":221,"column":22}},"type":"cond-expr","locations":[{"start":{"line":218,"column":10},"end":{"line":218,"column":49}},{"start":{"line":219,"column":10},"end":{"line":221,"column":22}}]},"41":{"loc":{"start":{"line":219,"column":10},"end":{"line":221,"column":22}},"type":"cond-expr","locations":[{"start":{"line":220,"column":12},"end":{"line":220,"column":22}},{"start":{"line":221,"column":12},"end":{"line":221,"column":22}}]},"42":{"loc":{"start":{"line":219,"column":11},"end":{"line":219,"column":40}},"type":"binary-expr","locations":[{"start":{"line":219,"column":11},"end":{"line":219,"column":22}},{"start":{"line":219,"column":26},"end":{"line":219,"column":40}}]},"43":{"loc":{"start":{"line":225,"column":4},"end":{"line":232,"column":5}},"type":"if","locations":[{"start":{"line":225,"column":4},"end":{"line":232,"column":5}}]},"44":{"loc":{"start":{"line":228,"column":19},"end":{"line":228,"column":72}},"type":"binary-expr","locations":[{"start":{"line":228,"column":19},"end":{"line":228,"column":44}},{"start":{"line":228,"column":48},"end":{"line":228,"column":72}}]},"45":{"loc":{"start":{"line":230,"column":19},"end":{"line":230,"column":52}},"type":"binary-expr","locations":[{"start":{"line":230,"column":19},"end":{"line":230,"column":44}},{"start":{"line":230,"column":48},"end":{"line":230,"column":52}}]},"46":{"loc":{"start":{"line":237,"column":18},"end":{"line":237,"column":67}},"type":"cond-expr","locations":[{"start":{"line":237,"column":28},"end":{"line":237,"column":46}},{"start":{"line":237,"column":49},"end":{"line":237,"column":67}}]},"47":{"loc":{"start":{"line":244,"column":18},"end":{"line":244,"column":53}},"type":"binary-expr","locations":[{"start":{"line":244,"column":18},"end":{"line":244,"column":34}},{"start":{"line":244,"column":38},"end":{"line":244,"column":53}}]},"48":{"loc":{"start":{"line":260,"column":6},"end":{"line":260,"column":78}},"type":"if","locations":[{"start":{"line":260,"column":6},"end":{"line":260,"column":78}}]},"49":{"loc":{"start":{"line":261,"column":6},"end":{"line":261,"column":71}},"type":"if","locations":[{"start":{"line":261,"column":6},"end":{"line":261,"column":71}}]},"50":{"loc":{"start":{"line":262,"column":6},"end":{"line":262,"column":64}},"type":"if","locations":[{"start":{"line":262,"column":6},"end":{"line":262,"column":64}}]},"51":{"loc":{"start":{"line":262,"column":10},"end":{"line":262,"column":32}},"type":"binary-expr","locations":[{"start":{"line":262,"column":10},"end":{"line":262,"column":21}},{"start":{"line":262,"column":25},"end":{"line":262,"column":32}}]},"52":{"loc":{"start":{"line":263,"column":6},"end":{"line":263,"column":70}},"type":"if","locations":[{"start":{"line":263,"column":6},"end":{"line":263,"column":70}}]},"53":{"loc":{"start":{"line":263,"column":10},"end":{"line":263,"column":35}},"type":"binary-expr","locations":[{"start":{"line":263,"column":10},"end":{"line":263,"column":24}},{"start":{"line":263,"column":28},"end":{"line":263,"column":35}}]},"54":{"loc":{"start":{"line":267,"column":6},"end":{"line":274,"column":7}},"type":"if","locations":[{"start":{"line":267,"column":6},"end":{"line":274,"column":7}}]},"55":{"loc":{"start":{"line":268,"column":8},"end":{"line":270,"column":9}},"type":"if","locations":[{"start":{"line":268,"column":8},"end":{"line":270,"column":9}}]},"56":{"loc":{"start":{"line":272,"column":8},"end":{"line":272,"column":68}},"type":"if","locations":[{"start":{"line":272,"column":8},"end":{"line":272,"column":68}}]},"57":{"loc":{"start":{"line":272,"column":12},"end":{"line":272,"column":48}},"type":"binary-expr","locations":[{"start":{"line":272,"column":12},"end":{"line":272,"column":28}},{"start":{"line":272,"column":32},"end":{"line":272,"column":48}}]},"58":{"loc":{"start":{"line":273,"column":8},"end":{"line":273,"column":68}},"type":"if","locations":[{"start":{"line":273,"column":8},"end":{"line":273,"column":68}}]},"59":{"loc":{"start":{"line":273,"column":12},"end":{"line":273,"column":48}},"type":"binary-expr","locations":[{"start":{"line":273,"column":12},"end":{"line":273,"column":28}},{"start":{"line":273,"column":32},"end":{"line":273,"column":48}}]},"60":{"loc":{"start":{"line":278,"column":6},"end":{"line":294,"column":7}},"type":"if","locations":[{"start":{"line":278,"column":6},"end":{"line":294,"column":7}}]},"61":{"loc":{"start":{"line":279,"column":8},"end":{"line":279,"column":45}},"type":"if","locations":[{"start":{"line":279,"column":8},"end":{"line":279,"column":45}}]},"62":{"loc":{"start":{"line":280,"column":8},"end":{"line":290,"column":9}},"type":"if","locations":[{"start":{"line":280,"column":8},"end":{"line":290,"column":9}},{"start":{"line":283,"column":15},"end":{"line":290,"column":9}}]},"63":{"loc":{"start":{"line":283,"column":15},"end":{"line":290,"column":9}},"type":"if","locations":[{"start":{"line":283,"column":15},"end":{"line":290,"column":9}},{"start":{"line":286,"column":15},"end":{"line":290,"column":9}}]},"64":{"loc":{"start":{"line":286,"column":15},"end":{"line":290,"column":9}},"type":"if","locations":[{"start":{"line":286,"column":15},"end":{"line":290,"column":9}},{"start":{"line":288,"column":15},"end":{"line":290,"column":9}}]},"65":{"loc":{"start":{"line":286,"column":19},"end":{"line":286,"column":48}},"type":"binary-expr","locations":[{"start":{"line":286,"column":19},"end":{"line":286,"column":30}},{"start":{"line":286,"column":34},"end":{"line":286,"column":48}}]},"66":{"loc":{"start":{"line":291,"column":8},"end":{"line":293,"column":9}},"type":"if","locations":[{"start":{"line":291,"column":8},"end":{"line":293,"column":9}}]},"67":{"loc":{"start":{"line":291,"column":12},"end":{"line":291,"column":79}},"type":"binary-expr","locations":[{"start":{"line":291,"column":12},"end":{"line":291,"column":21}},{"start":{"line":291,"column":25},"end":{"line":291,"column":79}}]},"68":{"loc":{"start":{"line":298,"column":6},"end":{"line":309,"column":7}},"type":"if","locations":[{"start":{"line":298,"column":6},"end":{"line":309,"column":7}}]},"69":{"loc":{"start":{"line":300,"column":8},"end":{"line":300,"column":44}},"type":"if","locations":[{"start":{"line":300,"column":8},"end":{"line":300,"column":44}}]},"70":{"loc":{"start":{"line":301,"column":8},"end":{"line":305,"column":9}},"type":"if","locations":[{"start":{"line":301,"column":8},"end":{"line":305,"column":9}},{"start":{"line":303,"column":15},"end":{"line":305,"column":9}}]},"71":{"loc":{"start":{"line":306,"column":8},"end":{"line":308,"column":9}},"type":"if","locations":[{"start":{"line":306,"column":8},"end":{"line":308,"column":9}}]},"72":{"loc":{"start":{"line":306,"column":12},"end":{"line":306,"column":63}},"type":"binary-expr","locations":[{"start":{"line":306,"column":12},"end":{"line":306,"column":18}},{"start":{"line":306,"column":22},"end":{"line":306,"column":30}},{"start":{"line":306,"column":34},"end":{"line":306,"column":45}},{"start":{"line":306,"column":49},"end":{"line":306,"column":63}}]},"73":{"loc":{"start":{"line":315,"column":32},"end":{"line":315,"column":80}},"type":"cond-expr","locations":[{"start":{"line":315,"column":41},"end":{"line":315,"column":42}},{"start":{"line":315,"column":46},"end":{"line":315,"column":79}}]},"74":{"loc":{"start":{"line":315,"column":46},"end":{"line":315,"column":79}},"type":"cond-expr","locations":[{"start":{"line":315,"column":57},"end":{"line":315,"column":67}},{"start":{"line":315,"column":70},"end":{"line":315,"column":79}}]},"75":{"loc":{"start":{"line":316,"column":8},"end":{"line":323,"column":9}},"type":"if","locations":[{"start":{"line":316,"column":8},"end":{"line":323,"column":9}}]},"76":{"loc":{"start":{"line":327,"column":6},"end":{"line":371,"column":7}},"type":"if","locations":[{"start":{"line":327,"column":6},"end":{"line":371,"column":7}}]},"77":{"loc":{"start":{"line":331,"column":8},"end":{"line":370,"column":9}},"type":"if","locations":[{"start":{"line":331,"column":8},"end":{"line":370,"column":9}}]},"78":{"loc":{"start":{"line":333,"column":10},"end":{"line":344,"column":11}},"type":"if","locations":[{"start":{"line":333,"column":10},"end":{"line":344,"column":11}}]},"79":{"loc":{"start":{"line":337,"column":19},"end":{"line":337,"column":88}},"type":"binary-expr","locations":[{"start":{"line":337,"column":19},"end":{"line":337,"column":50}},{"start":{"line":337,"column":54},"end":{"line":337,"column":88}}]},"80":{"loc":{"start":{"line":342,"column":12},"end":{"line":342,"column":52}},"type":"if","locations":[{"start":{"line":342,"column":12},"end":{"line":342,"column":52}}]},"81":{"loc":{"start":{"line":374,"column":6},"end":{"line":404,"column":7}},"type":"if","locations":[{"start":{"line":374,"column":6},"end":{"line":404,"column":7}}]},"82":{"loc":{"start":{"line":376,"column":8},"end":{"line":388,"column":9}},"type":"if","locations":[{"start":{"line":376,"column":8},"end":{"line":388,"column":9}}]},"83":{"loc":{"start":{"line":392,"column":8},"end":{"line":395,"column":9}},"type":"if","locations":[{"start":{"line":392,"column":8},"end":{"line":395,"column":9}}]},"84":{"loc":{"start":{"line":398,"column":8},"end":{"line":403,"column":9}},"type":"if","locations":[{"start":{"line":398,"column":8},"end":{"line":403,"column":9}},{"start":{"line":400,"column":15},"end":{"line":403,"column":9}}]},"85":{"loc":{"start":{"line":407,"column":25},"end":{"line":407,"column":104}},"type":"cond-expr","locations":[{"start":{"line":407,"column":43},"end":{"line":407,"column":44}},{"start":{"line":407,"column":47},"end":{"line":407,"column":104}}]},"86":{"loc":{"start":{"line":408,"column":25},"end":{"line":408,"column":80}},"type":"cond-expr","locations":[{"start":{"line":408,"column":43},"end":{"line":408,"column":44}},{"start":{"line":408,"column":47},"end":{"line":408,"column":80}}]},"87":{"loc":{"start":{"line":410,"column":30},"end":{"line":411,"column":60}},"type":"binary-expr","locations":[{"start":{"line":410,"column":30},"end":{"line":410,"column":49}},{"start":{"line":411,"column":8},"end":{"line":411,"column":36}},{"start":{"line":411,"column":40},"end":{"line":411,"column":60}}]},"88":{"loc":{"start":{"line":412,"column":30},"end":{"line":412,"column":80}},"type":"binary-expr","locations":[{"start":{"line":412,"column":30},"end":{"line":412,"column":49}},{"start":{"line":412,"column":53},"end":{"line":412,"column":80}}]},"89":{"loc":{"start":{"line":414,"column":6},"end":{"line":422,"column":7}},"type":"if","locations":[{"start":{"line":414,"column":6},"end":{"line":422,"column":7}}]},"90":{"loc":{"start":{"line":414,"column":10},"end":{"line":414,"column":56}},"type":"binary-expr","locations":[{"start":{"line":414,"column":10},"end":{"line":414,"column":18}},{"start":{"line":414,"column":22},"end":{"line":414,"column":37}},{"start":{"line":414,"column":41},"end":{"line":414,"column":56}}]},"91":{"loc":{"start":{"line":437,"column":4},"end":{"line":439,"column":5}},"type":"if","locations":[{"start":{"line":437,"column":4},"end":{"line":439,"column":5}}]},"92":{"loc":{"start":{"line":446,"column":6},"end":{"line":449,"column":7}},"type":"if","locations":[{"start":{"line":446,"column":6},"end":{"line":449,"column":7}}]},"93":{"loc":{"start":{"line":458,"column":4},"end":{"line":460,"column":5}},"type":"if","locations":[{"start":{"line":458,"column":4},"end":{"line":460,"column":5}}]},"94":{"loc":{"start":{"line":461,"column":4},"end":{"line":463,"column":5}},"type":"if","locations":[{"start":{"line":461,"column":4},"end":{"line":463,"column":5}}]},"95":{"loc":{"start":{"line":484,"column":4},"end":{"line":486,"column":5}},"type":"if","locations":[{"start":{"line":484,"column":4},"end":{"line":486,"column":5}}]},"96":{"loc":{"start":{"line":484,"column":8},"end":{"line":484,"column":66}},"type":"binary-expr","locations":[{"start":{"line":484,"column":8},"end":{"line":484,"column":23}},{"start":{"line":484,"column":27},"end":{"line":484,"column":66}}]},"97":{"loc":{"start":{"line":489,"column":4},"end":{"line":504,"column":5}},"type":"if","locations":[{"start":{"line":489,"column":4},"end":{"line":504,"column":5}}]},"98":{"loc":{"start":{"line":491,"column":6},"end":{"line":491,"column":80}},"type":"if","locations":[{"start":{"line":491,"column":6},"end":{"line":491,"column":80}}]},"99":{"loc":{"start":{"line":507,"column":4},"end":{"line":509,"column":5}},"type":"if","locations":[{"start":{"line":507,"column":4},"end":{"line":509,"column":5}}]},"100":{"loc":{"start":{"line":517,"column":4},"end":{"line":519,"column":5}},"type":"if","locations":[{"start":{"line":517,"column":4},"end":{"line":519,"column":5}}]},"101":{"loc":{"start":{"line":517,"column":8},"end":{"line":517,"column":69}},"type":"binary-expr","locations":[{"start":{"line":517,"column":8},"end":{"line":517,"column":42}},{"start":{"line":517,"column":46},"end":{"line":517,"column":69}}]},"102":{"loc":{"start":{"line":521,"column":4},"end":{"line":529,"column":5}},"type":"if","locations":[{"start":{"line":521,"column":4},"end":{"line":529,"column":5}}]},"103":{"loc":{"start":{"line":521,"column":8},"end":{"line":521,"column":69}},"type":"binary-expr","locations":[{"start":{"line":521,"column":8},"end":{"line":521,"column":42}},{"start":{"line":521,"column":46},"end":{"line":521,"column":69}}]},"104":{"loc":{"start":{"line":549,"column":4},"end":{"line":551,"column":5}},"type":"if","locations":[{"start":{"line":549,"column":4},"end":{"line":551,"column":5}}]},"105":{"loc":{"start":{"line":564,"column":4},"end":{"line":566,"column":5}},"type":"if","locations":[{"start":{"line":564,"column":4},"end":{"line":566,"column":5}}]},"106":{"loc":{"start":{"line":564,"column":8},"end":{"line":564,"column":89}},"type":"binary-expr","locations":[{"start":{"line":564,"column":8},"end":{"line":564,"column":43}},{"start":{"line":564,"column":47},"end":{"line":564,"column":89}}]},"107":{"loc":{"start":{"line":567,"column":4},"end":{"line":567,"column":52}},"type":"if","locations":[{"start":{"line":567,"column":4},"end":{"line":567,"column":52}}]},"108":{"loc":{"start":{"line":570,"column":4},"end":{"line":570,"column":61}},"type":"if","locations":[{"start":{"line":570,"column":4},"end":{"line":570,"column":61}}]},"109":{"loc":{"start":{"line":582,"column":6},"end":{"line":587,"column":7}},"type":"if","locations":[{"start":{"line":582,"column":6},"end":{"line":587,"column":7}},{"start":{"line":585,"column":13},"end":{"line":587,"column":7}}]},"110":{"loc":{"start":{"line":592,"column":6},"end":{"line":596,"column":7}},"type":"if","locations":[{"start":{"line":592,"column":6},"end":{"line":596,"column":7}}]},"111":{"loc":{"start":{"line":592,"column":10},"end":{"line":592,"column":57}},"type":"binary-expr","locations":[{"start":{"line":592,"column":10},"end":{"line":592,"column":30}},{"start":{"line":592,"column":34},"end":{"line":592,"column":57}}]},"112":{"loc":{"start":{"line":615,"column":6},"end":{"line":618,"column":7}},"type":"if","locations":[{"start":{"line":615,"column":6},"end":{"line":618,"column":7}}]},"113":{"loc":{"start":{"line":621,"column":6},"end":{"line":631,"column":7}},"type":"if","locations":[{"start":{"line":621,"column":6},"end":{"line":631,"column":7}}]},"114":{"loc":{"start":{"line":634,"column":6},"end":{"line":638,"column":7}},"type":"if","locations":[{"start":{"line":634,"column":6},"end":{"line":638,"column":7}},{"start":{"line":636,"column":13},"end":{"line":638,"column":7}}]},"115":{"loc":{"start":{"line":636,"column":13},"end":{"line":638,"column":7}},"type":"if","locations":[{"start":{"line":636,"column":13},"end":{"line":638,"column":7}}]},"116":{"loc":{"start":{"line":648,"column":6},"end":{"line":648,"column":68}},"type":"if","locations":[{"start":{"line":648,"column":6},"end":{"line":648,"column":68}}]},"117":{"loc":{"start":{"line":648,"column":10},"end":{"line":648,"column":59}},"type":"binary-expr","locations":[{"start":{"line":648,"column":10},"end":{"line":648,"column":31}},{"start":{"line":648,"column":35},"end":{"line":648,"column":59}}]},"118":{"loc":{"start":{"line":668,"column":4},"end":{"line":685,"column":5}},"type":"if","locations":[{"start":{"line":668,"column":4},"end":{"line":685,"column":5}}]},"119":{"loc":{"start":{"line":668,"column":8},"end":{"line":668,"column":53}},"type":"binary-expr","locations":[{"start":{"line":668,"column":8},"end":{"line":668,"column":23}},{"start":{"line":668,"column":27},"end":{"line":668,"column":53}}]},"120":{"loc":{"start":{"line":670,"column":6},"end":{"line":683,"column":7}},"type":"if","locations":[{"start":{"line":670,"column":6},"end":{"line":683,"column":7}}]},"121":{"loc":{"start":{"line":670,"column":10},"end":{"line":670,"column":71}},"type":"binary-expr","locations":[{"start":{"line":670,"column":10},"end":{"line":670,"column":32}},{"start":{"line":670,"column":36},"end":{"line":670,"column":71}}]},"122":{"loc":{"start":{"line":674,"column":8},"end":{"line":682,"column":9}},"type":"if","locations":[{"start":{"line":674,"column":8},"end":{"line":682,"column":9}},{"start":{"line":677,"column":15},"end":{"line":682,"column":9}}]},"123":{"loc":{"start":{"line":676,"column":118},"end":{"line":676,"column":151}},"type":"cond-expr","locations":[{"start":{"line":676,"column":143},"end":{"line":676,"column":146}},{"start":{"line":676,"column":149},"end":{"line":676,"column":151}}]},"124":{"loc":{"start":{"line":677,"column":15},"end":{"line":682,"column":9}},"type":"if","locations":[{"start":{"line":677,"column":15},"end":{"line":682,"column":9}},{"start":{"line":679,"column":15},"end":{"line":682,"column":9}}]},"125":{"loc":{"start":{"line":681,"column":106},"end":{"line":681,"column":130}},"type":"cond-expr","locations":[{"start":{"line":681,"column":122},"end":{"line":681,"column":125}},{"start":{"line":681,"column":128},"end":{"line":681,"column":130}}]},"126":{"loc":{"start":{"line":687,"column":4},"end":{"line":724,"column":5}},"type":"if","locations":[{"start":{"line":687,"column":4},"end":{"line":724,"column":5}},{"start":{"line":706,"column":11},"end":{"line":724,"column":5}}]},"127":{"loc":{"start":{"line":689,"column":6},"end":{"line":705,"column":7}},"type":"if","locations":[{"start":{"line":689,"column":6},"end":{"line":705,"column":7}}]},"128":{"loc":{"start":{"line":689,"column":10},"end":{"line":689,"column":82}},"type":"binary-expr","locations":[{"start":{"line":689,"column":10},"end":{"line":689,"column":41}},{"start":{"line":689,"column":45},"end":{"line":689,"column":82}}]},"129":{"loc":{"start":{"line":694,"column":8},"end":{"line":704,"column":9}},"type":"if","locations":[{"start":{"line":694,"column":8},"end":{"line":704,"column":9}},{"start":{"line":698,"column":15},"end":{"line":704,"column":9}}]},"130":{"loc":{"start":{"line":697,"column":76},"end":{"line":697,"column":109}},"type":"cond-expr","locations":[{"start":{"line":697,"column":101},"end":{"line":697,"column":104}},{"start":{"line":697,"column":107},"end":{"line":697,"column":109}}]},"131":{"loc":{"start":{"line":698,"column":15},"end":{"line":704,"column":9}},"type":"if","locations":[{"start":{"line":698,"column":15},"end":{"line":704,"column":9}},{"start":{"line":700,"column":15},"end":{"line":704,"column":9}}]},"132":{"loc":{"start":{"line":703,"column":64},"end":{"line":703,"column":88}},"type":"cond-expr","locations":[{"start":{"line":703,"column":80},"end":{"line":703,"column":83}},{"start":{"line":703,"column":86},"end":{"line":703,"column":88}}]},"133":{"loc":{"start":{"line":706,"column":11},"end":{"line":724,"column":5}},"type":"if","locations":[{"start":{"line":706,"column":11},"end":{"line":724,"column":5}}]},"134":{"loc":{"start":{"line":708,"column":6},"end":{"line":723,"column":7}},"type":"if","locations":[{"start":{"line":708,"column":6},"end":{"line":723,"column":7}}]},"135":{"loc":{"start":{"line":708,"column":10},"end":{"line":708,"column":82}},"type":"binary-expr","locations":[{"start":{"line":708,"column":10},"end":{"line":708,"column":41}},{"start":{"line":708,"column":45},"end":{"line":708,"column":82}}]},"136":{"loc":{"start":{"line":715,"column":8},"end":{"line":722,"column":9}},"type":"if","locations":[{"start":{"line":715,"column":8},"end":{"line":722,"column":9}},{"start":{"line":717,"column":15},"end":{"line":722,"column":9}}]},"137":{"loc":{"start":{"line":717,"column":15},"end":{"line":722,"column":9}},"type":"if","locations":[{"start":{"line":717,"column":15},"end":{"line":722,"column":9}},{"start":{"line":720,"column":15},"end":{"line":722,"column":9}}]},"138":{"loc":{"start":{"line":728,"column":4},"end":{"line":728,"column":69}},"type":"if","locations":[{"start":{"line":728,"column":4},"end":{"line":728,"column":69}}]},"139":{"loc":{"start":{"line":729,"column":4},"end":{"line":729,"column":69}},"type":"if","locations":[{"start":{"line":729,"column":4},"end":{"line":729,"column":69}}]}},"s":{"0":3,"1":3,"2":3,"3":3887,"4":3,"5":3,"6":5163,"7":5163,"8":450,"9":0,"10":10563,"11":0,"12":10563,"13":19,"14":19,"15":0,"16":19,"17":22,"18":0,"19":0,"20":0,"21":0,"22":0,"23":10,"24":10,"25":0,"26":10,"27":10,"28":6,"29":6,"30":0,"31":6,"32":3730,"33":3730,"34":154,"35":3576,"36":3576,"37":24,"38":0,"39":0,"40":0,"41":0,"42":0,"43":1,"44":142,"45":142,"46":142,"47":142,"48":142,"49":157,"50":157,"51":157,"52":157,"53":157,"54":157,"55":157,"56":171,"57":171,"58":171,"59":171,"60":171,"61":171,"62":171,"63":171,"64":717,"65":717,"66":0,"67":717,"68":546,"69":546,"70":2,"71":715,"72":715,"73":637,"74":637,"75":1251,"76":637,"77":3,"78":712,"79":712,"80":712,"81":712,"82":1392,"83":712,"84":276,"85":712,"86":712,"87":3720,"88":3720,"89":0,"90":3720,"91":0,"92":3720,"93":3720,"94":5,"95":3715,"96":3715,"97":3715,"98":3715,"99":3715,"100":3715,"101":3715,"102":13,"103":13,"104":13,"105":3715,"106":23,"107":23,"108":3715,"109":8,"110":8,"111":3715,"112":6,"113":6,"114":3715,"115":3715,"116":3715,"117":3715,"118":96,"119":3715,"120":3715,"121":3715,"122":3715,"123":3715,"124":3715,"125":13,"126":3715,"127":23,"128":3715,"129":8,"130":3715,"131":6,"132":3715,"133":5869,"134":3715,"135":3715,"136":3702,"137":3715,"138":3715,"139":27,"140":3715,"141":17,"142":3715,"143":9422,"144":3715,"145":3715,"146":3679,"147":3715,"148":13,"149":13,"150":3702,"151":23,"152":23,"153":3679,"154":3665,"155":3715,"156":87,"157":3715,"158":3715,"159":3715,"160":3715,"161":3702,"162":3715,"163":2022,"164":1693,"165":3715,"166":50,"167":3715,"168":3715,"169":664,"170":664,"171":664,"172":664,"173":1373,"174":3715,"175":3679,"176":3679,"177":593,"178":593,"179":593,"180":41488,"181":593,"182":3562,"183":5,"184":593,"185":457,"186":593,"187":593,"188":41488,"189":593,"190":3562,"191":5,"192":593,"193":3562,"194":593,"195":593,"196":593,"197":593,"198":593,"199":593,"200":593,"201":593,"202":1242,"203":3715,"204":96,"205":95,"206":95,"207":96,"208":416,"209":96,"210":96,"211":96,"212":96,"213":90,"214":6,"215":3715,"216":3715,"217":3715,"218":3715,"219":3715,"220":3715,"221":30,"222":30,"223":30,"224":30,"225":30,"226":3715,"227":3715,"228":3715,"229":21,"230":2,"231":19,"232":19,"233":19,"234":19,"235":19,"236":0,"237":0,"238":19,"239":0,"240":0,"241":0,"242":0,"243":0,"244":0,"245":0,"246":0,"247":0,"248":0,"249":0,"250":0,"251":0,"252":0,"253":0,"254":0,"255":0,"256":15,"257":15,"258":0,"259":15,"260":0,"261":0,"262":0,"263":0,"264":0,"265":0,"266":0,"267":0,"268":0,"269":0,"270":0,"271":0,"272":0,"273":0,"274":0,"275":15,"276":15,"277":0,"278":15,"279":15,"280":15,"281":15,"282":11,"283":15,"284":1,"285":3,"286":1,"287":1,"288":3,"289":2,"290":1,"291":15,"292":15,"293":15,"294":15,"295":15,"296":15,"297":15,"298":6,"299":0,"300":6,"301":6,"302":6,"303":6,"304":6,"305":6,"306":6,"307":6,"308":0,"309":0,"310":0,"311":0,"312":0,"313":0,"314":0,"315":0,"316":0,"317":69,"318":69,"319":69,"320":69,"321":69,"322":68,"323":68,"324":1,"325":69,"326":69,"327":69,"328":69,"329":69,"330":0,"331":0,"332":0,"333":0,"334":0,"335":0,"336":0,"337":0,"338":0,"339":0,"340":0,"341":0,"342":0,"343":0,"344":0,"345":0,"346":0,"347":0,"348":0,"349":0,"350":0,"351":0,"352":0,"353":0,"354":0,"355":0,"356":0,"357":0,"358":30,"359":30,"360":30,"361":30,"362":0,"363":0,"364":0,"365":0,"366":0,"367":0,"368":0,"369":0,"370":0,"371":0,"372":0,"373":0,"374":0,"375":0,"376":30,"377":30,"378":9,"379":9,"380":9,"381":9,"382":4,"383":4,"384":4,"385":5,"386":2,"387":3,"388":3,"389":3,"390":0,"391":0,"392":0,"393":0,"394":0,"395":0,"396":0,"397":0,"398":0,"399":0,"400":0,"401":0,"402":0,"403":0,"404":0,"405":0,"406":7,"407":3,"408":4,"409":4,"410":0,"411":3,"412":172,"413":411,"414":276,"415":240,"416":158},"f":{"0":3887,"1":5163,"2":450,"3":0,"4":10563,"5":19,"6":22,"7":0,"8":0,"9":10,"10":10,"11":6,"12":3730,"13":24,"14":0,"15":0,"16":1,"17":142,"18":142,"19":157,"20":157,"21":171,"22":171,"23":717,"24":1251,"25":712,"26":1392,"27":3720,"28":3715,"29":5869,"30":9422,"31":1373,"32":41488,"33":3562,"34":5,"35":41488,"36":3562,"37":5,"38":3562,"39":1242,"40":416,"41":21,"42":19,"43":0,"44":0,"45":15,"46":0,"47":0,"48":3,"49":1,"50":3,"51":2,"52":15,"53":6,"54":6,"55":0,"56":69,"57":69,"58":0,"59":0,"60":0,"61":0,"62":0,"63":30,"64":0,"65":0,"66":0,"67":0,"68":0,"69":7,"70":172,"71":411,"72":276,"73":240,"74":158},"b":{"0":[157],"1":[0],"2":[10563,10563],"3":[0],"4":[19,0],"5":[0],"6":[0,0],"7":[0],"8":[10,0],"9":[0],"10":[6,0],"11":[154],"12":[3730,3730],"13":[3576,24],"14":[0],"15":[0,0],"16":[0,0],"17":[0],"18":[546],"19":[2],"20":[637],"21":[3],"22":[637,375],"23":[276],"24":[0],"25":[3720,3720],"26":[0],"27":[3720,3720,3720],"28":[5],"29":[3720,13,8],"30":[3715,3702],"31":[13],"32":[23],"33":[8],"34":[3715,8],"35":[6],"36":[3715,6],"37":[27,3688],"38":[3715,3707,3701],"39":[23,3692],"40":[13,3679],"41":[14,3665],"42":[3679,3671],"43":[96],"44":[96,88],"45":[96,90],"46":[3679,36],"47":[3715,44],"48":[13],"49":[23],"50":[8],"51":[3715,8],"52":[6],"53":[3715,6],"54":[3715],"55":[3702],"56":[27],"57":[3715,44],"58":[17],"59":[3715,44],"60":[3715],"61":[3679],"62":[13,3702],"63":[23,3679],"64":[14,3665],"65":[3679,3671],"66":[87],"67":[3715,96],"68":[3715],"69":[3702],"70":[2022,1693],"71":[50],"72":[3715,3702,3679,3671],"73":[13,3702],"74":[23,3679],"75":[664],"76":[3679],"77":[593],"78":[593],"79":[41488,3562],"80":[457],"81":[96],"82":[95],"83":[96],"84":[90,6],"85":[0,3715],"86":[0,3715],"87":[3715,3289,20],"88":[3715,728],"89":[30],"90":[3715,3708,3688],"91":[2],"92":[0],"93":[0],"94":[0],"95":[0],"96":[15,15],"97":[0],"98":[0],"99":[0],"100":[11],"101":[15,11],"102":[1],"103":[15,4],"104":[0],"105":[0],"106":[0,0],"107":[0],"108":[0],"109":[68,1],"110":[69],"111":[69,69],"112":[0],"113":[0],"114":[0,0],"115":[0],"116":[0],"117":[0,0],"118":[0],"119":[30,0],"120":[0],"121":[0,0],"122":[0,0],"123":[0,0],"124":[0,0],"125":[0,0],"126":[30,0],"127":[9],"128":[30,9],"129":[4,5],"130":[4,0],"131":[2,3],"132":[3,0],"133":[0],"134":[0],"135":[0,0],"136":[0,0],"137":[0,0],"138":[3],"139":[4]}}
,"/Users/mrkalakota/Documents/CricketScoringPro/src/engine/types.ts": {"path":"/Users/mrkalakota/Documents/CricketScoringPro/src/engine/types.ts","statementMap":{"0":{"start":{"line":355,"column":13},"end":{"line":387,"column":2}}},"fnMap":{},"branchMap":{},"s":{"0":3},"f":{},"b":{}}
,"/Users/mrkalakota/Documents/CricketScoringPro/src/utils/commentary.ts": {"path":"/Users/mrkalakota/Documents/CricketScoringPro/src/utils/commentary.ts","statementMap":{"0":{"start":{"line":51,"column":0},"end":{"line":51,"column":16}},"1":{"start":{"line":157,"column":0},"end":{"line":157,"column":16}},"2":{"start":{"line":2,"column":0},"end":{"line":2,"column":52}},"3":{"start":{"line":12,"column":18},"end":{"line":12,"column":84}},"4":{"start":{"line":13,"column":19},"end":{"line":13,"column":79}},"5":{"start":{"line":14,"column":20},"end":{"line":20,"column":2}},"6":{"start":{"line":21,"column":23},"end":{"line":27,"column":2}},"7":{"start":{"line":30,"column":10},"end":{"line":30,"column":11}},"8":{"start":{"line":31,"column":2},"end":{"line":31,"column":76}},"9":{"start":{"line":31,"column":15},"end":{"line":31,"column":16}},"10":{"start":{"line":31,"column":38},"end":{"line":31,"column":76}},"11":{"start":{"line":32,"column":2},"end":{"line":32,"column":17}},"12":{"start":{"line":36,"column":2},"end":{"line":36,"column":42}},"13":{"start":{"line":42,"column":2},"end":{"line":42,"column":32}},"14":{"start":{"line":52,"column":17},"end":{"line":52,"column":55}},"15":{"start":{"line":53,"column":17},"end":{"line":53,"column":54}},"16":{"start":{"line":54,"column":21},"end":{"line":54,"column":62}},"17":{"start":{"line":57,"column":2},"end":{"line":89,"column":3}},"18":{"start":{"line":58,"column":32},"end":{"line":58,"column":46}},"19":{"start":{"line":59,"column":20},"end":{"line":59,"column":72}},"20":{"start":{"line":60,"column":17},"end":{"line":63,"column":8}},"21":{"start":{"line":61,"column":28},"end":{"line":61,"column":37}},"22":{"start":{"line":62,"column":6},"end":{"line":62,"column":27}},"23":{"start":{"line":65,"column":4},"end":{"line":88,"column":5}},"24":{"start":{"line":67,"column":8},"end":{"line":67,"column":64}},"25":{"start":{"line":69,"column":8},"end":{"line":71,"column":55}},"26":{"start":{"line":73,"column":8},"end":{"line":73,"column":82}},"27":{"start":{"line":75,"column":8},"end":{"line":75,"column":82}},"28":{"start":{"line":77,"column":8},"end":{"line":79,"column":63}},"29":{"start":{"line":81,"column":8},"end":{"line":81,"column":82}},"30":{"start":{"line":83,"column":8},"end":{"line":83,"column":40}},"31":{"start":{"line":85,"column":8},"end":{"line":85,"column":65}},"32":{"start":{"line":87,"column":8},"end":{"line":87,"column":75}},"33":{"start":{"line":92,"column":2},"end":{"line":107,"column":3}},"34":{"start":{"line":93,"column":18},"end":{"line":93,"column":32}},"35":{"start":{"line":94,"column":4},"end":{"line":100,"column":5}},"36":{"start":{"line":95,"column":29},"end":{"line":95,"column":43}},"37":{"start":{"line":96,"column":6},"end":{"line":98,"column":7}},"38":{"start":{"line":97,"column":8},"end":{"line":97,"column":84}},"39":{"start":{"line":99,"column":6},"end":{"line":99,"column":39}},"40":{"start":{"line":101,"column":4},"end":{"line":106,"column":5}},"41":{"start":{"line":102,"column":6},"end":{"line":104,"column":7}},"42":{"start":{"line":103,"column":8},"end":{"line":103,"column":75}},"43":{"start":{"line":105,"column":6},"end":{"line":105,"column":52}},"44":{"start":{"line":110,"column":14},"end":{"line":110,"column":53}},"45":{"start":{"line":110,"column":36},"end":{"line":110,"column":52}},"46":{"start":{"line":111,"column":2},"end":{"line":113,"column":3}},"47":{"start":{"line":112,"column":4},"end":{"line":112,"column":79}},"48":{"start":{"line":114,"column":17},"end":{"line":114,"column":60}},"49":{"start":{"line":114,"column":39},"end":{"line":114,"column":59}},"50":{"start":{"line":115,"column":2},"end":{"line":117,"column":3}},"51":{"start":{"line":116,"column":4},"end":{"line":116,"column":80}},"52":{"start":{"line":120,"column":2},"end":{"line":123,"column":3}},"53":{"start":{"line":121,"column":17},"end":{"line":121,"column":41}},"54":{"start":{"line":122,"column":4},"end":{"line":122,"column":54}},"55":{"start":{"line":125,"column":2},"end":{"line":128,"column":3}},"56":{"start":{"line":126,"column":17},"end":{"line":126,"column":42}},"57":{"start":{"line":127,"column":4},"end":{"line":127,"column":57}},"58":{"start":{"line":130,"column":2},"end":{"line":133,"column":3}},"59":{"start":{"line":132,"column":4},"end":{"line":132,"column":46}},"60":{"start":{"line":135,"column":2},"end":{"line":137,"column":3}},"61":{"start":{"line":136,"column":4},"end":{"line":136,"column":87}},"62":{"start":{"line":139,"column":2},"end":{"line":141,"column":3}},"63":{"start":{"line":140,"column":4},"end":{"line":140,"column":64}},"64":{"start":{"line":143,"column":2},"end":{"line":146,"column":3}},"65":{"start":{"line":144,"column":19},"end":{"line":144,"column":84}},"66":{"start":{"line":145,"column":4},"end":{"line":145,"column":39}},"67":{"start":{"line":149,"column":20},"end":{"line":149,"column":46}},"68":{"start":{"line":150,"column":2},"end":{"line":150,"column":58}},"69":{"start":{"line":162,"column":2},"end":{"line":165,"column":41}},"70":{"start":{"line":165,"column":14},"end":{"line":165,"column":39}}},"fnMap":{"0":{"name":"hashIndex","decl":{"start":{"line":29,"column":9},"end":{"line":29,"column":18}},"loc":{"start":{"line":29,"column":42},"end":{"line":33,"column":1}}},"1":{"name":"pick","decl":{"start":{"line":35,"column":9},"end":{"line":35,"column":13}},"loc":{"start":{"line":35,"column":38},"end":{"line":37,"column":1}}},"2":{"name":"firstName","decl":{"start":{"line":41,"column":9},"end":{"line":41,"column":18}},"loc":{"start":{"line":41,"column":35},"end":{"line":43,"column":1}}},"3":{"name":"getBallCommentary","decl":{"start":{"line":51,"column":16},"end":{"line":51,"column":33}},"loc":{"start":{"line":51,"column":75},"end":{"line":151,"column":1}}},"4":{"name":"(anonymous_4)","decl":{"start":{"line":60,"column":18},"end":{"line":60,"column":21}},"loc":{"start":{"line":60,"column":23},"end":{"line":63,"column":5}}},"5":{"name":"(anonymous_5)","decl":{"start":{"line":110,"column":31},"end":{"line":110,"column":32}},"loc":{"start":{"line":110,"column":36},"end":{"line":110,"column":52}}},"6":{"name":"(anonymous_6)","decl":{"start":{"line":114,"column":34},"end":{"line":114,"column":35}},"loc":{"start":{"line":114,"column":39},"end":{"line":114,"column":59}}},"7":{"name":"getLiveFeed","decl":{"start":{"line":157,"column":16},"end":{"line":157,"column":27}},"loc":{"start":{"line":160,"column":11},"end":{"line":166,"column":1}}},"8":{"name":"(anonymous_8)","decl":{"start":{"line":165,"column":9},"end":{"line":165,"column":10}},"loc":{"start":{"line":165,"column":14},"end":{"line":165,"column":39}}}},"branchMap":{"0":{"loc":{"start":{"line":57,"column":2},"end":{"line":89,"column":3}},"type":"if","locations":[{"start":{"line":57,"column":2},"end":{"line":89,"column":3}}]},"1":{"loc":{"start":{"line":59,"column":20},"end":{"line":59,"column":72}},"type":"cond-expr","locations":[{"start":{"line":59,"column":32},"end":{"line":59,"column":65}},{"start":{"line":59,"column":68},"end":{"line":59,"column":72}}]},"2":{"loc":{"start":{"line":65,"column":4},"end":{"line":88,"column":5}},"type":"switch","locations":[{"start":{"line":66,"column":6},"end":{"line":67,"column":64}},{"start":{"line":68,"column":6},"end":{"line":71,"column":55}},{"start":{"line":72,"column":6},"end":{"line":73,"column":82}},{"start":{"line":74,"column":6},"end":{"line":75,"column":82}},{"start":{"line":76,"column":6},"end":{"line":79,"column":63}},{"start":{"line":80,"column":6},"end":{"line":81,"column":82}},{"start":{"line":82,"column":6},"end":{"line":83,"column":40}},{"start":{"line":84,"column":6},"end":{"line":85,"column":65}},{"start":{"line":86,"column":6},"end":{"line":87,"column":75}}]},"3":{"loc":{"start":{"line":69,"column":15},"end":{"line":71,"column":54}},"type":"cond-expr","locations":[{"start":{"line":70,"column":12},"end":{"line":70,"column":78}},{"start":{"line":71,"column":12},"end":{"line":71,"column":54}}]},"4":{"loc":{"start":{"line":77,"column":15},"end":{"line":79,"column":62}},"type":"cond-expr","locations":[{"start":{"line":78,"column":12},"end":{"line":78,"column":76}},{"start":{"line":79,"column":12},"end":{"line":79,"column":62}}]},"5":{"loc":{"start":{"line":92,"column":2},"end":{"line":107,"column":3}},"type":"if","locations":[{"start":{"line":92,"column":2},"end":{"line":107,"column":3}}]},"6":{"loc":{"start":{"line":94,"column":4},"end":{"line":100,"column":5}},"type":"if","locations":[{"start":{"line":94,"column":4},"end":{"line":100,"column":5}}]},"7":{"loc":{"start":{"line":96,"column":6},"end":{"line":98,"column":7}},"type":"if","locations":[{"start":{"line":96,"column":6},"end":{"line":98,"column":7}}]},"8":{"loc":{"start":{"line":97,"column":45},"end":{"line":97,"column":74}},"type":"cond-expr","locations":[{"start":{"line":97,"column":66},"end":{"line":97,"column":69}},{"start":{"line":97,"column":72},"end":{"line":97,"column":74}}]},"9":{"loc":{"start":{"line":101,"column":4},"end":{"line":106,"column":5}},"type":"if","locations":[{"start":{"line":101,"column":4},"end":{"line":106,"column":5}}]},"10":{"loc":{"start":{"line":102,"column":6},"end":{"line":104,"column":7}},"type":"if","locations":[{"start":{"line":102,"column":6},"end":{"line":104,"column":7}}]},"11":{"loc":{"start":{"line":111,"column":2},"end":{"line":113,"column":3}},"type":"if","locations":[{"start":{"line":111,"column":2},"end":{"line":113,"column":3}}]},"12":{"loc":{"start":{"line":112,"column":29},"end":{"line":112,"column":52}},"type":"cond-expr","locations":[{"start":{"line":112,"column":44},"end":{"line":112,"column":47}},{"start":{"line":112,"column":50},"end":{"line":112,"column":52}}]},"13":{"loc":{"start":{"line":115,"column":2},"end":{"line":117,"column":3}},"type":"if","locations":[{"start":{"line":115,"column":2},"end":{"line":117,"column":3}}]},"14":{"loc":{"start":{"line":116,"column":36},"end":{"line":116,"column":62}},"type":"cond-expr","locations":[{"start":{"line":116,"column":54},"end":{"line":116,"column":57}},{"start":{"line":116,"column":60},"end":{"line":116,"column":62}}]},"15":{"loc":{"start":{"line":120,"column":2},"end":{"line":123,"column":3}},"type":"if","locations":[{"start":{"line":120,"column":2},"end":{"line":123,"column":3}}]},"16":{"loc":{"start":{"line":125,"column":2},"end":{"line":128,"column":3}},"type":"if","locations":[{"start":{"line":125,"column":2},"end":{"line":128,"column":3}}]},"17":{"loc":{"start":{"line":125,"column":6},"end":{"line":125,"column":40}},"type":"binary-expr","locations":[{"start":{"line":125,"column":6},"end":{"line":125,"column":21}},{"start":{"line":125,"column":25},"end":{"line":125,"column":40}}]},"18":{"loc":{"start":{"line":130,"column":2},"end":{"line":133,"column":3}},"type":"if","locations":[{"start":{"line":130,"column":2},"end":{"line":133,"column":3}}]},"19":{"loc":{"start":{"line":135,"column":2},"end":{"line":137,"column":3}},"type":"if","locations":[{"start":{"line":135,"column":2},"end":{"line":137,"column":3}}]},"20":{"loc":{"start":{"line":139,"column":2},"end":{"line":141,"column":3}},"type":"if","locations":[{"start":{"line":139,"column":2},"end":{"line":141,"column":3}}]},"21":{"loc":{"start":{"line":143,"column":2},"end":{"line":146,"column":3}},"type":"if","locations":[{"start":{"line":143,"column":2},"end":{"line":146,"column":3}}]},"22":{"loc":{"start":{"line":160,"column":2},"end":{"line":160,"column":11}},"type":"default-arg","locations":[{"start":{"line":160,"column":10},"end":{"line":160,"column":11}}]}},"s":{"0":1,"1":1,"2":1,"3":1,"4":1,"5":1,"6":1,"7":27,"8":27,"9":27,"10":160,"11":27,"12":27,"13":122,"14":40,"15":40,"16":40,"17":40,"18":6,"19":6,"20":6,"21":6,"22":6,"23":6,"24":1,"25":1,"26":1,"27":1,"28":1,"29":0,"30":0,"31":1,"32":0,"33":34,"34":4,"35":4,"36":2,"37":2,"38":1,"39":1,"40":2,"41":2,"42":1,"43":1,"44":30,"45":2,"46":30,"47":1,"48":29,"49":1,"50":29,"51":1,"52":28,"53":11,"54":11,"55":17,"56":4,"57":4,"58":13,"59":0,"60":13,"61":0,"62":13,"63":1,"64":12,"65":1,"66":1,"67":11,"68":11,"69":4,"70":9},"f":{"0":27,"1":27,"2":122,"3":40,"4":6,"5":2,"6":1,"7":4,"8":9},"b":{"0":[6],"1":[2,4],"2":[1,1,1,1,1,0,0,1,0],"3":[1,0],"4":[1,0],"5":[4],"6":[2],"7":[1],"8":[1,0],"9":[2],"10":[1],"11":[1],"12":[1,0],"13":[1],"14":[0,1],"15":[11],"16":[4],"17":[17,4],"18":[0],"19":[0],"20":[1],"21":[1],"22":[2]}}
,"/Users/mrkalakota/Documents/CricketScoringPro/src/utils/constants.ts": {"path":"/Users/mrkalakota/Documents/CricketScoringPro/src/utils/constants.ts","statementMap":{"0":{"start":{"line":1,"column":39},"end":{"line":1,"column":85}},"1":{"start":{"line":1,"column":67},"end":{"line":1,"column":85}},"2":{"start":{"line":1,"column":13},"end":{"line":1,"column":39}},"3":{"start":{"line":3,"column":13},"end":{"line":3,"column":32}},"4":{"start":{"line":5,"column":13},"end":{"line":12,"column":3}},"5":{"start":{"line":14,"column":13},"end":{"line":20,"column":3}}},"fnMap":{"0":{"name":"(anonymous_0)","decl":{"start":{"line":1,"column":39},"end":{"line":1,"column":40}},"loc":{"start":{"line":1,"column":67},"end":{"line":1,"column":85}}}},"branchMap":{},"s":{"0":4,"1":3715,"2":4,"3":4,"4":4,"5":4},"f":{"0":3715},"b":{}}
,"/Users/mrkalakota/Documents/CricketScoringPro/src/utils/formatters.ts": {"path":"/Users/mrkalakota/Documents/CricketScoringPro/src/utils/formatters.ts","statementMap":{"0":{"start":{"line":4,"column":0},"end":{"line":4,"column":16}},"1":{"start":{"line":8,"column":0},"end":{"line":8,"column":16}},"2":{"start":{"line":12,"column":0},"end":{"line":12,"column":16}},"3":{"start":{"line":17,"column":0},"end":{"line":17,"column":16}},"4":{"start":{"line":21,"column":0},"end":{"line":21,"column":16}},"5":{"start":{"line":38,"column":0},"end":{"line":38,"column":16}},"6":{"start":{"line":56,"column":0},"end":{"line":56,"column":16}},"7":{"start":{"line":1,"column":0},"end":{"line":1,"column":45}},"8":{"start":{"line":5,"column":2},"end":{"line":5,"column":56}},"9":{"start":{"line":9,"column":2},"end":{"line":9,"column":30}},"10":{"start":{"line":13,"column":23},"end":{"line":13,"column":42}},"11":{"start":{"line":14,"column":2},"end":{"line":14,"column":45}},"12":{"start":{"line":18,"column":2},"end":{"line":18,"column":30}},"13":{"start":{"line":22,"column":2},"end":{"line":22,"column":33}},"14":{"start":{"line":22,"column":22},"end":{"line":22,"column":33}},"15":{"start":{"line":23,"column":2},"end":{"line":31,"column":3}},"16":{"start":{"line":24,"column":18},"end":{"line":24,"column":32}},"17":{"start":{"line":25,"column":4},"end":{"line":29,"column":5}},"18":{"start":{"line":27,"column":29},"end":{"line":27,"column":43}},"19":{"start":{"line":28,"column":6},"end":{"line":28,"column":67}},"20":{"start":{"line":30,"column":4},"end":{"line":30,"column":86}},"21":{"start":{"line":30,"column":35},"end":{"line":30,"column":86}},"22":{"start":{"line":32,"column":2},"end":{"line":32,"column":80}},"23":{"start":{"line":32,"column":28},"end":{"line":32,"column":44}},"24":{"start":{"line":32,"column":47},"end":{"line":32,"column":80}},"25":{"start":{"line":33,"column":2},"end":{"line":33,"column":85}},"26":{"start":{"line":33,"column":28},"end":{"line":33,"column":48}},"27":{"start":{"line":33,"column":51},"end":{"line":33,"column":85}},"28":{"start":{"line":34,"column":2},"end":{"line":34,"column":34}},"29":{"start":{"line":34,"column":23},"end":{"line":34,"column":34}},"30":{"start":{"line":35,"column":2},"end":{"line":35,"column":24}},"31":{"start":{"line":39,"column":54},"end":{"line":52,"column":4}},"32":{"start":{"line":53,"column":2},"end":{"line":53,"column":28}},"33":{"start":{"line":57,"column":2},"end":{"line":57,"column":39}},"34":{"start":{"line":57,"column":27},"end":{"line":57,"column":39}},"35":{"start":{"line":58,"column":2},"end":{"line":58,"column":88}}},"fnMap":{"0":{"name":"formatOvers","decl":{"start":{"line":4,"column":16},"end":{"line":4,"column":27}},"loc":{"start":{"line":4,"column":56},"end":{"line":6,"column":1}}},"1":{"name":"formatScore","decl":{"start":{"line":8,"column":16},"end":{"line":8,"column":27}},"loc":{"start":{"line":8,"column":57},"end":{"line":10,"column":1}}},"2":{"name":"formatBatterScore","decl":{"start":{"line":12,"column":16},"end":{"line":12,"column":33}},"loc":{"start":{"line":12,"column":80},"end":{"line":15,"column":1}}},"3":{"name":"formatBowlerFigures","decl":{"start":{"line":17,"column":16},"end":{"line":17,"column":35}},"loc":{"start":{"line":17,"column":65},"end":{"line":19,"column":1}}},"4":{"name":"formatBallOutcome","decl":{"start":{"line":21,"column":16},"end":{"line":21,"column":33}},"loc":{"start":{"line":21,"column":51},"end":{"line":36,"column":1}}},"5":{"name":"(anonymous_5)","decl":{"start":{"line":32,"column":23},"end":{"line":32,"column":24}},"loc":{"start":{"line":32,"column":28},"end":{"line":32,"column":44}}},"6":{"name":"(anonymous_6)","decl":{"start":{"line":33,"column":23},"end":{"line":33,"column":24}},"loc":{"start":{"line":33,"column":28},"end":{"line":33,"column":48}}},"7":{"name":"dismissalDescription","decl":{"start":{"line":38,"column":16},"end":{"line":38,"column":36}},"loc":{"start":{"line":38,"column":56},"end":{"line":54,"column":1}}},"8":{"name":"remainingBalls","decl":{"start":{"line":56,"column":16},"end":{"line":56,"column":30}},"loc":{"start":{"line":56,"column":102},"end":{"line":59,"column":1}}}},"branchMap":{"0":{"loc":{"start":{"line":5,"column":9},"end":{"line":5,"column":55}},"type":"cond-expr","locations":[{"start":{"line":5,"column":23},"end":{"line":5,"column":33}},{"start":{"line":5,"column":36},"end":{"line":5,"column":55}}]},"1":{"loc":{"start":{"line":13,"column":23},"end":{"line":13,"column":42}},"type":"cond-expr","locations":[{"start":{"line":13,"column":34},"end":{"line":13,"column":37}},{"start":{"line":13,"column":40},"end":{"line":13,"column":42}}]},"2":{"loc":{"start":{"line":22,"column":2},"end":{"line":22,"column":33}},"type":"if","locations":[{"start":{"line":22,"column":2},"end":{"line":22,"column":33}}]},"3":{"loc":{"start":{"line":23,"column":2},"end":{"line":31,"column":3}},"type":"if","locations":[{"start":{"line":23,"column":2},"end":{"line":31,"column":3}}]},"4":{"loc":{"start":{"line":25,"column":4},"end":{"line":29,"column":5}},"type":"if","locations":[{"start":{"line":25,"column":4},"end":{"line":29,"column":5}}]},"5":{"loc":{"start":{"line":28,"column":18},"end":{"line":28,"column":64}},"type":"cond-expr","locations":[{"start":{"line":28,"column":39},"end":{"line":28,"column":59}},{"start":{"line":28,"column":62},"end":{"line":28,"column":64}}]},"6":{"loc":{"start":{"line":30,"column":4},"end":{"line":30,"column":86}},"type":"if","locations":[{"start":{"line":30,"column":4},"end":{"line":30,"column":86}}]},"7":{"loc":{"start":{"line":30,"column":47},"end":{"line":30,"column":83}},"type":"cond-expr","locations":[{"start":{"line":30,"column":63},"end":{"line":30,"column":78}},{"start":{"line":30,"column":81},"end":{"line":30,"column":83}}]},"8":{"loc":{"start":{"line":32,"column":2},"end":{"line":32,"column":80}},"type":"if","locations":[{"start":{"line":32,"column":2},"end":{"line":32,"column":80}}]},"9":{"loc":{"start":{"line":33,"column":2},"end":{"line":33,"column":85}},"type":"if","locations":[{"start":{"line":33,"column":2},"end":{"line":33,"column":85}}]},"10":{"loc":{"start":{"line":34,"column":2},"end":{"line":34,"column":34}},"type":"if","locations":[{"start":{"line":34,"column":2},"end":{"line":34,"column":34}}]},"11":{"loc":{"start":{"line":57,"column":2},"end":{"line":57,"column":39}},"type":"if","locations":[{"start":{"line":57,"column":2},"end":{"line":57,"column":39}}]}},"s":{"0":1,"1":1,"2":1,"3":1,"4":1,"5":1,"6":1,"7":1,"8":0,"9":0,"10":0,"11":0,"12":0,"13":0,"14":0,"15":0,"16":0,"17":0,"18":0,"19":0,"20":0,"21":0,"22":0,"23":0,"24":0,"25":0,"26":0,"27":0,"28":0,"29":0,"30":0,"31":0,"32":0,"33":0,"34":0,"35":0},"f":{"0":0,"1":0,"2":0,"3":0,"4":0,"5":0,"6":0,"7":0,"8":0},"b":{"0":[0,0],"1":[0,0],"2":[0],"3":[0],"4":[0],"5":[0,0],"6":[0],"7":[0,0],"8":[0],"9":[0],"10":[0],"11":[0]}}
}
