{"/Users/mrkalakota/Documents/CricketScoringPro/src/engine/match-engine.ts": {"path":"/Users/mrkalakota/Documents/CricketScoringPro/src/engine/match-engine.ts","statementMap":{"0":{"start":{"line":890,"column":0},"end":{"line":890,"column":16}},"1":{"start":{"line":1,"column":0},"end":{"line":1,"column":32}},"2":{"start":{"line":6,"column":27},"end":{"line":15,"column":1}},"3":{"start":{"line":7,"column":2},"end":{"line":9,"column":3}},"4":{"start":{"line":8,"column":4},"end":{"line":8,"column":42}},"5":{"start":{"line":11,"column":2},"end":{"line":14,"column":5}},"6":{"start":{"line":12,"column":14},"end":{"line":12,"column":38}},"7":{"start":{"line":13,"column":4},"end":{"line":13,"column":58}},"8":{"start":{"line":32,"column":0},"end":{"line":32,"column":144}},"9":{"start":{"line":33,"column":0},"end":{"line":33,"column":83}},"10":{"start":{"line":41,"column":4},"end":{"line":41,"column":23}},"11":{"start":{"line":42,"column":4},"end":{"line":42,"column":31}},"12":{"start":{"line":43,"column":4},"end":{"line":43,"column":35}},"13":{"start":{"line":47,"column":4},"end":{"line":47,"column":22}},"14":{"start":{"line":51,"column":4},"end":{"line":51,"column":26}},"15":{"start":{"line":55,"column":4},"end":{"line":57,"column":5}},"16":{"start":{"line":56,"column":6},"end":{"line":56,"column":18}},"17":{"start":{"line":58,"column":4},"end":{"line":58,"column":62}},"18":{"start":{"line":62,"column":20},"end":{"line":62,"column":44}},"19":{"start":{"line":63,"column":4},"end":{"line":63,"column":48}},"20":{"start":{"line":63,"column":36},"end":{"line":63,"column":48}},"21":{"start":{"line":64,"column":4},"end":{"line":64,"column":86}},"22":{"start":{"line":64,"column":37},"end":{"line":64,"column":76}},"23":{"start":{"line":68,"column":20},"end":{"line":68,"column":44}},"24":{"start":{"line":69,"column":4},"end":{"line":69,"column":51}},"25":{"start":{"line":69,"column":39},"end":{"line":69,"column":51}},"26":{"start":{"line":70,"column":4},"end":{"line":70,"column":89}},"27":{"start":{"line":70,"column":37},"end":{"line":70,"column":79}},"28":{"start":{"line":74,"column":20},"end":{"line":74,"column":44}},"29":{"start":{"line":75,"column":4},"end":{"line":75,"column":47}},"30":{"start":{"line":75,"column":35},"end":{"line":75,"column":47}},"31":{"start":{"line":76,"column":4},"end":{"line":76,"column":85}},"32":{"start":{"line":76,"column":37},"end":{"line":76,"column":75}},"33":{"start":{"line":80,"column":20},"end":{"line":80,"column":44}},"34":{"start":{"line":81,"column":4},"end":{"line":81,"column":30}},"35":{"start":{"line":81,"column":18},"end":{"line":81,"column":30}},"36":{"start":{"line":82,"column":4},"end":{"line":82,"column":73}},"37":{"start":{"line":86,"column":20},"end":{"line":86,"column":44}},"38":{"start":{"line":87,"column":4},"end":{"line":87,"column":64}},"39":{"start":{"line":87,"column":51},"end":{"line":87,"column":64}},"40":{"start":{"line":88,"column":21},"end":{"line":88,"column":66}},"41":{"start":{"line":89,"column":4},"end":{"line":89,"column":80}},"42":{"start":{"line":89,"column":58},"end":{"line":89,"column":78}},"43":{"start":{"line":93,"column":20},"end":{"line":93,"column":44}},"44":{"start":{"line":94,"column":4},"end":{"line":94,"column":30}},"45":{"start":{"line":94,"column":18},"end":{"line":94,"column":30}},"46":{"start":{"line":95,"column":4},"end":{"line":95,"column":75}},"47":{"start":{"line":99,"column":4},"end":{"line":99,"column":82}},"48":{"start":{"line":103,"column":4},"end":{"line":103,"column":37}},"49":{"start":{"line":109,"column":21},"end":{"line":113,"column":6}},"50":{"start":{"line":110,"column":6},"end":{"line":110,"column":24}},"51":{"start":{"line":111,"column":6},"end":{"line":111,"column":28}},"52":{"start":{"line":112,"column":6},"end":{"line":112,"column":35}},"53":{"start":{"line":114,"column":4},"end":{"line":114,"column":71}},"54":{"start":{"line":118,"column":21},"end":{"line":130,"column":6}},"55":{"start":{"line":119,"column":6},"end":{"line":119,"column":35}},"56":{"start":{"line":120,"column":22},"end":{"line":125,"column":null}},"57":{"start":{"line":127,"column":6},"end":{"line":127,"column":32}},"58":{"start":{"line":128,"column":6},"end":{"line":128,"column":36}},"59":{"start":{"line":129,"column":6},"end":{"line":129,"column":35}},"60":{"start":{"line":131,"column":4},"end":{"line":131,"column":59}},"61":{"start":{"line":135,"column":21},"end":{"line":145,"column":6}},"62":{"start":{"line":136,"column":22},"end":{"line":136,"column":62}},"63":{"start":{"line":137,"column":6},"end":{"line":137,"column":43}},"64":{"start":{"line":138,"column":6},"end":{"line":138,"column":49}},"65":{"start":{"line":139,"column":6},"end":{"line":142,"column":8}},"66":{"start":{"line":143,"column":6},"end":{"line":143,"column":74}},"67":{"start":{"line":144,"column":6},"end":{"line":144,"column":35}},"68":{"start":{"line":146,"column":4},"end":{"line":146,"column":71}},"69":{"start":{"line":150,"column":20},"end":{"line":150,"column":44}},"70":{"start":{"line":151,"column":4},"end":{"line":151,"column":55}},"71":{"start":{"line":151,"column":18},"end":{"line":151,"column":55}},"72":{"start":{"line":154,"column":4},"end":{"line":159,"column":5}},"73":{"start":{"line":155,"column":23},"end":{"line":155,"column":62}},"74":{"start":{"line":156,"column":6},"end":{"line":158,"column":7}},"75":{"start":{"line":157,"column":8},"end":{"line":157,"column":69}},"76":{"start":{"line":162,"column":32},"end":{"line":162,"column":49}},"77":{"start":{"line":163,"column":4},"end":{"line":169,"column":5}},"78":{"start":{"line":164,"column":32},"end":{"line":164,"column":63}},"79":{"start":{"line":165,"column":29},"end":{"line":165,"column":79}},"80":{"start":{"line":165,"column":55},"end":{"line":165,"column":78}},"81":{"start":{"line":166,"column":6},"end":{"line":168,"column":7}},"82":{"start":{"line":167,"column":8},"end":{"line":167,"column":92}},"83":{"start":{"line":171,"column":21},"end":{"line":179,"column":6}},"84":{"start":{"line":172,"column":18},"end":{"line":172,"column":58}},"85":{"start":{"line":173,"column":6},"end":{"line":173,"column":37}},"86":{"start":{"line":174,"column":29},"end":{"line":174,"column":75}},"87":{"start":{"line":174,"column":51},"end":{"line":174,"column":74}},"88":{"start":{"line":175,"column":6},"end":{"line":177,"column":7}},"89":{"start":{"line":176,"column":8},"end":{"line":176,"column":54}},"90":{"start":{"line":178,"column":6},"end":{"line":178,"column":35}},"91":{"start":{"line":180,"column":4},"end":{"line":180,"column":71}},"92":{"start":{"line":186,"column":20},"end":{"line":186,"column":44}},"93":{"start":{"line":187,"column":4},"end":{"line":189,"column":5}},"94":{"start":{"line":188,"column":6},"end":{"line":188,"column":43}},"95":{"start":{"line":190,"column":4},"end":{"line":192,"column":5}},"96":{"start":{"line":191,"column":6},"end":{"line":191,"column":70}},"97":{"start":{"line":195,"column":20},"end":{"line":195,"column":36}},"98":{"start":{"line":196,"column":4},"end":{"line":198,"column":5}},"99":{"start":{"line":197,"column":6},"end":{"line":197,"column":90}},"100":{"start":{"line":201,"column":29},"end":{"line":201,"column":53}},"101":{"start":{"line":203,"column":19},"end":{"line":203,"column":31}},"102":{"start":{"line":204,"column":21},"end":{"line":204,"column":35}},"103":{"start":{"line":205,"column":20},"end":{"line":205,"column":40}},"104":{"start":{"line":208,"column":28},"end":{"line":208,"column":30}},"105":{"start":{"line":209,"column":22},"end":{"line":209,"column":23}},"106":{"start":{"line":210,"column":4},"end":{"line":214,"column":5}},"107":{"start":{"line":211,"column":23},"end":{"line":211,"column":62}},"108":{"start":{"line":212,"column":6},"end":{"line":212,"column":52}},"109":{"start":{"line":213,"column":6},"end":{"line":213,"column":30}},"110":{"start":{"line":215,"column":4},"end":{"line":218,"column":5}},"111":{"start":{"line":216,"column":6},"end":{"line":216,"column":75}},"112":{"start":{"line":217,"column":6},"end":{"line":217,"column":50}},"113":{"start":{"line":219,"column":4},"end":{"line":222,"column":5}},"114":{"start":{"line":220,"column":6},"end":{"line":220,"column":53}},"115":{"start":{"line":221,"column":6},"end":{"line":221,"column":32}},"116":{"start":{"line":223,"column":4},"end":{"line":226,"column":5}},"117":{"start":{"line":224,"column":6},"end":{"line":224,"column":57}},"118":{"start":{"line":225,"column":6},"end":{"line":225,"column":32}},"119":{"start":{"line":229,"column":23},"end":{"line":229,"column":81}},"120":{"start":{"line":230,"column":22},"end":{"line":236,"column":22}},"121":{"start":{"line":239,"column":38},"end":{"line":239,"column":42}},"122":{"start":{"line":240,"column":4},"end":{"line":247,"column":5}},"123":{"start":{"line":241,"column":6},"end":{"line":246,"column":8}},"124":{"start":{"line":249,"column":37},"end":{"line":264,"column":6}},"125":{"start":{"line":266,"column":21},"end":{"line":441,"column":6}},"126":{"start":{"line":267,"column":18},"end":{"line":267,"column":58}},"127":{"start":{"line":270,"column":6},"end":{"line":270,"column":37}},"128":{"start":{"line":273,"column":6},"end":{"line":273,"column":33}},"129":{"start":{"line":276,"column":6},"end":{"line":276,"column":78}},"130":{"start":{"line":276,"column":18},"end":{"line":276,"column":78}},"131":{"start":{"line":277,"column":6},"end":{"line":277,"column":71}},"132":{"start":{"line":277,"column":20},"end":{"line":277,"column":71}},"133":{"start":{"line":278,"column":6},"end":{"line":278,"column":64}},"134":{"start":{"line":278,"column":34},"end":{"line":278,"column":64}},"135":{"start":{"line":279,"column":6},"end":{"line":279,"column":70}},"136":{"start":{"line":279,"column":37},"end":{"line":279,"column":70}},"137":{"start":{"line":282,"column":21},"end":{"line":282,"column":79}},"138":{"start":{"line":282,"column":43},"end":{"line":282,"column":78}},"139":{"start":{"line":283,"column":6},"end":{"line":290,"column":7}},"140":{"start":{"line":284,"column":8},"end":{"line":286,"column":9}},"141":{"start":{"line":285,"column":10},"end":{"line":285,"column":33}},"142":{"start":{"line":287,"column":8},"end":{"line":287,"column":34}},"143":{"start":{"line":288,"column":8},"end":{"line":288,"column":68}},"144":{"start":{"line":288,"column":50},"end":{"line":288,"column":68}},"145":{"start":{"line":289,"column":8},"end":{"line":289,"column":68}},"146":{"start":{"line":289,"column":50},"end":{"line":289,"column":68}},"147":{"start":{"line":293,"column":21},"end":{"line":293,"column":78}},"148":{"start":{"line":293,"column":43},"end":{"line":293,"column":77}},"149":{"start":{"line":294,"column":6},"end":{"line":310,"column":7}},"150":{"start":{"line":295,"column":8},"end":{"line":295,"column":45}},"151":{"start":{"line":295,"column":21},"end":{"line":295,"column":45}},"152":{"start":{"line":296,"column":8},"end":{"line":306,"column":9}},"153":{"start":{"line":297,"column":10},"end":{"line":297,"column":28}},"154":{"start":{"line":298,"column":10},"end":{"line":298,"column":73}},"155":{"start":{"line":299,"column":15},"end":{"line":306,"column":9}},"156":{"start":{"line":300,"column":10},"end":{"line":300,"column":30}},"157":{"start":{"line":301,"column":10},"end":{"line":301,"column":75}},"158":{"start":{"line":302,"column":15},"end":{"line":306,"column":9}},"159":{"start":{"line":305,"column":10},"end":{"line":305,"column":44}},"160":{"start":{"line":307,"column":8},"end":{"line":309,"column":9}},"161":{"start":{"line":308,"column":10},"end":{"line":308,"column":30}},"162":{"start":{"line":313,"column":26},"end":{"line":313,"column":71}},"163":{"start":{"line":314,"column":6},"end":{"line":325,"column":7}},"164":{"start":{"line":315,"column":8},"end":{"line":315,"column":38}},"165":{"start":{"line":316,"column":8},"end":{"line":316,"column":44}},"166":{"start":{"line":316,"column":21},"end":{"line":316,"column":44}},"167":{"start":{"line":317,"column":8},"end":{"line":321,"column":9}},"168":{"start":{"line":318,"column":10},"end":{"line":318,"column":48}},"169":{"start":{"line":320,"column":10},"end":{"line":320,"column":48}},"170":{"start":{"line":322,"column":8},"end":{"line":324,"column":9}},"171":{"start":{"line":323,"column":10},"end":{"line":323,"column":44}},"172":{"start":{"line":331,"column":32},"end":{"line":331,"column":80}},"173":{"start":{"line":332,"column":8},"end":{"line":339,"column":9}},"174":{"start":{"line":333,"column":23},"end":{"line":333,"column":43}},"175":{"start":{"line":334,"column":10},"end":{"line":334,"column":57}},"176":{"start":{"line":335,"column":10},"end":{"line":335,"column":41}},"177":{"start":{"line":336,"column":10},"end":{"line":338,"column":13}},"178":{"start":{"line":337,"column":12},"end":{"line":337,"column":63}},"179":{"start":{"line":343,"column":6},"end":{"line":387,"column":7}},"180":{"start":{"line":344,"column":8},"end":{"line":344,"column":28}},"181":{"start":{"line":347,"column":8},"end":{"line":386,"column":9}},"182":{"start":{"line":349,"column":10},"end":{"line":360,"column":11}},"183":{"start":{"line":350,"column":12},"end":{"line":350,"column":30}},"184":{"start":{"line":352,"column":37},"end":{"line":353,"column":null}},"185":{"start":{"line":353,"column":19},"end":{"line":353,"column":88}},"186":{"start":{"line":355,"column":29},"end":{"line":357,"column":17}},"187":{"start":{"line":356,"column":14},"end":{"line":356,"column":79}},"188":{"start":{"line":356,"column":63},"end":{"line":356,"column":74}},"189":{"start":{"line":358,"column":12},"end":{"line":358,"column":52}},"190":{"start":{"line":358,"column":32},"end":{"line":358,"column":52}},"191":{"start":{"line":359,"column":12},"end":{"line":359,"column":35}},"192":{"start":{"line":363,"column":28},"end":{"line":363,"column":85}},"193":{"start":{"line":363,"column":53},"end":{"line":363,"column":84}},"194":{"start":{"line":364,"column":27},"end":{"line":364,"column":117}},"195":{"start":{"line":364,"column":56},"end":{"line":364,"column":113}},"196":{"start":{"line":364,"column":98},"end":{"line":364,"column":109}},"197":{"start":{"line":365,"column":30},"end":{"line":365,"column":80}},"198":{"start":{"line":365,"column":52},"end":{"line":365,"column":72}},"199":{"start":{"line":366,"column":10},"end":{"line":373,"column":13}},"200":{"start":{"line":375,"column":10},"end":{"line":375,"column":30}},"201":{"start":{"line":376,"column":10},"end":{"line":376,"column":29}},"202":{"start":{"line":377,"column":10},"end":{"line":377,"column":37}},"203":{"start":{"line":380,"column":23},"end":{"line":380,"column":43}},"204":{"start":{"line":381,"column":10},"end":{"line":381,"column":57}},"205":{"start":{"line":382,"column":10},"end":{"line":382,"column":41}},"206":{"start":{"line":383,"column":10},"end":{"line":385,"column":13}},"207":{"start":{"line":384,"column":12},"end":{"line":384,"column":63}},"208":{"start":{"line":390,"column":6},"end":{"line":420,"column":7}},"209":{"start":{"line":392,"column":8},"end":{"line":404,"column":9}},"210":{"start":{"line":393,"column":10},"end":{"line":393,"column":32}},"211":{"start":{"line":396,"column":10},"end":{"line":403,"column":13}},"212":{"start":{"line":407,"column":32},"end":{"line":407,"column":90}},"213":{"start":{"line":407,"column":54},"end":{"line":407,"column":89}},"214":{"start":{"line":408,"column":8},"end":{"line":411,"column":9}},"215":{"start":{"line":409,"column":10},"end":{"line":409,"column":48}},"216":{"start":{"line":410,"column":10},"end":{"line":410,"column":45}},"217":{"start":{"line":414,"column":8},"end":{"line":419,"column":9}},"218":{"start":{"line":415,"column":10},"end":{"line":415,"column":38}},"219":{"start":{"line":418,"column":10},"end":{"line":418,"column":41}},"220":{"start":{"line":423,"column":25},"end":{"line":423,"column":104}},"221":{"start":{"line":424,"column":25},"end":{"line":424,"column":80}},"222":{"start":{"line":425,"column":23},"end":{"line":425,"column":53}},"223":{"start":{"line":426,"column":30},"end":{"line":427,"column":60}},"224":{"start":{"line":428,"column":30},"end":{"line":428,"column":80}},"225":{"start":{"line":430,"column":6},"end":{"line":438,"column":7}},"226":{"start":{"line":431,"column":8},"end":{"line":431,"column":33}},"227":{"start":{"line":432,"column":8},"end":{"line":432,"column":36}},"228":{"start":{"line":433,"column":8},"end":{"line":433,"column":39}},"229":{"start":{"line":434,"column":8},"end":{"line":434,"column":35}},"230":{"start":{"line":437,"column":8},"end":{"line":437,"column":41}},"231":{"start":{"line":440,"column":6},"end":{"line":440,"column":35}},"232":{"start":{"line":443,"column":25},"end":{"line":447,"column":6}},"233":{"start":{"line":449,"column":4},"end":{"line":449,"column":69}},"234":{"start":{"line":453,"column":4},"end":{"line":455,"column":5}},"235":{"start":{"line":454,"column":6},"end":{"line":454,"column":41}},"236":{"start":{"line":457,"column":23},"end":{"line":457,"column":64}},"237":{"start":{"line":458,"column":21},"end":{"line":466,"column":6}},"238":{"start":{"line":459,"column":6},"end":{"line":459,"column":101}},"239":{"start":{"line":460,"column":6},"end":{"line":460,"column":35}},"240":{"start":{"line":462,"column":6},"end":{"line":465,"column":7}},"241":{"start":{"line":463,"column":8},"end":{"line":463,"column":37}},"242":{"start":{"line":464,"column":8},"end":{"line":464,"column":28}},"243":{"start":{"line":468,"column":4},"end":{"line":468,"column":84}},"244":{"start":{"line":474,"column":4},"end":{"line":476,"column":5}},"245":{"start":{"line":475,"column":6},"end":{"line":475,"column":68}},"246":{"start":{"line":477,"column":4},"end":{"line":479,"column":5}},"247":{"start":{"line":478,"column":6},"end":{"line":478,"column":77}},"248":{"start":{"line":481,"column":25},"end":{"line":481,"column":46}},"249":{"start":{"line":482,"column":32},"end":{"line":482,"column":58}},"250":{"start":{"line":483,"column":32},"end":{"line":483,"column":58}},"251":{"start":{"line":485,"column":21},"end":{"line":494,"column":6}},"252":{"start":{"line":486,"column":6},"end":{"line":486,"column":35}},"253":{"start":{"line":487,"column":6},"end":{"line":487,"column":26}},"254":{"start":{"line":488,"column":6},"end":{"line":488,"column":29}},"255":{"start":{"line":489,"column":24},"end":{"line":489,"column":139}},"256":{"start":{"line":490,"column":6},"end":{"line":490,"column":35}},"257":{"start":{"line":491,"column":6},"end":{"line":491,"column":36}},"258":{"start":{"line":492,"column":6},"end":{"line":492,"column":59}},"259":{"start":{"line":493,"column":6},"end":{"line":493,"column":35}},"260":{"start":{"line":495,"column":4},"end":{"line":495,"column":71}},"261":{"start":{"line":499,"column":27},"end":{"line":499,"column":51}},"262":{"start":{"line":500,"column":4},"end":{"line":502,"column":5}},"263":{"start":{"line":501,"column":6},"end":{"line":501,"column":62}},"264":{"start":{"line":505,"column":4},"end":{"line":520,"column":5}},"265":{"start":{"line":506,"column":24},"end":{"line":506,"column":69}},"266":{"start":{"line":506,"column":55},"end":{"line":506,"column":68}},"267":{"start":{"line":507,"column":6},"end":{"line":507,"column":80}},"268":{"start":{"line":507,"column":33},"end":{"line":507,"column":80}},"269":{"start":{"line":508,"column":28},"end":{"line":508,"column":56}},"270":{"start":{"line":509,"column":28},"end":{"line":509,"column":56}},"271":{"start":{"line":510,"column":21},"end":{"line":510,"column":49}},"272":{"start":{"line":511,"column":23},"end":{"line":518,"column":8}},"273":{"start":{"line":512,"column":23},"end":{"line":512,"column":126}},"274":{"start":{"line":513,"column":8},"end":{"line":513,"column":34}},"275":{"start":{"line":514,"column":8},"end":{"line":514,"column":31}},"276":{"start":{"line":515,"column":8},"end":{"line":515,"column":35}},"277":{"start":{"line":516,"column":8},"end":{"line":516,"column":61}},"278":{"start":{"line":517,"column":8},"end":{"line":517,"column":37}},"279":{"start":{"line":519,"column":6},"end":{"line":519,"column":73}},"280":{"start":{"line":522,"column":30},"end":{"line":522,"column":62}},"281":{"start":{"line":523,"column":4},"end":{"line":525,"column":5}},"282":{"start":{"line":524,"column":6},"end":{"line":524,"column":49}},"283":{"start":{"line":528,"column":26},"end":{"line":528,"column":54}},"284":{"start":{"line":529,"column":26},"end":{"line":529,"column":54}},"285":{"start":{"line":532,"column":32},"end":{"line":532,"column":36}},"286":{"start":{"line":533,"column":4},"end":{"line":535,"column":5}},"287":{"start":{"line":534,"column":6},"end":{"line":534,"column":44}},"288":{"start":{"line":537,"column":4},"end":{"line":545,"column":5}},"289":{"start":{"line":538,"column":24},"end":{"line":540,"column":49}},"290":{"start":{"line":539,"column":21},"end":{"line":539,"column":54}},"291":{"start":{"line":540,"column":28},"end":{"line":540,"column":45}},"292":{"start":{"line":541,"column":24},"end":{"line":543,"column":49}},"293":{"start":{"line":542,"column":21},"end":{"line":542,"column":54}},"294":{"start":{"line":543,"column":28},"end":{"line":543,"column":45}},"295":{"start":{"line":544,"column":6},"end":{"line":544,"column":41}},"296":{"start":{"line":547,"column":21},"end":{"line":559,"column":6}},"297":{"start":{"line":548,"column":25},"end":{"line":553,"column":null}},"298":{"start":{"line":555,"column":6},"end":{"line":555,"column":33}},"299":{"start":{"line":556,"column":6},"end":{"line":556,"column":37}},"300":{"start":{"line":557,"column":6},"end":{"line":557,"column":59}},"301":{"start":{"line":558,"column":6},"end":{"line":558,"column":35}},"302":{"start":{"line":561,"column":4},"end":{"line":561,"column":59}},"303":{"start":{"line":565,"column":4},"end":{"line":567,"column":5}},"304":{"start":{"line":566,"column":6},"end":{"line":566,"column":58}},"305":{"start":{"line":568,"column":21},"end":{"line":575,"column":6}},"306":{"start":{"line":569,"column":18},"end":{"line":569,"column":58}},"307":{"start":{"line":570,"column":6},"end":{"line":570,"column":30}},"308":{"start":{"line":571,"column":6},"end":{"line":571,"column":34}},"309":{"start":{"line":572,"column":6},"end":{"line":572,"column":37}},"310":{"start":{"line":573,"column":6},"end":{"line":573,"column":33}},"311":{"start":{"line":574,"column":6},"end":{"line":574,"column":35}},"312":{"start":{"line":576,"column":4},"end":{"line":576,"column":71}},"313":{"start":{"line":581,"column":21},"end":{"line":592,"column":6}},"314":{"start":{"line":582,"column":18},"end":{"line":582,"column":58}},"315":{"start":{"line":583,"column":6},"end":{"line":588,"column":7}},"316":{"start":{"line":584,"column":8},"end":{"line":584,"column":33}},"317":{"start":{"line":585,"column":8},"end":{"line":585,"column":36}},"318":{"start":{"line":586,"column":8},"end":{"line":586,"column":39}},"319":{"start":{"line":587,"column":8},"end":{"line":587,"column":35}},"320":{"start":{"line":589,"column":6},"end":{"line":589,"column":33}},"321":{"start":{"line":590,"column":6},"end":{"line":590,"column":39}},"322":{"start":{"line":591,"column":6},"end":{"line":591,"column":35}},"323":{"start":{"line":593,"column":4},"end":{"line":593,"column":59}},"324":{"start":{"line":605,"column":20},"end":{"line":605,"column":44}},"325":{"start":{"line":606,"column":4},"end":{"line":608,"column":5}},"326":{"start":{"line":607,"column":6},"end":{"line":607,"column":68}},"327":{"start":{"line":609,"column":32},"end":{"line":609,"column":49}},"328":{"start":{"line":610,"column":4},"end":{"line":610,"column":83}},"329":{"start":{"line":610,"column":26},"end":{"line":610,"column":83}},"330":{"start":{"line":612,"column":29},"end":{"line":612,"column":66}},"331":{"start":{"line":615,"column":4},"end":{"line":626,"column":5}},"332":{"start":{"line":616,"column":6},"end":{"line":616,"column":121}},"333":{"start":{"line":616,"column":51},"end":{"line":616,"column":121}},"334":{"start":{"line":617,"column":6},"end":{"line":617,"column":98}},"335":{"start":{"line":619,"column":6},"end":{"line":625,"column":8}},"336":{"start":{"line":628,"column":21},"end":{"line":636,"column":6}},"337":{"start":{"line":629,"column":18},"end":{"line":629,"column":58}},"338":{"start":{"line":630,"column":6},"end":{"line":630,"column":40}},"339":{"start":{"line":631,"column":6},"end":{"line":631,"column":34}},"340":{"start":{"line":632,"column":6},"end":{"line":632,"column":25}},"341":{"start":{"line":633,"column":6},"end":{"line":633,"column":72}},"342":{"start":{"line":634,"column":6},"end":{"line":634,"column":33}},"343":{"start":{"line":635,"column":6},"end":{"line":635,"column":35}},"344":{"start":{"line":637,"column":4},"end":{"line":637,"column":71}},"345":{"start":{"line":641,"column":4},"end":{"line":643,"column":5}},"346":{"start":{"line":642,"column":6},"end":{"line":642,"column":19}},"347":{"start":{"line":644,"column":4},"end":{"line":644,"column":52}},"348":{"start":{"line":644,"column":39},"end":{"line":644,"column":52}},"349":{"start":{"line":645,"column":25},"end":{"line":645,"column":46}},"350":{"start":{"line":646,"column":26},"end":{"line":646,"column":47}},"351":{"start":{"line":647,"column":4},"end":{"line":647,"column":61}},"352":{"start":{"line":647,"column":48},"end":{"line":647,"column":61}},"353":{"start":{"line":648,"column":4},"end":{"line":648,"column":97}},"354":{"start":{"line":654,"column":21},"end":{"line":676,"column":6}},"355":{"start":{"line":655,"column":18},"end":{"line":655,"column":58}},"356":{"start":{"line":656,"column":27},"end":{"line":656,"column":49}},"357":{"start":{"line":657,"column":24},"end":{"line":657,"column":74}},"358":{"start":{"line":659,"column":6},"end":{"line":664,"column":7}},"359":{"start":{"line":660,"column":8},"end":{"line":660,"column":40}},"360":{"start":{"line":661,"column":8},"end":{"line":661,"column":36}},"361":{"start":{"line":663,"column":8},"end":{"line":663,"column":43}},"362":{"start":{"line":666,"column":6},"end":{"line":666,"column":34}},"363":{"start":{"line":669,"column":6},"end":{"line":673,"column":7}},"364":{"start":{"line":670,"column":8},"end":{"line":672,"column":10}},"365":{"start":{"line":675,"column":6},"end":{"line":675,"column":35}},"366":{"start":{"line":677,"column":4},"end":{"line":677,"column":71}},"367":{"start":{"line":685,"column":21},"end":{"line":718,"column":6}},"368":{"start":{"line":686,"column":18},"end":{"line":686,"column":58}},"369":{"start":{"line":688,"column":35},"end":{"line":688,"column":85}},"370":{"start":{"line":691,"column":21},"end":{"line":691,"column":68}},"371":{"start":{"line":691,"column":43},"end":{"line":691,"column":67}},"372":{"start":{"line":692,"column":6},"end":{"line":695,"column":7}},"373":{"start":{"line":693,"column":8},"end":{"line":693,"column":37}},"374":{"start":{"line":694,"column":8},"end":{"line":694,"column":34}},"375":{"start":{"line":698,"column":6},"end":{"line":708,"column":7}},"376":{"start":{"line":699,"column":8},"end":{"line":699,"column":30}},"377":{"start":{"line":700,"column":8},"end":{"line":707,"column":11}},"378":{"start":{"line":711,"column":6},"end":{"line":715,"column":7}},"379":{"start":{"line":712,"column":8},"end":{"line":712,"column":36}},"380":{"start":{"line":713,"column":13},"end":{"line":715,"column":7}},"381":{"start":{"line":714,"column":8},"end":{"line":714,"column":39}},"382":{"start":{"line":717,"column":6},"end":{"line":717,"column":35}},"383":{"start":{"line":719,"column":4},"end":{"line":719,"column":71}},"384":{"start":{"line":723,"column":21},"end":{"line":733,"column":6}},"385":{"start":{"line":724,"column":18},"end":{"line":724,"column":58}},"386":{"start":{"line":725,"column":6},"end":{"line":725,"column":68}},"387":{"start":{"line":725,"column":61},"end":{"line":725,"column":68}},"388":{"start":{"line":726,"column":19},"end":{"line":726,"column":39}},"389":{"start":{"line":727,"column":6},"end":{"line":727,"column":53}},"390":{"start":{"line":728,"column":6},"end":{"line":728,"column":37}},"391":{"start":{"line":729,"column":6},"end":{"line":731,"column":7}},"392":{"start":{"line":730,"column":8},"end":{"line":730,"column":59}},"393":{"start":{"line":732,"column":6},"end":{"line":732,"column":35}},"394":{"start":{"line":734,"column":4},"end":{"line":734,"column":71}},"395":{"start":{"line":740,"column":19},"end":{"line":740,"column":31}},"396":{"start":{"line":741,"column":20},"end":{"line":741,"column":33}},"397":{"start":{"line":742,"column":27},"end":{"line":742,"column":61}},"398":{"start":{"line":745,"column":4},"end":{"line":762,"column":5}},"399":{"start":{"line":746,"column":24},"end":{"line":746,"column":58}},"400":{"start":{"line":746,"column":44},"end":{"line":746,"column":57}},"401":{"start":{"line":747,"column":6},"end":{"line":760,"column":7}},"402":{"start":{"line":748,"column":8},"end":{"line":748,"column":35}},"403":{"start":{"line":749,"column":20},"end":{"line":749,"column":32}},"404":{"start":{"line":750,"column":20},"end":{"line":750,"column":32}},"405":{"start":{"line":751,"column":8},"end":{"line":759,"column":9}},"406":{"start":{"line":752,"column":35},"end":{"line":752,"column":55}},"407":{"start":{"line":753,"column":10},"end":{"line":753,"column":154}},"408":{"start":{"line":754,"column":15},"end":{"line":759,"column":9}},"409":{"start":{"line":755,"column":10},"end":{"line":755,"column":43}},"410":{"start":{"line":757,"column":26},"end":{"line":757,"column":55}},"411":{"start":{"line":758,"column":10},"end":{"line":758,"column":133}},"412":{"start":{"line":761,"column":6},"end":{"line":761,"column":13}},"413":{"start":{"line":764,"column":4},"end":{"line":801,"column":5}},"414":{"start":{"line":766,"column":6},"end":{"line":782,"column":7}},"415":{"start":{"line":767,"column":8},"end":{"line":767,"column":35}},"416":{"start":{"line":768,"column":29},"end":{"line":768,"column":39}},"417":{"start":{"line":769,"column":30},"end":{"line":769,"column":40}},"418":{"start":{"line":771,"column":8},"end":{"line":781,"column":9}},"419":{"start":{"line":772,"column":35},"end":{"line":772,"column":89}},"420":{"start":{"line":773,"column":30},"end":{"line":773,"column":82}},"421":{"start":{"line":774,"column":10},"end":{"line":774,"column":112}},"422":{"start":{"line":775,"column":15},"end":{"line":781,"column":9}},"423":{"start":{"line":776,"column":10},"end":{"line":776,"column":38}},"424":{"start":{"line":778,"column":26},"end":{"line":778,"column":74}},"425":{"start":{"line":779,"column":30},"end":{"line":779,"column":81}},"426":{"start":{"line":780,"column":10},"end":{"line":780,"column":91}},"427":{"start":{"line":783,"column":11},"end":{"line":801,"column":5}},"428":{"start":{"line":785,"column":6},"end":{"line":800,"column":7}},"429":{"start":{"line":786,"column":8},"end":{"line":786,"column":35}},"430":{"start":{"line":788,"column":24},"end":{"line":788,"column":48}},"431":{"start":{"line":789,"column":26},"end":{"line":789,"column":111}},"432":{"start":{"line":789,"column":46},"end":{"line":789,"column":73}},"433":{"start":{"line":789,"column":92},"end":{"line":789,"column":107}},"434":{"start":{"line":790,"column":26},"end":{"line":790,"column":111}},"435":{"start":{"line":790,"column":46},"end":{"line":790,"column":73}},"436":{"start":{"line":790,"column":92},"end":{"line":790,"column":107}},"437":{"start":{"line":792,"column":8},"end":{"line":799,"column":9}},"438":{"start":{"line":793,"column":10},"end":{"line":793,"column":67}},"439":{"start":{"line":794,"column":15},"end":{"line":799,"column":9}},"440":{"start":{"line":795,"column":26},"end":{"line":795,"column":50}},"441":{"start":{"line":796,"column":10},"end":{"line":796,"column":67}},"442":{"start":{"line":798,"column":10},"end":{"line":798,"column":38}},"443":{"start":{"line":805,"column":4},"end":{"line":805,"column":69}},"444":{"start":{"line":805,"column":40},"end":{"line":805,"column":69}},"445":{"start":{"line":806,"column":4},"end":{"line":806,"column":69}},"446":{"start":{"line":806,"column":40},"end":{"line":806,"column":69}},"447":{"start":{"line":807,"column":4},"end":{"line":807,"column":18}},"448":{"start":{"line":35,"column":0},"end":{"line":35,"column":13}},"449":{"start":{"line":820,"column":2},"end":{"line":843,"column":4}},"450":{"start":{"line":851,"column":2},"end":{"line":860,"column":4}},"451":{"start":{"line":864,"column":2},"end":{"line":873,"column":4}},"452":{"start":{"line":877,"column":2},"end":{"line":885,"column":4}},"453":{"start":{"line":900,"column":2},"end":{"line":917,"column":4}}},"fnMap":{"0":{"name":"(anonymous_0)","decl":{"start":{"line":6,"column":27},"end":{"line":6,"column":38}},"loc":{"start":{"line":6,"column":40},"end":{"line":15,"column":1}}},"1":{"name":"(anonymous_1)","decl":{"start":{"line":11,"column":65},"end":{"line":11,"column":66}},"loc":{"start":{"line":11,"column":69},"end":{"line":14,"column":3}}},"2":{"name":"(anonymous_2)","decl":{"start":{"line":40,"column":2},"end":{"line":40,"column":14}},"loc":{"start":{"line":40,"column":107},"end":{"line":44,"column":3}}},"3":{"name":"(anonymous_3)","decl":{"start":{"line":46,"column":2},"end":{"line":46,"column":10}},"loc":{"start":{"line":46,"column":10},"end":{"line":48,"column":3}}},"4":{"name":"(anonymous_4)","decl":{"start":{"line":50,"column":2},"end":{"line":50,"column":14}},"loc":{"start":{"line":50,"column":14},"end":{"line":52,"column":3}}},"5":{"name":"(anonymous_5)","decl":{"start":{"line":54,"column":2},"end":{"line":54,"column":19}},"loc":{"start":{"line":54,"column":19},"end":{"line":59,"column":3}}},"6":{"name":"(anonymous_6)","decl":{"start":{"line":61,"column":2},"end":{"line":61,"column":12}},"loc":{"start":{"line":61,"column":12},"end":{"line":65,"column":3}}},"7":{"name":"(anonymous_7)","decl":{"start":{"line":64,"column":32},"end":{"line":64,"column":33}},"loc":{"start":{"line":64,"column":37},"end":{"line":64,"column":76}}},"8":{"name":"(anonymous_8)","decl":{"start":{"line":67,"column":2},"end":{"line":67,"column":15}},"loc":{"start":{"line":67,"column":15},"end":{"line":71,"column":3}}},"9":{"name":"(anonymous_9)","decl":{"start":{"line":70,"column":32},"end":{"line":70,"column":33}},"loc":{"start":{"line":70,"column":37},"end":{"line":70,"column":79}}},"10":{"name":"(anonymous_10)","decl":{"start":{"line":73,"column":2},"end":{"line":73,"column":18}},"loc":{"start":{"line":73,"column":18},"end":{"line":77,"column":3}}},"11":{"name":"(anonymous_11)","decl":{"start":{"line":76,"column":32},"end":{"line":76,"column":33}},"loc":{"start":{"line":76,"column":37},"end":{"line":76,"column":75}}},"12":{"name":"(anonymous_12)","decl":{"start":{"line":79,"column":2},"end":{"line":79,"column":23}},"loc":{"start":{"line":79,"column":23},"end":{"line":83,"column":3}}},"13":{"name":"(anonymous_13)","decl":{"start":{"line":85,"column":2},"end":{"line":85,"column":11}},"loc":{"start":{"line":85,"column":11},"end":{"line":90,"column":3}}},"14":{"name":"(anonymous_14)","decl":{"start":{"line":89,"column":53},"end":{"line":89,"column":54}},"loc":{"start":{"line":89,"column":58},"end":{"line":89,"column":78}}},"15":{"name":"(anonymous_15)","decl":{"start":{"line":92,"column":2},"end":{"line":92,"column":19}},"loc":{"start":{"line":92,"column":19},"end":{"line":96,"column":3}}},"16":{"name":"(anonymous_16)","decl":{"start":{"line":98,"column":2},"end":{"line":98,"column":17}},"loc":{"start":{"line":98,"column":17},"end":{"line":100,"column":3}}},"17":{"name":"(anonymous_17)","decl":{"start":{"line":102,"column":2},"end":{"line":102,"column":9}},"loc":{"start":{"line":102,"column":9},"end":{"line":104,"column":3}}},"18":{"name":"(anonymous_18)","decl":{"start":{"line":108,"column":2},"end":{"line":108,"column":12}},"loc":{"start":{"line":108,"column":23},"end":{"line":115,"column":3}}},"19":{"name":"(anonymous_19)","decl":{"start":{"line":109,"column":41},"end":{"line":109,"column":46}},"loc":{"start":{"line":109,"column":49},"end":{"line":113,"column":5}}},"20":{"name":"(anonymous_20)","decl":{"start":{"line":117,"column":2},"end":{"line":117,"column":12}},"loc":{"start":{"line":117,"column":57},"end":{"line":132,"column":3}}},"21":{"name":"(anonymous_21)","decl":{"start":{"line":118,"column":41},"end":{"line":118,"column":46}},"loc":{"start":{"line":118,"column":49},"end":{"line":130,"column":5}}},"22":{"name":"(anonymous_22)","decl":{"start":{"line":134,"column":2},"end":{"line":134,"column":12}},"loc":{"start":{"line":134,"column":52},"end":{"line":147,"column":3}}},"23":{"name":"(anonymous_23)","decl":{"start":{"line":135,"column":41},"end":{"line":135,"column":46}},"loc":{"start":{"line":135,"column":49},"end":{"line":145,"column":5}}},"24":{"name":"(anonymous_24)","decl":{"start":{"line":149,"column":2},"end":{"line":149,"column":11}},"loc":{"start":{"line":149,"column":28},"end":{"line":181,"column":3}}},"25":{"name":"(anonymous_25)","decl":{"start":{"line":165,"column":50},"end":{"line":165,"column":51}},"loc":{"start":{"line":165,"column":55},"end":{"line":165,"column":78}}},"26":{"name":"(anonymous_26)","decl":{"start":{"line":171,"column":41},"end":{"line":171,"column":46}},"loc":{"start":{"line":171,"column":49},"end":{"line":179,"column":5}}},"27":{"name":"(anonymous_27)","decl":{"start":{"line":174,"column":46},"end":{"line":174,"column":47}},"loc":{"start":{"line":174,"column":51},"end":{"line":174,"column":74}}},"28":{"name":"(anonymous_28)","decl":{"start":{"line":185,"column":2},"end":{"line":185,"column":12}},"loc":{"start":{"line":185,"column":29},"end":{"line":450,"column":3}}},"29":{"name":"(anonymous_29)","decl":{"start":{"line":266,"column":41},"end":{"line":266,"column":46}},"loc":{"start":{"line":266,"column":49},"end":{"line":441,"column":5}}},"30":{"name":"(anonymous_30)","decl":{"start":{"line":282,"column":38},"end":{"line":282,"column":39}},"loc":{"start":{"line":282,"column":43},"end":{"line":282,"column":78}}},"31":{"name":"(anonymous_31)","decl":{"start":{"line":293,"column":38},"end":{"line":293,"column":39}},"loc":{"start":{"line":293,"column":43},"end":{"line":293,"column":77}}},"32":{"name":"(anonymous_32)","decl":{"start":{"line":336,"column":30},"end":{"line":336,"column":31}},"loc":{"start":{"line":336,"column":34},"end":{"line":338,"column":11}}},"33":{"name":"(anonymous_33)","decl":{"start":{"line":353,"column":14},"end":{"line":353,"column":15}},"loc":{"start":{"line":353,"column":19},"end":{"line":353,"column":88}}},"34":{"name":"(anonymous_34)","decl":{"start":{"line":355,"column":53},"end":{"line":355,"column":54}},"loc":{"start":{"line":355,"column":64},"end":{"line":357,"column":13}}},"35":{"name":"(anonymous_35)","decl":{"start":{"line":356,"column":52},"end":{"line":356,"column":53}},"loc":{"start":{"line":356,"column":63},"end":{"line":356,"column":74}}},"36":{"name":"(anonymous_36)","decl":{"start":{"line":363,"column":48},"end":{"line":363,"column":49}},"loc":{"start":{"line":363,"column":53},"end":{"line":363,"column":84}}},"37":{"name":"(anonymous_37)","decl":{"start":{"line":364,"column":44},"end":{"line":364,"column":45}},"loc":{"start":{"line":364,"column":56},"end":{"line":364,"column":113}}},"38":{"name":"(anonymous_38)","decl":{"start":{"line":364,"column":87},"end":{"line":364,"column":88}},"loc":{"start":{"line":364,"column":98},"end":{"line":364,"column":109}}},"39":{"name":"(anonymous_39)","decl":{"start":{"line":365,"column":47},"end":{"line":365,"column":48}},"loc":{"start":{"line":365,"column":52},"end":{"line":365,"column":72}}},"40":{"name":"(anonymous_40)","decl":{"start":{"line":383,"column":30},"end":{"line":383,"column":31}},"loc":{"start":{"line":383,"column":34},"end":{"line":385,"column":11}}},"41":{"name":"(anonymous_41)","decl":{"start":{"line":407,"column":49},"end":{"line":407,"column":50}},"loc":{"start":{"line":407,"column":54},"end":{"line":407,"column":89}}},"42":{"name":"(anonymous_42)","decl":{"start":{"line":452,"column":2},"end":{"line":452,"column":14}},"loc":{"start":{"line":452,"column":14},"end":{"line":469,"column":3}}},"43":{"name":"(anonymous_43)","decl":{"start":{"line":458,"column":41},"end":{"line":458,"column":46}},"loc":{"start":{"line":458,"column":49},"end":{"line":466,"column":5}}},"44":{"name":"(anonymous_44)","decl":{"start":{"line":473,"column":2},"end":{"line":473,"column":16}},"loc":{"start":{"line":473,"column":16},"end":{"line":496,"column":3}}},"45":{"name":"(anonymous_45)","decl":{"start":{"line":485,"column":41},"end":{"line":485,"column":46}},"loc":{"start":{"line":485,"column":49},"end":{"line":494,"column":5}}},"46":{"name":"(anonymous_46)","decl":{"start":{"line":498,"column":2},"end":{"line":498,"column":18}},"loc":{"start":{"line":498,"column":18},"end":{"line":562,"column":3}}},"47":{"name":"(anonymous_47)","decl":{"start":{"line":506,"column":50},"end":{"line":506,"column":51}},"loc":{"start":{"line":506,"column":55},"end":{"line":506,"column":68}}},"48":{"name":"(anonymous_48)","decl":{"start":{"line":511,"column":43},"end":{"line":511,"column":48}},"loc":{"start":{"line":511,"column":51},"end":{"line":518,"column":7}}},"49":{"name":"(anonymous_49)","decl":{"start":{"line":539,"column":16},"end":{"line":539,"column":17}},"loc":{"start":{"line":539,"column":21},"end":{"line":539,"column":54}}},"50":{"name":"(anonymous_50)","decl":{"start":{"line":540,"column":16},"end":{"line":540,"column":17}},"loc":{"start":{"line":540,"column":28},"end":{"line":540,"column":45}}},"51":{"name":"(anonymous_51)","decl":{"start":{"line":542,"column":16},"end":{"line":542,"column":17}},"loc":{"start":{"line":542,"column":21},"end":{"line":542,"column":54}}},"52":{"name":"(anonymous_52)","decl":{"start":{"line":543,"column":16},"end":{"line":543,"column":17}},"loc":{"start":{"line":543,"column":28},"end":{"line":543,"column":45}}},"53":{"name":"(anonymous_53)","decl":{"start":{"line":547,"column":41},"end":{"line":547,"column":46}},"loc":{"start":{"line":547,"column":49},"end":{"line":559,"column":5}}},"54":{"name":"(anonymous_54)","decl":{"start":{"line":564,"column":2},"end":{"line":564,"column":16}},"loc":{"start":{"line":564,"column":16},"end":{"line":577,"column":3}}},"55":{"name":"(anonymous_55)","decl":{"start":{"line":568,"column":41},"end":{"line":568,"column":46}},"loc":{"start":{"line":568,"column":49},"end":{"line":575,"column":5}}},"56":{"name":"(anonymous_56)","decl":{"start":{"line":580,"column":2},"end":{"line":580,"column":14}},"loc":{"start":{"line":580,"column":14},"end":{"line":594,"column":3}}},"57":{"name":"(anonymous_57)","decl":{"start":{"line":581,"column":41},"end":{"line":581,"column":46}},"loc":{"start":{"line":581,"column":49},"end":{"line":592,"column":5}}},"58":{"name":"(anonymous_58)","decl":{"start":{"line":604,"column":2},"end":{"line":604,"column":10}},"loc":{"start":{"line":604,"column":87},"end":{"line":638,"column":3}}},"59":{"name":"(anonymous_59)","decl":{"start":{"line":628,"column":41},"end":{"line":628,"column":46}},"loc":{"start":{"line":628,"column":49},"end":{"line":636,"column":5}}},"60":{"name":"(anonymous_60)","decl":{"start":{"line":640,"column":2},"end":{"line":640,"column":13}},"loc":{"start":{"line":640,"column":13},"end":{"line":649,"column":3}}},"61":{"name":"(anonymous_61)","decl":{"start":{"line":653,"column":2},"end":{"line":653,"column":14}},"loc":{"start":{"line":653,"column":31},"end":{"line":678,"column":3}}},"62":{"name":"(anonymous_62)","decl":{"start":{"line":654,"column":41},"end":{"line":654,"column":46}},"loc":{"start":{"line":654,"column":49},"end":{"line":676,"column":5}}},"63":{"name":"(anonymous_63)","decl":{"start":{"line":684,"column":2},"end":{"line":684,"column":14}},"loc":{"start":{"line":684,"column":70},"end":{"line":720,"column":3}}},"64":{"name":"(anonymous_64)","decl":{"start":{"line":685,"column":41},"end":{"line":685,"column":46}},"loc":{"start":{"line":685,"column":49},"end":{"line":718,"column":5}}},"65":{"name":"(anonymous_65)","decl":{"start":{"line":691,"column":38},"end":{"line":691,"column":39}},"loc":{"start":{"line":691,"column":43},"end":{"line":691,"column":67}}},"66":{"name":"(anonymous_66)","decl":{"start":{"line":722,"column":2},"end":{"line":722,"column":12}},"loc":{"start":{"line":722,"column":12},"end":{"line":735,"column":3}}},"67":{"name":"(anonymous_67)","decl":{"start":{"line":723,"column":41},"end":{"line":723,"column":46}},"loc":{"start":{"line":723,"column":49},"end":{"line":733,"column":5}}},"68":{"name":"(anonymous_68)","decl":{"start":{"line":739,"column":10},"end":{"line":739,"column":30}},"loc":{"start":{"line":739,"column":43},"end":{"line":802,"column":3}}},"69":{"name":"(anonymous_69)","decl":{"start":{"line":746,"column":39},"end":{"line":746,"column":40}},"loc":{"start":{"line":746,"column":44},"end":{"line":746,"column":57}}},"70":{"name":"(anonymous_70)","decl":{"start":{"line":789,"column":41},"end":{"line":789,"column":42}},"loc":{"start":{"line":789,"column":46},"end":{"line":789,"column":73}}},"71":{"name":"(anonymous_71)","decl":{"start":{"line":789,"column":82},"end":{"line":789,"column":83}},"loc":{"start":{"line":789,"column":92},"end":{"line":789,"column":107}}},"72":{"name":"(anonymous_72)","decl":{"start":{"line":790,"column":41},"end":{"line":790,"column":42}},"loc":{"start":{"line":790,"column":46},"end":{"line":790,"column":73}}},"73":{"name":"(anonymous_73)","decl":{"start":{"line":790,"column":82},"end":{"line":790,"column":83}},"loc":{"start":{"line":790,"column":92},"end":{"line":790,"column":107}}},"74":{"name":"(anonymous_74)","decl":{"start":{"line":804,"column":10},"end":{"line":804,"column":28}},"loc":{"start":{"line":804,"column":43},"end":{"line":808,"column":3}}},"75":{"name":"createInnings","decl":{"start":{"line":813,"column":9},"end":{"line":813,"column":22}},"loc":{"start":{"line":818,"column":21},"end":{"line":844,"column":1}}},"76":{"name":"createBatterInnings","decl":{"start":{"line":846,"column":9},"end":{"line":846,"column":28}},"loc":{"start":{"line":849,"column":18},"end":{"line":861,"column":1}}},"77":{"name":"createBowlerSpell","decl":{"start":{"line":863,"column":9},"end":{"line":863,"column":26}},"loc":{"start":{"line":863,"column":43},"end":{"line":874,"column":1}}},"78":{"name":"createPartnership","decl":{"start":{"line":876,"column":9},"end":{"line":876,"column":26}},"loc":{"start":{"line":876,"column":63},"end":{"line":886,"column":1}}},"79":{"name":"createNewMatch","decl":{"start":{"line":890,"column":16},"end":{"line":890,"column":30}},"loc":{"start":{"line":898,"column":14},"end":{"line":918,"column":1}}}},"branchMap":{"0":{"loc":{"start":{"line":7,"column":2},"end":{"line":9,"column":3}},"type":"if","locations":[{"start":{"line":7,"column":2},"end":{"line":9,"column":3}}]},"1":{"loc":{"start":{"line":7,"column":6},"end":{"line":7,"column":94}},"type":"binary-expr","locations":[{"start":{"line":7,"column":6},"end":{"line":7,"column":39}},{"start":{"line":7,"column":43},"end":{"line":7,"column":94}}]},"2":{"loc":{"start":{"line":13,"column":12},"end":{"line":13,"column":43}},"type":"cond-expr","locations":[{"start":{"line":13,"column":24},"end":{"line":13,"column":25}},{"start":{"line":13,"column":28},"end":{"line":13,"column":43}}]},"3":{"loc":{"start":{"line":40,"column":28},"end":{"line":40,"column":59}},"type":"default-arg","locations":[{"start":{"line":40,"column":57},"end":{"line":40,"column":59}}]},"4":{"loc":{"start":{"line":40,"column":61},"end":{"line":40,"column":107}},"type":"default-arg","locations":[{"start":{"line":40,"column":89},"end":{"line":40,"column":107}}]},"5":{"loc":{"start":{"line":55,"column":4},"end":{"line":57,"column":5}},"type":"if","locations":[{"start":{"line":55,"column":4},"end":{"line":57,"column":5}}]},"6":{"loc":{"start":{"line":55,"column":8},"end":{"line":55,"column":105}},"type":"binary-expr","locations":[{"start":{"line":55,"column":8},"end":{"line":55,"column":42}},{"start":{"line":55,"column":46},"end":{"line":55,"column":105}}]},"7":{"loc":{"start":{"line":63,"column":4},"end":{"line":63,"column":48}},"type":"if","locations":[{"start":{"line":63,"column":4},"end":{"line":63,"column":48}}]},"8":{"loc":{"start":{"line":64,"column":11},"end":{"line":64,"column":85}},"type":"binary-expr","locations":[{"start":{"line":64,"column":11},"end":{"line":64,"column":77}},{"start":{"line":64,"column":81},"end":{"line":64,"column":85}}]},"9":{"loc":{"start":{"line":69,"column":4},"end":{"line":69,"column":51}},"type":"if","locations":[{"start":{"line":69,"column":4},"end":{"line":69,"column":51}}]},"10":{"loc":{"start":{"line":70,"column":11},"end":{"line":70,"column":88}},"type":"binary-expr","locations":[{"start":{"line":70,"column":11},"end":{"line":70,"column":80}},{"start":{"line":70,"column":84},"end":{"line":70,"column":88}}]},"11":{"loc":{"start":{"line":75,"column":4},"end":{"line":75,"column":47}},"type":"if","locations":[{"start":{"line":75,"column":4},"end":{"line":75,"column":47}}]},"12":{"loc":{"start":{"line":76,"column":11},"end":{"line":76,"column":84}},"type":"binary-expr","locations":[{"start":{"line":76,"column":11},"end":{"line":76,"column":76}},{"start":{"line":76,"column":80},"end":{"line":76,"column":84}}]},"13":{"loc":{"start":{"line":81,"column":4},"end":{"line":81,"column":30}},"type":"if","locations":[{"start":{"line":81,"column":4},"end":{"line":81,"column":30}}]},"14":{"loc":{"start":{"line":82,"column":11},"end":{"line":82,"column":72}},"type":"binary-expr","locations":[{"start":{"line":82,"column":11},"end":{"line":82,"column":64}},{"start":{"line":82,"column":68},"end":{"line":82,"column":72}}]},"15":{"loc":{"start":{"line":87,"column":4},"end":{"line":87,"column":64}},"type":"if","locations":[{"start":{"line":87,"column":4},"end":{"line":87,"column":64}}]},"16":{"loc":{"start":{"line":87,"column":8},"end":{"line":87,"column":49}},"type":"binary-expr","locations":[{"start":{"line":87,"column":8},"end":{"line":87,"column":16}},{"start":{"line":87,"column":20},"end":{"line":87,"column":49}}]},"17":{"loc":{"start":{"line":89,"column":11},"end":{"line":89,"column":79}},"type":"binary-expr","locations":[{"start":{"line":89,"column":11},"end":{"line":89,"column":28}},{"start":{"line":89,"column":32},"end":{"line":89,"column":79}}]},"18":{"loc":{"start":{"line":94,"column":4},"end":{"line":94,"column":30}},"type":"if","locations":[{"start":{"line":94,"column":4},"end":{"line":94,"column":30}}]},"19":{"loc":{"start":{"line":95,"column":11},"end":{"line":95,"column":74}},"type":"binary-expr","locations":[{"start":{"line":95,"column":11},"end":{"line":95,"column":41}},{"start":{"line":95,"column":45},"end":{"line":95,"column":74}}]},"20":{"loc":{"start":{"line":99,"column":11},"end":{"line":99,"column":81}},"type":"binary-expr","locations":[{"start":{"line":99,"column":11},"end":{"line":99,"column":44}},{"start":{"line":99,"column":48},"end":{"line":99,"column":81}}]},"21":{"loc":{"start":{"line":151,"column":4},"end":{"line":151,"column":55}},"type":"if","locations":[{"start":{"line":151,"column":4},"end":{"line":151,"column":55}}]},"22":{"loc":{"start":{"line":154,"column":4},"end":{"line":159,"column":5}},"type":"if","locations":[{"start":{"line":154,"column":4},"end":{"line":159,"column":5}}]},"23":{"loc":{"start":{"line":156,"column":6},"end":{"line":158,"column":7}},"type":"if","locations":[{"start":{"line":156,"column":6},"end":{"line":158,"column":7}}]},"24":{"loc":{"start":{"line":163,"column":4},"end":{"line":169,"column":5}},"type":"if","locations":[{"start":{"line":163,"column":4},"end":{"line":169,"column":5}}]},"25":{"loc":{"start":{"line":166,"column":6},"end":{"line":168,"column":7}},"type":"if","locations":[{"start":{"line":166,"column":6},"end":{"line":168,"column":7}}]},"26":{"loc":{"start":{"line":166,"column":10},"end":{"line":166,"column":69}},"type":"binary-expr","locations":[{"start":{"line":166,"column":10},"end":{"line":166,"column":24}},{"start":{"line":166,"column":28},"end":{"line":166,"column":69}}]},"27":{"loc":{"start":{"line":175,"column":6},"end":{"line":177,"column":7}},"type":"if","locations":[{"start":{"line":175,"column":6},"end":{"line":177,"column":7}}]},"28":{"loc":{"start":{"line":187,"column":4},"end":{"line":189,"column":5}},"type":"if","locations":[{"start":{"line":187,"column":4},"end":{"line":189,"column":5}}]},"29":{"loc":{"start":{"line":187,"column":8},"end":{"line":187,"column":52}},"type":"binary-expr","locations":[{"start":{"line":187,"column":8},"end":{"line":187,"column":16}},{"start":{"line":187,"column":20},"end":{"line":187,"column":52}}]},"30":{"loc":{"start":{"line":190,"column":4},"end":{"line":192,"column":5}},"type":"if","locations":[{"start":{"line":190,"column":4},"end":{"line":192,"column":5}}]},"31":{"loc":{"start":{"line":190,"column":8},"end":{"line":190,"column":93}},"type":"binary-expr","locations":[{"start":{"line":190,"column":8},"end":{"line":190,"column":33}},{"start":{"line":190,"column":37},"end":{"line":190,"column":65}},{"start":{"line":190,"column":69},"end":{"line":190,"column":93}}]},"32":{"loc":{"start":{"line":196,"column":4},"end":{"line":198,"column":5}},"type":"if","locations":[{"start":{"line":196,"column":4},"end":{"line":198,"column":5}}]},"33":{"loc":{"start":{"line":196,"column":8},"end":{"line":196,"column":94}},"type":"binary-expr","locations":[{"start":{"line":196,"column":8},"end":{"line":196,"column":15}},{"start":{"line":196,"column":19},"end":{"line":196,"column":34}},{"start":{"line":196,"column":38},"end":{"line":196,"column":94}}]},"34":{"loc":{"start":{"line":205,"column":20},"end":{"line":205,"column":40}},"type":"binary-expr","locations":[{"start":{"line":205,"column":20},"end":{"line":205,"column":27}},{"start":{"line":205,"column":31},"end":{"line":205,"column":40}}]},"35":{"loc":{"start":{"line":210,"column":4},"end":{"line":214,"column":5}},"type":"if","locations":[{"start":{"line":210,"column":4},"end":{"line":214,"column":5}}]},"36":{"loc":{"start":{"line":215,"column":4},"end":{"line":218,"column":5}},"type":"if","locations":[{"start":{"line":215,"column":4},"end":{"line":218,"column":5}}]},"37":{"loc":{"start":{"line":219,"column":4},"end":{"line":222,"column":5}},"type":"if","locations":[{"start":{"line":219,"column":4},"end":{"line":222,"column":5}}]},"38":{"loc":{"start":{"line":219,"column":8},"end":{"line":219,"column":30}},"type":"binary-expr","locations":[{"start":{"line":219,"column":8},"end":{"line":219,"column":19}},{"start":{"line":219,"column":23},"end":{"line":219,"column":30}}]},"39":{"loc":{"start":{"line":223,"column":4},"end":{"line":226,"column":5}},"type":"if","locations":[{"start":{"line":223,"column":4},"end":{"line":226,"column":5}}]},"40":{"loc":{"start":{"line":223,"column":8},"end":{"line":223,"column":33}},"type":"binary-expr","locations":[{"start":{"line":223,"column":8},"end":{"line":223,"column":22}},{"start":{"line":223,"column":26},"end":{"line":223,"column":33}}]},"41":{"loc":{"start":{"line":229,"column":23},"end":{"line":229,"column":81}},"type":"cond-expr","locations":[{"start":{"line":229,"column":67},"end":{"line":229,"column":68}},{"start":{"line":229,"column":71},"end":{"line":229,"column":81}}]},"42":{"loc":{"start":{"line":229,"column":24},"end":{"line":229,"column":63}},"type":"binary-expr","locations":[{"start":{"line":229,"column":24},"end":{"line":229,"column":35}},{"start":{"line":229,"column":39},"end":{"line":229,"column":53}},{"start":{"line":229,"column":57},"end":{"line":229,"column":63}}]},"43":{"loc":{"start":{"line":230,"column":22},"end":{"line":236,"column":22}},"type":"cond-expr","locations":[{"start":{"line":231,"column":8},"end":{"line":231,"column":49}},{"start":{"line":232,"column":8},"end":{"line":236,"column":22}}]},"44":{"loc":{"start":{"line":232,"column":8},"end":{"line":236,"column":22}},"type":"cond-expr","locations":[{"start":{"line":233,"column":10},"end":{"line":233,"column":49}},{"start":{"line":234,"column":10},"end":{"line":236,"column":22}}]},"45":{"loc":{"start":{"line":234,"column":10},"end":{"line":236,"column":22}},"type":"cond-expr","locations":[{"start":{"line":235,"column":12},"end":{"line":235,"column":22}},{"start":{"line":236,"column":12},"end":{"line":236,"column":22}}]},"46":{"loc":{"start":{"line":234,"column":11},"end":{"line":234,"column":40}},"type":"binary-expr","locations":[{"start":{"line":234,"column":11},"end":{"line":234,"column":22}},{"start":{"line":234,"column":26},"end":{"line":234,"column":40}}]},"47":{"loc":{"start":{"line":240,"column":4},"end":{"line":247,"column":5}},"type":"if","locations":[{"start":{"line":240,"column":4},"end":{"line":247,"column":5}}]},"48":{"loc":{"start":{"line":243,"column":19},"end":{"line":243,"column":72}},"type":"binary-expr","locations":[{"start":{"line":243,"column":19},"end":{"line":243,"column":44}},{"start":{"line":243,"column":48},"end":{"line":243,"column":72}}]},"49":{"loc":{"start":{"line":245,"column":19},"end":{"line":245,"column":52}},"type":"binary-expr","locations":[{"start":{"line":245,"column":19},"end":{"line":245,"column":44}},{"start":{"line":245,"column":48},"end":{"line":245,"column":52}}]},"50":{"loc":{"start":{"line":252,"column":18},"end":{"line":252,"column":67}},"type":"cond-expr","locations":[{"start":{"line":252,"column":28},"end":{"line":252,"column":46}},{"start":{"line":252,"column":49},"end":{"line":252,"column":67}}]},"51":{"loc":{"start":{"line":259,"column":18},"end":{"line":259,"column":53}},"type":"binary-expr","locations":[{"start":{"line":259,"column":18},"end":{"line":259,"column":34}},{"start":{"line":259,"column":38},"end":{"line":259,"column":53}}]},"52":{"loc":{"start":{"line":263,"column":10},"end":{"line":263,"column":83}},"type":"cond-expr","locations":[{"start":{"line":263,"column":44},"end":{"line":263,"column":78}},{"start":{"line":263,"column":81},"end":{"line":263,"column":83}}]},"53":{"loc":{"start":{"line":276,"column":6},"end":{"line":276,"column":78}},"type":"if","locations":[{"start":{"line":276,"column":6},"end":{"line":276,"column":78}}]},"54":{"loc":{"start":{"line":277,"column":6},"end":{"line":277,"column":71}},"type":"if","locations":[{"start":{"line":277,"column":6},"end":{"line":277,"column":71}}]},"55":{"loc":{"start":{"line":278,"column":6},"end":{"line":278,"column":64}},"type":"if","locations":[{"start":{"line":278,"column":6},"end":{"line":278,"column":64}}]},"56":{"loc":{"start":{"line":278,"column":10},"end":{"line":278,"column":32}},"type":"binary-expr","locations":[{"start":{"line":278,"column":10},"end":{"line":278,"column":21}},{"start":{"line":278,"column":25},"end":{"line":278,"column":32}}]},"57":{"loc":{"start":{"line":279,"column":6},"end":{"line":279,"column":70}},"type":"if","locations":[{"start":{"line":279,"column":6},"end":{"line":279,"column":70}}]},"58":{"loc":{"start":{"line":279,"column":10},"end":{"line":279,"column":35}},"type":"binary-expr","locations":[{"start":{"line":279,"column":10},"end":{"line":279,"column":24}},{"start":{"line":279,"column":28},"end":{"line":279,"column":35}}]},"59":{"loc":{"start":{"line":283,"column":6},"end":{"line":290,"column":7}},"type":"if","locations":[{"start":{"line":283,"column":6},"end":{"line":290,"column":7}}]},"60":{"loc":{"start":{"line":284,"column":8},"end":{"line":286,"column":9}},"type":"if","locations":[{"start":{"line":284,"column":8},"end":{"line":286,"column":9}}]},"61":{"loc":{"start":{"line":288,"column":8},"end":{"line":288,"column":68}},"type":"if","locations":[{"start":{"line":288,"column":8},"end":{"line":288,"column":68}}]},"62":{"loc":{"start":{"line":288,"column":12},"end":{"line":288,"column":48}},"type":"binary-expr","locations":[{"start":{"line":288,"column":12},"end":{"line":288,"column":28}},{"start":{"line":288,"column":32},"end":{"line":288,"column":48}}]},"63":{"loc":{"start":{"line":289,"column":8},"end":{"line":289,"column":68}},"type":"if","locations":[{"start":{"line":289,"column":8},"end":{"line":289,"column":68}}]},"64":{"loc":{"start":{"line":289,"column":12},"end":{"line":289,"column":48}},"type":"binary-expr","locations":[{"start":{"line":289,"column":12},"end":{"line":289,"column":28}},{"start":{"line":289,"column":32},"end":{"line":289,"column":48}}]},"65":{"loc":{"start":{"line":294,"column":6},"end":{"line":310,"column":7}},"type":"if","locations":[{"start":{"line":294,"column":6},"end":{"line":310,"column":7}}]},"66":{"loc":{"start":{"line":295,"column":8},"end":{"line":295,"column":45}},"type":"if","locations":[{"start":{"line":295,"column":8},"end":{"line":295,"column":45}}]},"67":{"loc":{"start":{"line":296,"column":8},"end":{"line":306,"column":9}},"type":"if","locations":[{"start":{"line":296,"column":8},"end":{"line":306,"column":9}},{"start":{"line":299,"column":15},"end":{"line":306,"column":9}}]},"68":{"loc":{"start":{"line":299,"column":15},"end":{"line":306,"column":9}},"type":"if","locations":[{"start":{"line":299,"column":15},"end":{"line":306,"column":9}},{"start":{"line":302,"column":15},"end":{"line":306,"column":9}}]},"69":{"loc":{"start":{"line":302,"column":15},"end":{"line":306,"column":9}},"type":"if","locations":[{"start":{"line":302,"column":15},"end":{"line":306,"column":9}},{"start":{"line":304,"column":15},"end":{"line":306,"column":9}}]},"70":{"loc":{"start":{"line":302,"column":19},"end":{"line":302,"column":48}},"type":"binary-expr","locations":[{"start":{"line":302,"column":19},"end":{"line":302,"column":30}},{"start":{"line":302,"column":34},"end":{"line":302,"column":48}}]},"71":{"loc":{"start":{"line":307,"column":8},"end":{"line":309,"column":9}},"type":"if","locations":[{"start":{"line":307,"column":8},"end":{"line":309,"column":9}}]},"72":{"loc":{"start":{"line":307,"column":12},"end":{"line":307,"column":79}},"type":"binary-expr","locations":[{"start":{"line":307,"column":12},"end":{"line":307,"column":21}},{"start":{"line":307,"column":25},"end":{"line":307,"column":79}}]},"73":{"loc":{"start":{"line":314,"column":6},"end":{"line":325,"column":7}},"type":"if","locations":[{"start":{"line":314,"column":6},"end":{"line":325,"column":7}}]},"74":{"loc":{"start":{"line":316,"column":8},"end":{"line":316,"column":44}},"type":"if","locations":[{"start":{"line":316,"column":8},"end":{"line":316,"column":44}}]},"75":{"loc":{"start":{"line":317,"column":8},"end":{"line":321,"column":9}},"type":"if","locations":[{"start":{"line":317,"column":8},"end":{"line":321,"column":9}},{"start":{"line":319,"column":15},"end":{"line":321,"column":9}}]},"76":{"loc":{"start":{"line":322,"column":8},"end":{"line":324,"column":9}},"type":"if","locations":[{"start":{"line":322,"column":8},"end":{"line":324,"column":9}}]},"77":{"loc":{"start":{"line":322,"column":12},"end":{"line":322,"column":63}},"type":"binary-expr","locations":[{"start":{"line":322,"column":12},"end":{"line":322,"column":18}},{"start":{"line":322,"column":22},"end":{"line":322,"column":30}},{"start":{"line":322,"column":34},"end":{"line":322,"column":45}},{"start":{"line":322,"column":49},"end":{"line":322,"column":63}}]},"78":{"loc":{"start":{"line":331,"column":32},"end":{"line":331,"column":80}},"type":"cond-expr","locations":[{"start":{"line":331,"column":41},"end":{"line":331,"column":42}},{"start":{"line":331,"column":46},"end":{"line":331,"column":79}}]},"79":{"loc":{"start":{"line":331,"column":46},"end":{"line":331,"column":79}},"type":"cond-expr","locations":[{"start":{"line":331,"column":57},"end":{"line":331,"column":67}},{"start":{"line":331,"column":70},"end":{"line":331,"column":79}}]},"80":{"loc":{"start":{"line":332,"column":8},"end":{"line":339,"column":9}},"type":"if","locations":[{"start":{"line":332,"column":8},"end":{"line":339,"column":9}}]},"81":{"loc":{"start":{"line":343,"column":6},"end":{"line":387,"column":7}},"type":"if","locations":[{"start":{"line":343,"column":6},"end":{"line":387,"column":7}}]},"82":{"loc":{"start":{"line":347,"column":8},"end":{"line":386,"column":9}},"type":"if","locations":[{"start":{"line":347,"column":8},"end":{"line":386,"column":9}}]},"83":{"loc":{"start":{"line":349,"column":10},"end":{"line":360,"column":11}},"type":"if","locations":[{"start":{"line":349,"column":10},"end":{"line":360,"column":11}}]},"84":{"loc":{"start":{"line":353,"column":19},"end":{"line":353,"column":88}},"type":"binary-expr","locations":[{"start":{"line":353,"column":19},"end":{"line":353,"column":50}},{"start":{"line":353,"column":54},"end":{"line":353,"column":88}}]},"85":{"loc":{"start":{"line":358,"column":12},"end":{"line":358,"column":52}},"type":"if","locations":[{"start":{"line":358,"column":12},"end":{"line":358,"column":52}}]},"86":{"loc":{"start":{"line":390,"column":6},"end":{"line":420,"column":7}},"type":"if","locations":[{"start":{"line":390,"column":6},"end":{"line":420,"column":7}}]},"87":{"loc":{"start":{"line":392,"column":8},"end":{"line":404,"column":9}},"type":"if","locations":[{"start":{"line":392,"column":8},"end":{"line":404,"column":9}}]},"88":{"loc":{"start":{"line":408,"column":8},"end":{"line":411,"column":9}},"type":"if","locations":[{"start":{"line":408,"column":8},"end":{"line":411,"column":9}}]},"89":{"loc":{"start":{"line":414,"column":8},"end":{"line":419,"column":9}},"type":"if","locations":[{"start":{"line":414,"column":8},"end":{"line":419,"column":9}},{"start":{"line":416,"column":15},"end":{"line":419,"column":9}}]},"90":{"loc":{"start":{"line":423,"column":25},"end":{"line":423,"column":104}},"type":"cond-expr","locations":[{"start":{"line":423,"column":43},"end":{"line":423,"column":44}},{"start":{"line":423,"column":47},"end":{"line":423,"column":104}}]},"91":{"loc":{"start":{"line":424,"column":25},"end":{"line":424,"column":80}},"type":"cond-expr","locations":[{"start":{"line":424,"column":43},"end":{"line":424,"column":44}},{"start":{"line":424,"column":47},"end":{"line":424,"column":80}}]},"92":{"loc":{"start":{"line":426,"column":30},"end":{"line":427,"column":60}},"type":"binary-expr","locations":[{"start":{"line":426,"column":30},"end":{"line":426,"column":49}},{"start":{"line":427,"column":8},"end":{"line":427,"column":36}},{"start":{"line":427,"column":40},"end":{"line":427,"column":60}}]},"93":{"loc":{"start":{"line":428,"column":30},"end":{"line":428,"column":80}},"type":"binary-expr","locations":[{"start":{"line":428,"column":30},"end":{"line":428,"column":49}},{"start":{"line":428,"column":53},"end":{"line":428,"column":80}}]},"94":{"loc":{"start":{"line":430,"column":6},"end":{"line":438,"column":7}},"type":"if","locations":[{"start":{"line":430,"column":6},"end":{"line":438,"column":7}}]},"95":{"loc":{"start":{"line":430,"column":10},"end":{"line":430,"column":56}},"type":"binary-expr","locations":[{"start":{"line":430,"column":10},"end":{"line":430,"column":18}},{"start":{"line":430,"column":22},"end":{"line":430,"column":37}},{"start":{"line":430,"column":41},"end":{"line":430,"column":56}}]},"96":{"loc":{"start":{"line":453,"column":4},"end":{"line":455,"column":5}},"type":"if","locations":[{"start":{"line":453,"column":4},"end":{"line":455,"column":5}}]},"97":{"loc":{"start":{"line":462,"column":6},"end":{"line":465,"column":7}},"type":"if","locations":[{"start":{"line":462,"column":6},"end":{"line":465,"column":7}}]},"98":{"loc":{"start":{"line":474,"column":4},"end":{"line":476,"column":5}},"type":"if","locations":[{"start":{"line":474,"column":4},"end":{"line":476,"column":5}}]},"99":{"loc":{"start":{"line":477,"column":4},"end":{"line":479,"column":5}},"type":"if","locations":[{"start":{"line":477,"column":4},"end":{"line":479,"column":5}}]},"100":{"loc":{"start":{"line":500,"column":4},"end":{"line":502,"column":5}},"type":"if","locations":[{"start":{"line":500,"column":4},"end":{"line":502,"column":5}}]},"101":{"loc":{"start":{"line":500,"column":8},"end":{"line":500,"column":66}},"type":"binary-expr","locations":[{"start":{"line":500,"column":8},"end":{"line":500,"column":23}},{"start":{"line":500,"column":27},"end":{"line":500,"column":66}}]},"102":{"loc":{"start":{"line":505,"column":4},"end":{"line":520,"column":5}},"type":"if","locations":[{"start":{"line":505,"column":4},"end":{"line":520,"column":5}}]},"103":{"loc":{"start":{"line":507,"column":6},"end":{"line":507,"column":80}},"type":"if","locations":[{"start":{"line":507,"column":6},"end":{"line":507,"column":80}}]},"104":{"loc":{"start":{"line":523,"column":4},"end":{"line":525,"column":5}},"type":"if","locations":[{"start":{"line":523,"column":4},"end":{"line":525,"column":5}}]},"105":{"loc":{"start":{"line":533,"column":4},"end":{"line":535,"column":5}},"type":"if","locations":[{"start":{"line":533,"column":4},"end":{"line":535,"column":5}}]},"106":{"loc":{"start":{"line":533,"column":8},"end":{"line":533,"column":69}},"type":"binary-expr","locations":[{"start":{"line":533,"column":8},"end":{"line":533,"column":42}},{"start":{"line":533,"column":46},"end":{"line":533,"column":69}}]},"107":{"loc":{"start":{"line":537,"column":4},"end":{"line":545,"column":5}},"type":"if","locations":[{"start":{"line":537,"column":4},"end":{"line":545,"column":5}}]},"108":{"loc":{"start":{"line":537,"column":8},"end":{"line":537,"column":69}},"type":"binary-expr","locations":[{"start":{"line":537,"column":8},"end":{"line":537,"column":42}},{"start":{"line":537,"column":46},"end":{"line":537,"column":69}}]},"109":{"loc":{"start":{"line":565,"column":4},"end":{"line":567,"column":5}},"type":"if","locations":[{"start":{"line":565,"column":4},"end":{"line":567,"column":5}}]},"110":{"loc":{"start":{"line":583,"column":6},"end":{"line":588,"column":7}},"type":"if","locations":[{"start":{"line":583,"column":6},"end":{"line":588,"column":7}}]},"111":{"loc":{"start":{"line":583,"column":10},"end":{"line":583,"column":45}},"type":"binary-expr","locations":[{"start":{"line":583,"column":10},"end":{"line":583,"column":13}},{"start":{"line":583,"column":17},"end":{"line":583,"column":45}}]},"112":{"loc":{"start":{"line":604,"column":29},"end":{"line":604,"column":68}},"type":"default-arg","locations":[{"start":{"line":604,"column":58},"end":{"line":604,"column":68}}]},"113":{"loc":{"start":{"line":606,"column":4},"end":{"line":608,"column":5}},"type":"if","locations":[{"start":{"line":606,"column":4},"end":{"line":608,"column":5}}]},"114":{"loc":{"start":{"line":606,"column":8},"end":{"line":606,"column":47}},"type":"binary-expr","locations":[{"start":{"line":606,"column":8},"end":{"line":606,"column":16}},{"start":{"line":606,"column":20},"end":{"line":606,"column":47}}]},"115":{"loc":{"start":{"line":610,"column":4},"end":{"line":610,"column":83}},"type":"if","locations":[{"start":{"line":610,"column":4},"end":{"line":610,"column":83}}]},"116":{"loc":{"start":{"line":612,"column":29},"end":{"line":612,"column":66}},"type":"binary-expr","locations":[{"start":{"line":612,"column":29},"end":{"line":612,"column":61}},{"start":{"line":612,"column":65},"end":{"line":612,"column":66}}]},"117":{"loc":{"start":{"line":615,"column":4},"end":{"line":626,"column":5}},"type":"if","locations":[{"start":{"line":615,"column":4},"end":{"line":626,"column":5}},{"start":{"line":618,"column":11},"end":{"line":626,"column":5}}]},"118":{"loc":{"start":{"line":616,"column":6},"end":{"line":616,"column":121}},"type":"if","locations":[{"start":{"line":616,"column":6},"end":{"line":616,"column":121}}]},"119":{"loc":{"start":{"line":616,"column":10},"end":{"line":616,"column":49}},"type":"binary-expr","locations":[{"start":{"line":616,"column":10},"end":{"line":616,"column":32}},{"start":{"line":616,"column":36},"end":{"line":616,"column":49}}]},"120":{"loc":{"start":{"line":633,"column":32},"end":{"line":633,"column":71}},"type":"cond-expr","locations":[{"start":{"line":633,"column":51},"end":{"line":633,"column":59}},{"start":{"line":633,"column":62},"end":{"line":633,"column":71}}]},"121":{"loc":{"start":{"line":641,"column":4},"end":{"line":643,"column":5}},"type":"if","locations":[{"start":{"line":641,"column":4},"end":{"line":643,"column":5}}]},"122":{"loc":{"start":{"line":641,"column":8},"end":{"line":641,"column":89}},"type":"binary-expr","locations":[{"start":{"line":641,"column":8},"end":{"line":641,"column":43}},{"start":{"line":641,"column":47},"end":{"line":641,"column":89}}]},"123":{"loc":{"start":{"line":644,"column":4},"end":{"line":644,"column":52}},"type":"if","locations":[{"start":{"line":644,"column":4},"end":{"line":644,"column":52}}]},"124":{"loc":{"start":{"line":647,"column":4},"end":{"line":647,"column":61}},"type":"if","locations":[{"start":{"line":647,"column":4},"end":{"line":647,"column":61}}]},"125":{"loc":{"start":{"line":659,"column":6},"end":{"line":664,"column":7}},"type":"if","locations":[{"start":{"line":659,"column":6},"end":{"line":664,"column":7}},{"start":{"line":662,"column":13},"end":{"line":664,"column":7}}]},"126":{"loc":{"start":{"line":669,"column":6},"end":{"line":673,"column":7}},"type":"if","locations":[{"start":{"line":669,"column":6},"end":{"line":673,"column":7}}]},"127":{"loc":{"start":{"line":669,"column":10},"end":{"line":669,"column":57}},"type":"binary-expr","locations":[{"start":{"line":669,"column":10},"end":{"line":669,"column":30}},{"start":{"line":669,"column":34},"end":{"line":669,"column":57}}]},"128":{"loc":{"start":{"line":692,"column":6},"end":{"line":695,"column":7}},"type":"if","locations":[{"start":{"line":692,"column":6},"end":{"line":695,"column":7}}]},"129":{"loc":{"start":{"line":698,"column":6},"end":{"line":708,"column":7}},"type":"if","locations":[{"start":{"line":698,"column":6},"end":{"line":708,"column":7}}]},"130":{"loc":{"start":{"line":711,"column":6},"end":{"line":715,"column":7}},"type":"if","locations":[{"start":{"line":711,"column":6},"end":{"line":715,"column":7}},{"start":{"line":713,"column":13},"end":{"line":715,"column":7}}]},"131":{"loc":{"start":{"line":713,"column":13},"end":{"line":715,"column":7}},"type":"if","locations":[{"start":{"line":713,"column":13},"end":{"line":715,"column":7}}]},"132":{"loc":{"start":{"line":725,"column":6},"end":{"line":725,"column":68}},"type":"if","locations":[{"start":{"line":725,"column":6},"end":{"line":725,"column":68}}]},"133":{"loc":{"start":{"line":725,"column":10},"end":{"line":725,"column":59}},"type":"binary-expr","locations":[{"start":{"line":725,"column":10},"end":{"line":725,"column":31}},{"start":{"line":725,"column":35},"end":{"line":725,"column":59}}]},"134":{"loc":{"start":{"line":745,"column":4},"end":{"line":762,"column":5}},"type":"if","locations":[{"start":{"line":745,"column":4},"end":{"line":762,"column":5}}]},"135":{"loc":{"start":{"line":745,"column":8},"end":{"line":745,"column":53}},"type":"binary-expr","locations":[{"start":{"line":745,"column":8},"end":{"line":745,"column":23}},{"start":{"line":745,"column":27},"end":{"line":745,"column":53}}]},"136":{"loc":{"start":{"line":747,"column":6},"end":{"line":760,"column":7}},"type":"if","locations":[{"start":{"line":747,"column":6},"end":{"line":760,"column":7}}]},"137":{"loc":{"start":{"line":747,"column":10},"end":{"line":747,"column":71}},"type":"binary-expr","locations":[{"start":{"line":747,"column":10},"end":{"line":747,"column":32}},{"start":{"line":747,"column":36},"end":{"line":747,"column":71}}]},"138":{"loc":{"start":{"line":751,"column":8},"end":{"line":759,"column":9}},"type":"if","locations":[{"start":{"line":751,"column":8},"end":{"line":759,"column":9}},{"start":{"line":754,"column":15},"end":{"line":759,"column":9}}]},"139":{"loc":{"start":{"line":753,"column":118},"end":{"line":753,"column":151}},"type":"cond-expr","locations":[{"start":{"line":753,"column":143},"end":{"line":753,"column":146}},{"start":{"line":753,"column":149},"end":{"line":753,"column":151}}]},"140":{"loc":{"start":{"line":754,"column":15},"end":{"line":759,"column":9}},"type":"if","locations":[{"start":{"line":754,"column":15},"end":{"line":759,"column":9}},{"start":{"line":756,"column":15},"end":{"line":759,"column":9}}]},"141":{"loc":{"start":{"line":758,"column":106},"end":{"line":758,"column":130}},"type":"cond-expr","locations":[{"start":{"line":758,"column":122},"end":{"line":758,"column":125}},{"start":{"line":758,"column":128},"end":{"line":758,"column":130}}]},"142":{"loc":{"start":{"line":764,"column":4},"end":{"line":801,"column":5}},"type":"if","locations":[{"start":{"line":764,"column":4},"end":{"line":801,"column":5}},{"start":{"line":783,"column":11},"end":{"line":801,"column":5}}]},"143":{"loc":{"start":{"line":766,"column":6},"end":{"line":782,"column":7}},"type":"if","locations":[{"start":{"line":766,"column":6},"end":{"line":782,"column":7}}]},"144":{"loc":{"start":{"line":766,"column":10},"end":{"line":766,"column":82}},"type":"binary-expr","locations":[{"start":{"line":766,"column":10},"end":{"line":766,"column":41}},{"start":{"line":766,"column":45},"end":{"line":766,"column":82}}]},"145":{"loc":{"start":{"line":771,"column":8},"end":{"line":781,"column":9}},"type":"if","locations":[{"start":{"line":771,"column":8},"end":{"line":781,"column":9}},{"start":{"line":775,"column":15},"end":{"line":781,"column":9}}]},"146":{"loc":{"start":{"line":774,"column":76},"end":{"line":774,"column":109}},"type":"cond-expr","locations":[{"start":{"line":774,"column":101},"end":{"line":774,"column":104}},{"start":{"line":774,"column":107},"end":{"line":774,"column":109}}]},"147":{"loc":{"start":{"line":775,"column":15},"end":{"line":781,"column":9}},"type":"if","locations":[{"start":{"line":775,"column":15},"end":{"line":781,"column":9}},{"start":{"line":777,"column":15},"end":{"line":781,"column":9}}]},"148":{"loc":{"start":{"line":780,"column":64},"end":{"line":780,"column":88}},"type":"cond-expr","locations":[{"start":{"line":780,"column":80},"end":{"line":780,"column":83}},{"start":{"line":780,"column":86},"end":{"line":780,"column":88}}]},"149":{"loc":{"start":{"line":783,"column":11},"end":{"line":801,"column":5}},"type":"if","locations":[{"start":{"line":783,"column":11},"end":{"line":801,"column":5}}]},"150":{"loc":{"start":{"line":785,"column":6},"end":{"line":800,"column":7}},"type":"if","locations":[{"start":{"line":785,"column":6},"end":{"line":800,"column":7}}]},"151":{"loc":{"start":{"line":785,"column":10},"end":{"line":785,"column":82}},"type":"binary-expr","locations":[{"start":{"line":785,"column":10},"end":{"line":785,"column":41}},{"start":{"line":785,"column":45},"end":{"line":785,"column":82}}]},"152":{"loc":{"start":{"line":792,"column":8},"end":{"line":799,"column":9}},"type":"if","locations":[{"start":{"line":792,"column":8},"end":{"line":799,"column":9}},{"start":{"line":794,"column":15},"end":{"line":799,"column":9}}]},"153":{"loc":{"start":{"line":794,"column":15},"end":{"line":799,"column":9}},"type":"if","locations":[{"start":{"line":794,"column":15},"end":{"line":799,"column":9}},{"start":{"line":797,"column":15},"end":{"line":799,"column":9}}]},"154":{"loc":{"start":{"line":805,"column":4},"end":{"line":805,"column":69}},"type":"if","locations":[{"start":{"line":805,"column":4},"end":{"line":805,"column":69}}]},"155":{"loc":{"start":{"line":806,"column":4},"end":{"line":806,"column":69}},"type":"if","locations":[{"start":{"line":806,"column":4},"end":{"line":806,"column":69}}]}},"s":{"0":3,"1":3,"2":3,"3":3887,"4":3887,"5":0,"6":0,"7":0,"8":3,"9":3,"10":5163,"11":5163,"12":5163,"13":450,"14":0,"15":10563,"16":0,"17":10563,"18":19,"19":19,"20":0,"21":19,"22":22,"23":0,"24":0,"25":0,"26":0,"27":0,"28":10,"29":10,"30":0,"31":10,"32":10,"33":6,"34":6,"35":0,"36":6,"37":3730,"38":3730,"39":154,"40":3576,"41":3576,"42":24,"43":0,"44":0,"45":0,"46":0,"47":0,"48":1,"49":142,"50":142,"51":142,"52":142,"53":142,"54":157,"55":157,"56":157,"57":157,"58":157,"59":157,"60":157,"61":171,"62":171,"63":171,"64":171,"65":171,"66":171,"67":171,"68":171,"69":717,"70":717,"71":0,"72":717,"73":546,"74":546,"75":2,"76":715,"77":715,"78":637,"79":637,"80":1251,"81":637,"82":3,"83":712,"84":712,"85":712,"86":712,"87":1392,"88":712,"89":276,"90":712,"91":712,"92":3720,"93":3720,"94":0,"95":3720,"96":0,"97":3720,"98":3720,"99":5,"100":3715,"101":3715,"102":3715,"103":3715,"104":3715,"105":3715,"106":3715,"107":13,"108":13,"109":13,"110":3715,"111":23,"112":23,"113":3715,"114":8,"115":8,"116":3715,"117":6,"118":6,"119":3715,"120":3715,"121":3715,"122":3715,"123":96,"124":3715,"125":3715,"126":3715,"127":3715,"128":3715,"129":3715,"130":13,"131":3715,"132":23,"133":3715,"134":8,"135":3715,"136":6,"137":3715,"138":5869,"139":3715,"
[...]
end":{"line":103,"column":75}},"43":{"start":{"line":105,"column":6},"end":{"line":105,"column":52}},"44":{"start":{"line":110,"column":14},"end":{"line":110,"column":53}},"45":{"start":{"line":110,"column":36},"end":{"line":110,"column":52}},"46":{"start":{"line":111,"column":2},"end":{"line":113,"column":3}},"47":{"start":{"line":112,"column":4},"end":{"line":112,"column":79}},"48":{"start":{"line":114,"column":17},"end":{"line":114,"column":60}},"49":{"start":{"line":114,"column":39},"end":{"line":114,"column":59}},"50":{"start":{"line":115,"column":2},"end":{"line":117,"column":3}},"51":{"start":{"line":116,"column":4},"end":{"line":116,"column":80}},"52":{"start":{"line":120,"column":2},"end":{"line":123,"column":3}},"53":{"start":{"line":121,"column":17},"end":{"line":121,"column":41}},"54":{"start":{"line":122,"column":4},"end":{"line":122,"column":54}},"55":{"start":{"line":125,"column":2},"end":{"line":128,"column":3}},"56":{"start":{"line":126,"column":17},"end":{"line":126,"column":42}},"57":{"start":{"line":127,"column":4},"end":{"line":127,"column":57}},"58":{"start":{"line":130,"column":2},"end":{"line":133,"column":3}},"59":{"start":{"line":132,"column":4},"end":{"line":132,"column":46}},"60":{"start":{"line":135,"column":2},"end":{"line":137,"column":3}},"61":{"start":{"line":136,"column":4},"end":{"line":136,"column":87}},"62":{"start":{"line":139,"column":2},"end":{"line":141,"column":3}},"63":{"start":{"line":140,"column":4},"end":{"line":140,"column":64}},"64":{"start":{"line":143,"column":2},"end":{"line":146,"column":3}},"65":{"start":{"line":144,"column":19},"end":{"line":144,"column":84}},"66":{"start":{"line":145,"column":4},"end":{"line":145,"column":39}},"67":{"start":{"line":149,"column":20},"end":{"line":149,"column":46}},"68":{"start":{"line":150,"column":2},"end":{"line":150,"column":58}},"69":{"start":{"line":162,"column":2},"end":{"line":165,"column":41}},"70":{"start":{"line":165,"column":14},"end":{"line":165,"column":39}}},"fnMap":{"0":{"name":"hashIndex","decl":{"start":{"line":29,"column":9},"end":{"line":29,"column":18}},"loc":{"start":{"line":29,"column":42},"end":{"line":33,"column":1}}},"1":{"name":"pick","decl":{"start":{"line":35,"column":9},"end":{"line":35,"column":13}},"loc":{"start":{"line":35,"column":38},"end":{"line":37,"column":1}}},"2":{"name":"firstName","decl":{"start":{"line":41,"column":9},"end":{"line":41,"column":18}},"loc":{"start":{"line":41,"column":35},"end":{"line":43,"column":1}}},"3":{"name":"getBallCommentary","decl":{"start":{"line":51,"column":16},"end":{"line":51,"column":33}},"loc":{"start":{"line":51,"column":75},"end":{"line":151,"column":1}}},"4":{"name":"(anonymous_4)","decl":{"start":{"line":60,"column":18},"end":{"line":60,"column":21}},"loc":{"start":{"line":60,"column":23},"end":{"line":63,"column":5}}},"5":{"name":"(anonymous_5)","decl":{"start":{"line":110,"column":31},"end":{"line":110,"column":32}},"loc":{"start":{"line":110,"column":36},"end":{"line":110,"column":52}}},"6":{"name":"(anonymous_6)","decl":{"start":{"line":114,"column":34},"end":{"line":114,"column":35}},"loc":{"start":{"line":114,"column":39},"end":{"line":114,"column":59}}},"7":{"name":"getLiveFeed","decl":{"start":{"line":157,"column":16},"end":{"line":157,"column":27}},"loc":{"start":{"line":160,"column":11},"end":{"line":166,"column":1}}},"8":{"name":"(anonymous_8)","decl":{"start":{"line":165,"column":9},"end":{"line":165,"column":10}},"loc":{"start":{"line":165,"column":14},"end":{"line":165,"column":39}}}},"branchMap":{"0":{"loc":{"start":{"line":57,"column":2},"end":{"line":89,"column":3}},"type":"if","locations":[{"start":{"line":57,"column":2},"end":{"line":89,"column":3}}]},"1":{"loc":{"start":{"line":59,"column":20},"end":{"line":59,"column":72}},"type":"cond-expr","locations":[{"start":{"line":59,"column":32},"end":{"line":59,"column":65}},{"start":{"line":59,"column":68},"end":{"line":59,"column":72}}]},"2":{"loc":{"start":{"line":65,"column":4},"end":{"line":88,"column":5}},"type":"switch","locations":[{"start":{"line":66,"column":6},"end":{"line":67,"column":64}},{"start":{"line":68,"column":6},"end":{"line":71,"column":55}},{"start":{"line":72,"column":6},"end":{"line":73,"column":82}},{"start":{"line":74,"column":6},"end":{"line":75,"column":82}},{"start":{"line":76,"column":6},"end":{"line":79,"column":63}},{"start":{"line":80,"column":6},"end":{"line":81,"column":82}},{"start":{"line":82,"column":6},"end":{"line":83,"column":40}},{"start":{"line":84,"column":6},"end":{"line":85,"column":65}},{"start":{"line":86,"column":6},"end":{"line":87,"column":75}}]},"3":{"loc":{"start":{"line":69,"column":15},"end":{"line":71,"column":54}},"type":"cond-expr","locations":[{"start":{"line":70,"column":12},"end":{"line":70,"column":78}},{"start":{"line":71,"column":12},"end":{"line":71,"column":54}}]},"4":{"loc":{"start":{"line":77,"column":15},"end":{"line":79,"column":62}},"type":"cond-expr","locations":[{"start":{"line":78,"column":12},"end":{"line":78,"column":76}},{"start":{"line":79,"column":12},"end":{"line":79,"column":62}}]},"5":{"loc":{"start":{"line":92,"column":2},"end":{"line":107,"column":3}},"type":"if","locations":[{"start":{"line":92,"column":2},"end":{"line":107,"column":3}}]},"6":{"loc":{"start":{"line":94,"column":4},"end":{"line":100,"column":5}},"type":"if","locations":[{"start":{"line":94,"column":4},"end":{"line":100,"column":5}}]},"7":{"loc":{"start":{"line":96,"column":6},"end":{"line":98,"column":7}},"type":"if","locations":[{"start":{"line":96,"column":6},"end":{"line":98,"column":7}}]},"8":{"loc":{"start":{"line":97,"column":45},"end":{"line":97,"column":74}},"type":"cond-expr","locations":[{"start":{"line":97,"column":66},"end":{"line":97,"column":69}},{"start":{"line":97,"column":72},"end":{"line":97,"column":74}}]},"9":{"loc":{"start":{"line":101,"column":4},"end":{"line":106,"column":5}},"type":"if","locations":[{"start":{"line":101,"column":4},"end":{"line":106,"column":5}}]},"10":{"loc":{"start":{"line":102,"column":6},"end":{"line":104,"column":7}},"type":"if","locations":[{"start":{"line":102,"column":6},"end":{"line":104,"column":7}}]},"11":{"loc":{"start":{"line":111,"column":2},"end":{"line":113,"column":3}},"type":"if","locations":[{"start":{"line":111,"column":2},"end":{"line":113,"column":3}}]},"12":{"loc":{"start":{"line":112,"column":29},"end":{"line":112,"column":52}},"type":"cond-expr","locations":[{"start":{"line":112,"column":44},"end":{"line":112,"column":47}},{"start":{"line":112,"column":50},"end":{"line":112,"column":52}}]},"13":{"loc":{"start":{"line":115,"column":2},"end":{"line":117,"column":3}},"type":"if","locations":[{"start":{"line":115,"column":2},"end":{"line":117,"column":3}}]},"14":{"loc":{"start":{"line":116,"column":36},"end":{"line":116,"column":62}},"type":"cond-expr","locations":[{"start":{"line":116,"column":54},"end":{"line":116,"column":57}},{"start":{"line":116,"column":60},"end":{"line":116,"column":62}}]},"15":{"loc":{"start":{"line":120,"column":2},"end":{"line":123,"column":3}},"type":"if","locations":[{"start":{"line":120,"column":2},"end":{"line":123,"column":3}}]},"16":{"loc":{"start":{"line":125,"column":2},"end":{"line":128,"column":3}},"type":"if","locations":[{"start":{"line":125,"column":2},"end":{"line":128,"column":3}}]},"17":{"loc":{"start":{"line":125,"column":6},"end":{"line":125,"column":40}},"type":"binary-expr","locations":[{"start":{"line":125,"column":6},"end":{"line":125,"column":21}},{"start":{"line":125,"column":25},"end":{"line":125,"column":40}}]},"18":{"loc":{"start":{"line":130,"column":2},"end":{"line":133,"column":3}},"type":"if","locations":[{"start":{"line":130,"column":2},"end":{"line":133,"column":3}}]},"19":{"loc":{"start":{"line":135,"column":2},"end":{"line":137,"column":3}},"type":"if","locations":[{"start":{"line":135,"column":2},"end":{"line":137,"column":3}}]},"20":{"loc":{"start":{"line":139,"column":2},"end":{"line":141,"column":3}},"type":"if","locations":[{"start":{"line":139,"column":2},"end":{"line":141,"column":3}}]},"21":{"loc":{"start":{"line":143,"column":2},"end":{"line":146,"column":3}},"type":"if","locations":[{"start":{"line":143,"column":2},"end":{"line":146,"column":3}}]},"22":{"loc":{"start":{"line":160,"column":2},"end":{"line":160,"column":11}},"type":"default-arg","locations":[{"start":{"line":160,"column":10},"end":{"line":160,"column":11}}]}},"s":{"0":1,"1":1,"2":1,"3":1,"4":1,"5":1,"6":1,"7":27,"8":27,"9":27,"10":160,"11":27,"12":27,"13":122,"14":40,"15":40,"16":40,"17":40,"18":6,"19":6,"20":6,"21":6,"22":6,"23":6,"24":1,"25":1,"26":1,"27":1,"28":1,"29":0,"30":0,"31":1,"32":0,"33":34,"34":4,"35":4,"36":2,"37":2,"38":1,"39":1,"40":2,"41":2,"42":1,"43":1,"44":30,"45":2,"46":30,"47":1,"48":29,"49":1,"50":29,"51":1,"52":28,"53":11,"54":11,"55":17,"56":4,"57":4,"58":13,"59":0,"60":13,"61":0,"62":13,"63":1,"64":12,"65":1,"66":1,"67":11,"68":11,"69":4,"70":9},"f":{"0":27,"1":27,"2":122,"3":40,"4":6,"5":2,"6":1,"7":4,"8":9},"b":{"0":[6],"1":[2,4],"2":[1,1,1,1,1,0,0,1,0],"3":[1,0],"4":[1,0],"5":[4],"6":[2],"7":[1],"8":[1,0],"9":[2],"10":[1],"11":[1],"12":[1,0],"13":[1],"14":[0,1],"15":[11],"16":[4],"17":[17,4],"18":[0],"19":[0],"20":[1],"21":[1],"22":[2]}}
,"/Users/mrkalakota/Documents/CricketScoringPro/src/utils/constants.ts": {"path":"/Users/mrkalakota/Documents/CricketScoringPro/src/utils/constants.ts","statementMap":{"0":{"start":{"line":1,"column":39},"end":{"line":1,"column":85}},"1":{"start":{"line":1,"column":67},"end":{"line":1,"column":85}},"2":{"start":{"line":1,"column":13},"end":{"line":1,"column":39}},"3":{"start":{"line":3,"column":13},"end":{"line":3,"column":32}},"4":{"start":{"line":5,"column":13},"end":{"line":12,"column":3}},"5":{"start":{"line":14,"column":13},"end":{"line":20,"column":3}}},"fnMap":{"0":{"name":"(anonymous_0)","decl":{"start":{"line":1,"column":39},"end":{"line":1,"column":40}},"loc":{"start":{"line":1,"column":67},"end":{"line":1,"column":85}}}},"branchMap":{},"s":{"0":4,"1":3715,"2":4,"3":4,"4":4,"5":4},"f":{"0":3715},"b":{}}
,"/Users/mrkalakota/Documents/CricketScoringPro/src/utils/dls-calculator.ts": {"path":"/Users/mrkalakota/Documents/CricketScoringPro/src/utils/dls-calculator.ts","statementMap":{"0":{"start":{"line":37,"column":0},"end":{"line":37,"column":16}},"1":{"start":{"line":52,"column":0},"end":{"line":52,"column":16}},"2":{"start":{"line":79,"column":0},"end":{"line":79,"column":16}},"3":{"start":{"line":104,"column":0},"end":{"line":104,"column":16}},"4":{"start":{"line":13,"column":35},"end":{"line":34,"column":2}},"5":{"start":{"line":38,"column":15},"end":{"line":38,"column":52}},"6":{"start":{"line":39,"column":15},"end":{"line":39,"column":72}},"7":{"start":{"line":40,"column":2},"end":{"line":40,"column":36}},"8":{"start":{"line":59,"column":13},"end":{"line":59,"column":48}},"9":{"start":{"line":60,"column":16},"end":{"line":60,"column":63}},"10":{"start":{"line":61,"column":15},"end":{"line":61,"column":73}},"11":{"start":{"line":62,"column":13},"end":{"line":62,"column":25}},"12":{"start":{"line":64,"column":24},"end":{"line":64,"column":61}},"13":{"start":{"line":65,"column":2},"end":{"line":65,"column":36}},"14":{"start":{"line":87,"column":20},"end":{"line":87,"column":52}},"15":{"start":{"line":88,"column":25},"end":{"line":88,"column":59}},"16":{"start":{"line":89,"column":21},"end":{"line":89,"column":82}},"17":{"start":{"line":90,"column":16},"end":{"line":90,"column":51}},"18":{"start":{"line":91,"column":19},"end":{"line":91,"column":83}},"19":{"start":{"line":92,"column":2},"end":{"line":92,"column":31}},"20":{"start":{"line":110,"column":19},"end":{"line":110,"column":40}},"21":{"start":{"line":111,"column":20},"end":{"line":111,"column":40}},"22":{"start":{"line":112,"column":25},"end":{"line":112,"column":81}},"23":{"start":{"line":113,"column":2},"end":{"line":113,"column":37}}},"fnMap":{"0":{"name":"getResourcePercentage","decl":{"start":{"line":37,"column":16},"end":{"line":37,"column":37}},"loc":{"start":{"line":37,"column":81},"end":{"line":41,"column":1}}},"1":{"name":"calculateDLSTarget","decl":{"start":{"line":52,"column":16},"end":{"line":52,"column":34}},"loc":{"start":{"line":57,"column":24},"end":{"line":66,"column":1}}},"2":{"name":"calculateDLSParScore","decl":{"start":{"line":79,"column":16},"end":{"line":79,"column":36}},"loc":{"start":{"line":85,"column":21},"end":{"line":93,"column":1}}},"3":{"name":"calculateGullyTarget","decl":{"start":{"line":104,"column":16},"end":{"line":104,"column":36}},"loc":{"start":{"line":108,"column":26},"end":{"line":114,"column":1}}}},"branchMap":{"0":{"loc":{"start":{"line":56,"column":2},"end":{"line":56,"column":26}},"type":"default-arg","locations":[{"start":{"line":56,"column":25},"end":{"line":56,"column":26}}]},"1":{"loc":{"start":{"line":57,"column":2},"end":{"line":57,"column":24}},"type":"default-arg","locations":[{"start":{"line":57,"column":23},"end":{"line":57,"column":24}}]}},"s":{"0":3,"1":3,"2":3,"3":3,"4":3,"5":0,"6":0,"7":0,"8":0,"9":0,"10":0,"11":0,"12":0,"13":0,"14":0,"15":0,"16":0,"17":0,"18":0,"19":0,"20":0,"21":0,"22":0,"23":0},"f":{"0":0,"1":0,"2":0,"3":0},"b":{"0":[0],"1":[0]}}
,"/Users/mrkalakota/Documents/CricketScoringPro/src/utils/formatters.ts": {"path":"/Users/mrkalakota/Documents/CricketScoringPro/src/utils/formatters.ts","statementMap":{"0":{"start":{"line":4,"column":0},"end":{"line":4,"column":16}},"1":{"start":{"line":8,"column":0},"end":{"line":8,"column":16}},"2":{"start":{"line":12,"column":0},"end":{"line":12,"column":16}},"3":{"start":{"line":17,"column":0},"end":{"line":17,"column":16}},"4":{"start":{"line":21,"column":0},"end":{"line":21,"column":16}},"5":{"start":{"line":38,"column":0},"end":{"line":38,"column":16}},"6":{"start":{"line":56,"column":0},"end":{"line":56,"column":16}},"7":{"start":{"line":1,"column":0},"end":{"line":1,"column":45}},"8":{"start":{"line":5,"column":2},"end":{"line":5,"column":56}},"9":{"start":{"line":9,"column":2},"end":{"line":9,"column":30}},"10":{"start":{"line":13,"column":23},"end":{"line":13,"column":42}},"11":{"start":{"line":14,"column":2},"end":{"line":14,"column":45}},"12":{"start":{"line":18,"column":2},"end":{"line":18,"column":30}},"13":{"start":{"line":22,"column":2},"end":{"line":22,"column":33}},"14":{"start":{"line":22,"column":22},"end":{"line":22,"column":33}},"15":{"start":{"line":23,"column":2},"end":{"line":31,"column":3}},"16":{"start":{"line":24,"column":18},"end":{"line":24,"column":32}},"17":{"start":{"line":25,"column":4},"end":{"line":29,"column":5}},"18":{"start":{"line":27,"column":29},"end":{"line":27,"column":43}},"19":{"start":{"line":28,"column":6},"end":{"line":28,"column":67}},"20":{"start":{"line":30,"column":4},"end":{"line":30,"column":86}},"21":{"start":{"line":30,"column":35},"end":{"line":30,"column":86}},"22":{"start":{"line":32,"column":2},"end":{"line":32,"column":80}},"23":{"start":{"line":32,"column":28},"end":{"line":32,"column":44}},"24":{"start":{"line":32,"column":47},"end":{"line":32,"column":80}},"25":{"start":{"line":33,"column":2},"end":{"line":33,"column":85}},"26":{"start":{"line":33,"column":28},"end":{"line":33,"column":48}},"27":{"start":{"line":33,"column":51},"end":{"line":33,"column":85}},"28":{"start":{"line":34,"column":2},"end":{"line":34,"column":34}},"29":{"start":{"line":34,"column":23},"end":{"line":34,"column":34}},"30":{"start":{"line":35,"column":2},"end":{"line":35,"column":24}},"31":{"start":{"line":39,"column":54},"end":{"line":52,"column":4}},"32":{"start":{"line":53,"column":2},"end":{"line":53,"column":28}},"33":{"start":{"line":57,"column":2},"end":{"line":57,"column":39}},"34":{"start":{"line":57,"column":27},"end":{"line":57,"column":39}},"35":{"start":{"line":58,"column":2},"end":{"line":58,"column":88}}},"fnMap":{"0":{"name":"formatOvers","decl":{"start":{"line":4,"column":16},"end":{"line":4,"column":27}},"loc":{"start":{"line":4,"column":56},"end":{"line":6,"column":1}}},"1":{"name":"formatScore","decl":{"start":{"line":8,"column":16},"end":{"line":8,"column":27}},"loc":{"start":{"line":8,"column":57},"end":{"line":10,"column":1}}},"2":{"name":"formatBatterScore","decl":{"start":{"line":12,"column":16},"end":{"line":12,"column":33}},"loc":{"start":{"line":12,"column":80},"end":{"line":15,"column":1}}},"3":{"name":"formatBowlerFigures","decl":{"start":{"line":17,"column":16},"end":{"line":17,"column":35}},"loc":{"start":{"line":17,"column":65},"end":{"line":19,"column":1}}},"4":{"name":"formatBallOutcome","decl":{"start":{"line":21,"column":16},"end":{"line":21,"column":33}},"loc":{"start":{"line":21,"column":51},"end":{"line":36,"column":1}}},"5":{"name":"(anonymous_5)","decl":{"start":{"line":32,"column":23},"end":{"line":32,"column":24}},"loc":{"start":{"line":32,"column":28},"end":{"line":32,"column":44}}},"6":{"name":"(anonymous_6)","decl":{"start":{"line":33,"column":23},"end":{"line":33,"column":24}},"loc":{"start":{"line":33,"column":28},"end":{"line":33,"column":48}}},"7":{"name":"dismissalDescription","decl":{"start":{"line":38,"column":16},"end":{"line":38,"column":36}},"loc":{"start":{"line":38,"column":56},"end":{"line":54,"column":1}}},"8":{"name":"remainingBalls","decl":{"start":{"line":56,"column":16},"end":{"line":56,"column":30}},"loc":{"start":{"line":56,"column":102},"end":{"line":59,"column":1}}}},"branchMap":{"0":{"loc":{"start":{"line":5,"column":9},"end":{"line":5,"column":55}},"type":"cond-expr","locations":[{"start":{"line":5,"column":23},"end":{"line":5,"column":33}},{"start":{"line":5,"column":36},"end":{"line":5,"column":55}}]},"1":{"loc":{"start":{"line":13,"column":23},"end":{"line":13,"column":42}},"type":"cond-expr","locations":[{"start":{"line":13,"column":34},"end":{"line":13,"column":37}},{"start":{"line":13,"column":40},"end":{"line":13,"column":42}}]},"2":{"loc":{"start":{"line":22,"column":2},"end":{"line":22,"column":33}},"type":"if","locations":[{"start":{"line":22,"column":2},"end":{"line":22,"column":33}}]},"3":{"loc":{"start":{"line":23,"column":2},"end":{"line":31,"column":3}},"type":"if","locations":[{"start":{"line":23,"column":2},"end":{"line":31,"column":3}}]},"4":{"loc":{"start":{"line":25,"column":4},"end":{"line":29,"column":5}},"type":"if","locations":[{"start":{"line":25,"column":4},"end":{"line":29,"column":5}}]},"5":{"loc":{"start":{"line":28,"column":18},"end":{"line":28,"column":64}},"type":"cond-expr","locations":[{"start":{"line":28,"column":39},"end":{"line":28,"column":59}},{"start":{"line":28,"column":62},"end":{"line":28,"column":64}}]},"6":{"loc":{"start":{"line":30,"column":4},"end":{"line":30,"column":86}},"type":"if","locations":[{"start":{"line":30,"column":4},"end":{"line":30,"column":86}}]},"7":{"loc":{"start":{"line":30,"column":47},"end":{"line":30,"column":83}},"type":"cond-expr","locations":[{"start":{"line":30,"column":63},"end":{"line":30,"column":78}},{"start":{"line":30,"column":81},"end":{"line":30,"column":83}}]},"8":{"loc":{"start":{"line":32,"column":2},"end":{"line":32,"column":80}},"type":"if","locations":[{"start":{"line":32,"column":2},"end":{"line":32,"column":80}}]},"9":{"loc":{"start":{"line":33,"column":2},"end":{"line":33,"column":85}},"type":"if","locations":[{"start":{"line":33,"column":2},"end":{"line":33,"column":85}}]},"10":{"loc":{"start":{"line":34,"column":2},"end":{"line":34,"column":34}},"type":"if","locations":[{"start":{"line":34,"column":2},"end":{"line":34,"column":34}}]},"11":{"loc":{"start":{"line":57,"column":2},"end":{"line":57,"column":39}},"type":"if","locations":[{"start":{"line":57,"column":2},"end":{"line":57,"column":39}}]}},"s":{"0":1,"1":1,"2":1,"3":1,"4":1,"5":1,"6":1,"7":1,"8":0,"9":0,"10":0,"11":0,"12":0,"13":0,"14":0,"15":0,"16":0,"17":0,"18":0,"19":0,"20":0,"21":0,"22":0,"23":0,"24":0,"25":0,"26":0,"27":0,"28":0,"29":0,"30":0,"31":0,"32":0,"33":0,"34":0,"35":0},"f":{"0":0,"1":0,"2":0,"3":0,"4":0,"5":0,"6":0,"7":0,"8":0},"b":{"0":[0,0],"1":[0,0],"2":[0],"3":[0],"4":[0],"5":[0,0],"6":[0],"7":[0,0],"8":[0],"9":[0],"10":[0],"11":[0]}}
}
