TN:
SF:src/engine/match-engine.ts
FN:2,(anonymous_9)
FN:26,(anonymous_10)
FN:31,(anonymous_11)
FN:35,(anonymous_12)
FN:39,(anonymous_13)
FN:46,(anonymous_14)
FN:49,(anonymous_15)
FN:52,(anonymous_16)
FN:55,(anonymous_17)
FN:58,(anonymous_18)
FN:61,(anonymous_19)
FN:64,(anonymous_20)
FN:70,(anonymous_21)
FN:74,(anonymous_22)
FN:77,(anonymous_23)
FN:83,(anonymous_24)
FN:87,(anonymous_25)
FN:93,(anonymous_26)
FN:94,(anonymous_27)
FN:102,(anonymous_28)
FN:103,(anonymous_29)
FN:119,(anonymous_30)
FN:120,(anonymous_31)
FN:134,(anonymous_32)
FN:150,(anonymous_33)
FN:156,(anonymous_34)
FN:159,(anonymous_35)
FN:170,(anonymous_36)
FN:250,(anonymous_37)
FN:266,(anonymous_38)
FN:277,(anonymous_39)
FN:320,(anonymous_40)
FN:337,(anonymous_41)
FN:339,(anonymous_42)
FN:340,(anonymous_43)
FN:347,(anonymous_44)
FN:348,(anonymous_45)
FN:348,(anonymous_46)
FN:349,(anonymous_47)
FN:367,(anonymous_48)
FN:391,(anonymous_49)
FN:436,(anonymous_50)
FN:442,(anonymous_51)
FN:457,(anonymous_52)
FN:469,(anonymous_53)
FN:482,(anonymous_54)
FN:490,(anonymous_55)
FN:495,(anonymous_56)
FN:523,(anonymous_57)
FN:524,(anonymous_58)
FN:526,(anonymous_59)
FN:527,(anonymous_60)
FN:531,(anonymous_61)
FN:548,(anonymous_62)
FN:552,(anonymous_63)
FN:563,(anonymous_64)
FN:576,(anonymous_65)
FN:577,(anonymous_66)
FN:607,(anonymous_67)
FN:608,(anonymous_68)
FN:614,(anonymous_69)
FN:645,(anonymous_70)
FN:646,(anonymous_71)
FN:662,(anonymous_72)
FN:669,(anonymous_73)
FN:712,(anonymous_74)
FN:712,(anonymous_75)
FN:713,(anonymous_76)
FN:713,(anonymous_77)
FN:727,(anonymous_78)
FN:736,createInnings
FN:769,createBatterInnings
FN:786,createBowlerSpell
FN:799,createPartnership
FN:813,createNewMatch
FNF:75
FNH:55
FNDA:3887,(anonymous_9)
FNDA:5163,(anonymous_10)
FNDA:450,(anonymous_11)
FNDA:0,(anonymous_12)
FNDA:10563,(anonymous_13)
FNDA:19,(anonymous_14)
FNDA:22,(anonymous_15)
FNDA:0,(anonymous_16)
FNDA:0,(anonymous_17)
FNDA:10,(anonymous_18)
FNDA:10,(anonymous_19)
FNDA:6,(anonymous_20)
FNDA:3730,(anonymous_21)
FNDA:24,(anonymous_22)
FNDA:0,(anonymous_23)
FNDA:0,(anonymous_24)
FNDA:1,(anonymous_25)
FNDA:142,(anonymous_26)
FNDA:142,(anonymous_27)
FNDA:157,(anonymous_28)
FNDA:157,(anonymous_29)
FNDA:171,(anonymous_30)
FNDA:171,(anonymous_31)
FNDA:717,(anonymous_32)
FNDA:1251,(anonymous_33)
FNDA:712,(anonymous_34)
FNDA:1392,(anonymous_35)
FNDA:3720,(anonymous_36)
FNDA:3715,(anonymous_37)
FNDA:5869,(anonymous_38)
FNDA:9422,(anonymous_39)
FNDA:1373,(anonymous_40)
FNDA:41488,(anonymous_41)
FNDA:3562,(anonymous_42)
FNDA:5,(anonymous_43)
FNDA:41488,(anonymous_44)
FNDA:3562,(anonymous_45)
FNDA:5,(anonymous_46)
FNDA:3562,(anonymous_47)
FNDA:1242,(anonymous_48)
FNDA:416,(anonymous_49)
FNDA:21,(anonymous_50)
FNDA:19,(anonymous_51)
FNDA:0,(anonymous_52)
FNDA:0,(anonymous_53)
FNDA:15,(anonymous_54)
FNDA:0,(anonymous_55)
FNDA:0,(anonymous_56)
FNDA:3,(anonymous_57)
FNDA:1,(anonymous_58)
FNDA:3,(anonymous_59)
FNDA:2,(anonymous_60)
FNDA:15,(anonymous_61)
FNDA:6,(anonymous_62)
FNDA:6,(anonymous_63)
FNDA:0,(anonymous_64)
FNDA:69,(anonymous_65)
FNDA:69,(anonymous_66)
FNDA:0,(anonymous_67)
FNDA:0,(anonymous_68)
FNDA:0,(anonymous_69)
FNDA:0,(anonymous_70)
FNDA:0,(anonymous_71)
FNDA:30,(anonymous_72)
FNDA:0,(anonymous_73)
FNDA:0,(anonymous_74)
FNDA:0,(anonymous_75)
FNDA:0,(anonymous_76)
FNDA:0,(anonymous_77)
FNDA:7,(anonymous_78)
FNDA:172,createInnings
FNDA:411,createBatterInnings
FNDA:276,createBowlerSpell
FNDA:240,createPartnership
FNDA:158,createNewMatch
DA:1,3
DA:2,3887
DA:3,3
DA:20,3
DA:22,3
DA:27,5163
DA:28,5163
DA:32,450
DA:36,0
DA:40,10563
DA:41,0
DA:43,10563
DA:47,19
DA:48,19
DA:49,22
DA:53,0
DA:54,0
DA:55,0
DA:59,10
DA:60,10
DA:61,10
DA:65,6
DA:66,6
DA:67,6
DA:71,3730
DA:72,3730
DA:73,3576
DA:74,3576
DA:78,0
DA:79,0
DA:80,0
DA:84,0
DA:88,1
DA:94,142
DA:95,142
DA:96,142
DA:97,142
DA:99,142
DA:103,157
DA:104,157
DA:105,157
DA:112,157
DA:113,157
DA:114,157
DA:116,157
DA:120,171
DA:121,171
DA:122,171
DA:123,171
DA:124,171
DA:128,171
DA:129,171
DA:131,171
DA:135,717
DA:136,717
DA:139,717
DA:140,546
DA:141,546
DA:142,2
DA:147,715
DA:148,715
DA:149,637
DA:150,1251
DA:151,637
DA:152,3
DA:156,712
DA:157,712
DA:158,712
DA:159,1392
DA:160,712
DA:161,276
DA:163,712
DA:165,712
DA:171,3720
DA:172,3720
DA:173,0
DA:175,3720
DA:176,0
DA:180,3720
DA:181,3720
DA:182,5
DA:186,3715
DA:188,3715
DA:189,3715
DA:190,3715
DA:193,3715
DA:194,3715
DA:195,3715
DA:196,13
DA:197,13
DA:198,13
DA:200,3715
DA:201,23
DA:202,23
DA:204,3715
DA:205,8
DA:206,8
DA:208,3715
DA:209,6
DA:210,6
DA:214,3715
DA:215,3715
DA:224,3715
DA:225,3715
DA:226,96
DA:234,3715
DA:250,3715
DA:251,3715
DA:254,3715
DA:257,3715
DA:260,3715
DA:261,3715
DA:262,3715
DA:263,3715
DA:266,5869
DA:267,3715
DA:268,3715
DA:269,3702
DA:271,3715
DA:272,3715
DA:273,3715
DA:277,9422
DA:278,3715
DA:279,3715
DA:280,3715
DA:281,13
DA:282,13
DA:283,3702
DA:284,23
DA:285,23
DA:286,3679
DA:289,3665
DA:291,3715
DA:292,87
DA:297,3715
DA:298,3715
DA:299,3715
DA:300,3715
DA:301,3715
DA:302,2022
DA:304,1693
DA:306,3715
DA:307,50
DA:315,3715
DA:316,3715
DA:317,664
DA:318,664
DA:319,664
DA:320,664
DA:321,1373
DA:327,3715
DA:328,3679
DA:331,3679
DA:333,593
DA:334,593
DA:336,593
DA:337,41488
DA:339,593
DA:340,3562
DA:342,593
DA:343,593
DA:347,41488
DA:348,3562
DA:349,3562
DA:350,593
DA:359,593
DA:360,593
DA:361,593
DA:364,593
DA:365,593
DA:366,593
DA:367,593
DA:368,1242
DA:374,3715
DA:376,96
DA:377,95
DA:380,95
DA:391,416
DA:392,96
DA:393,96
DA:394,96
DA:398,96
DA:399,90
DA:402,6
DA:407,3715
DA:408,3715
DA:409,3715
DA:410,3715
DA:412,3715
DA:414,3715
DA:415,30
DA:416,30
DA:417,30
DA:418,30
DA:421,30
DA:424,3715
DA:427,3715
DA:433,3715
DA:437,21
DA:438,2
DA:441,19
DA:442,19
DA:443,19
DA:444,19
DA:446,19
DA:447,0
DA:448,0
DA:452,19
DA:458,0
DA:459,0
DA:461,0
DA:462,0
DA:465,0
DA:466,0
DA:467,0
DA:469,0
DA:470,0
DA:471,0
DA:472,0
DA:473,0
DA:474,0
DA:475,0
DA:476,0
DA:477,0
DA:479,0
DA:483,15
DA:484,15
DA:485,0
DA:489,15
DA:490,0
DA:491,0
DA:492,0
DA:493,0
DA:494,0
DA:495,0
DA:496,0
DA:497,0
DA:498,0
DA:499,0
DA:500,0
DA:501,0
DA:503,0
DA:506,15
DA:507,15
DA:508,0
DA:512,15
DA:513,15
DA:516,15
DA:517,15
DA:518,11
DA:521,15
DA:522,1
DA:523,3
DA:524,1
DA:525,1
DA:526,3
DA:527,2
DA:528,1
DA:531,15
DA:532,15
DA:539,15
DA:540,15
DA:541,15
DA:542,15
DA:545,15
DA:549,6
DA:550,0
DA:552,6
DA:553,6
DA:554,6
DA:555,6
DA:556,6
DA:557,6
DA:558,6
DA:560,6
DA:564,0
DA:565,0
DA:567,0
DA:568,0
DA:569,0
DA:570,0
DA:571,0
DA:577,69
DA:578,69
DA:579,69
DA:580,69
DA:582,69
DA:583,68
DA:584,68
DA:586,1
DA:589,69
DA:592,69
DA:593,69
DA:598,69
DA:600,69
DA:608,0
DA:609,0
DA:611,0
DA:614,0
DA:615,0
DA:616,0
DA:617,0
DA:621,0
DA:622,0
DA:623,0
DA:634,0
DA:635,0
DA:636,0
DA:637,0
DA:640,0
DA:642,0
DA:646,0
DA:647,0
DA:648,0
DA:649,0
DA:650,0
DA:651,0
DA:652,0
DA:653,0
DA:655,0
DA:657,0
DA:663,30
DA:664,30
DA:665,30
DA:668,30
DA:669,0
DA:670,0
DA:671,0
DA:672,0
DA:673,0
DA:674,0
DA:675,0
DA:676,0
DA:677,0
DA:678,0
DA:680,0
DA:681,0
DA:684,0
DA:687,30
DA:689,30
DA:690,9
DA:691,9
DA:692,9
DA:694,9
DA:695,4
DA:696,4
DA:697,4
DA:698,5
DA:699,2
DA:701,3
DA:702,3
DA:703,3
DA:706,0
DA:708,0
DA:709,0
DA:711,0
DA:712,0
DA:713,0
DA:715,0
DA:716,0
DA:717,0
DA:718,0
DA:719,0
DA:721,0
DA:728,7
DA:729,4
DA:730,0
DA:743,172
DA:774,411
DA:787,276
DA:800,240
DA:813,3
DA:823,158
LF:373
LH:268
BRDA:26,0,0,157
BRDA:40,1,0,0
BRDA:40,2,0,10563
BRDA:40,2,1,10563
BRDA:48,3,0,0
BRDA:49,4,0,19
BRDA:49,4,1,0
BRDA:54,5,0,0
BRDA:55,6,0,0
BRDA:55,6,1,0
BRDA:60,7,0,0
BRDA:61,8,0,10
BRDA:61,8,1,0
BRDA:66,9,0,0
BRDA:67,10,0,6
BRDA:67,10,1,0
BRDA:72,11,0,154
BRDA:72,12,0,3730
BRDA:72,12,1,3730
BRDA:74,13,0,3576
BRDA:74,13,1,24
BRDA:79,14,0,0
BRDA:80,15,0,0
BRDA:80,15,1,0
BRDA:84,16,0,0
BRDA:84,16,1,0
BRDA:136,17,0,0
BRDA:139,18,0,546
BRDA:141,19,0,2
BRDA:148,20,0,637
BRDA:151,21,0,3
BRDA:151,22,0,637
BRDA:151,22,1,375
BRDA:160,23,0,276
BRDA:172,24,0,0
BRDA:172,25,0,3720
BRDA:172,25,1,3720
BRDA:175,26,0,0
BRDA:175,27,0,3720
BRDA:175,27,1,3720
BRDA:175,27,2,3720
BRDA:181,28,0,5
BRDA:181,29,0,3720
BRDA:181,29,1,13
BRDA:181,29,2,8
BRDA:190,30,0,3715
BRDA:190,30,1,3702
BRDA:195,31,0,13
BRDA:200,32,0,23
BRDA:204,33,0,8
BRDA:204,34,0,3715
BRDA:204,34,1,8
BRDA:208,35,0,6
BRDA:208,36,0,3715
BRDA:208,36,1,6
BRDA:214,37,0,27
BRDA:214,37,1,3688
BRDA:214,38,0,3715
BRDA:214,38,1,3707
BRDA:214,38,2,3701
BRDA:215,39,0,23
BRDA:215,39,1,3692
BRDA:217,40,0,13
BRDA:217,40,1,3679
BRDA:219,41,0,14
BRDA:219,41,1,3665
BRDA:219,42,0,3679
BRDA:219,42,1,3671
BRDA:225,43,0,96
BRDA:228,44,0,96
BRDA:228,44,1,88
BRDA:230,45,0,96
BRDA:230,45,1,90
BRDA:237,46,0,3679
BRDA:237,46,1,36
BRDA:244,47,0,3715
BRDA:244,47,1,44
BRDA:260,48,0,13
BRDA:261,49,0,23
BRDA:262,50,0,8
BRDA:262,51,0,3715
BRDA:262,51,1,8
BRDA:263,52,0,6
BRDA:263,53,0,3715
BRDA:263,53,1,6
BRDA:267,54,0,3715
BRDA:268,55,0,3702
BRDA:272,56,0,27
BRDA:272,57,0,3715
BRDA:272,57,1,44
BRDA:273,58,0,17
BRDA:273,59,0,3715
BRDA:273,59,1,44
BRDA:278,60,0,3715
BRDA:279,61,0,3679
BRDA:280,62,0,13
BRDA:280,62,1,3702
BRDA:283,63,0,23
BRDA:283,63,1,3679
BRDA:286,64,0,14
BRDA:286,64,1,3665
BRDA:286,65,0,3679
BRDA:286,65,1,3671
BRDA:291,66,0,87
BRDA:291,67,0,3715
BRDA:291,67,1,96
BRDA:298,68,0,3715
BRDA:300,69,0,3702
BRDA:301,70,0,2022
BRDA:301,70,1,1693
BRDA:306,71,0,50
BRDA:306,72,0,3715
BRDA:306,72,1,3702
BRDA:306,72,2,3679
BRDA:306,72,3,3671
BRDA:315,73,0,13
BRDA:315,73,1,3702
BRDA:315,74,0,23
BRDA:315,74,1,3679
BRDA:316,75,0,664
BRDA:327,76,0,3679
BRDA:331,77,0,593
BRDA:333,78,0,593
BRDA:337,79,0,41488
BRDA:337,79,1,3562
BRDA:342,80,0,457
BRDA:374,81,0,96
BRDA:376,82,0,95
BRDA:392,83,0,96
BRDA:398,84,0,90
BRDA:398,84,1,6
BRDA:407,85,0,0
BRDA:407,85,1,3715
BRDA:408,86,0,0
BRDA:408,86,1,3715
BRDA:410,87,0,3715
BRDA:410,87,1,3289
BRDA:410,87,2,20
BRDA:412,88,0,3715
BRDA:412,88,1,728
BRDA:414,89,0,30
BRDA:414,90,0,3715
BRDA:414,90,1,3708
BRDA:414,90,2,3688
BRDA:437,91,0,2
BRDA:446,92,0,0
BRDA:458,93,0,0
BRDA:461,94,0,0
BRDA:484,95,0,0
BRDA:484,96,0,15
BRDA:484,96,1,15
BRDA:489,97,0,0
BRDA:491,98,0,0
BRDA:507,99,0,0
BRDA:517,100,0,11
BRDA:517,101,0,15
BRDA:517,101,1,11
BRDA:521,102,0,1
BRDA:521,103,0,15
BRDA:521,103,1,4
BRDA:549,104,0,0
BRDA:564,105,0,0
BRDA:564,106,0,0
BRDA:564,106,1,0
BRDA:567,107,0,0
BRDA:570,108,0,0
BRDA:582,109,0,68
BRDA:582,109,1,1
BRDA:592,110,0,69
BRDA:592,111,0,69
BRDA:592,111,1,69
BRDA:615,112,0,0
BRDA:621,113,0,0
BRDA:634,114,0,0
BRDA:634,114,1,0
BRDA:636,115,0,0
BRDA:648,116,0,0
BRDA:648,117,0,0
BRDA:648,117,1,0
BRDA:668,118,0,0
BRDA:668,119,0,30
BRDA:668,119,1,0
BRDA:670,120,0,0
BRDA:670,121,0,0
BRDA:670,121,1,0
BRDA:674,122,0,0
BRDA:674,122,1,0
BRDA:676,123,0,0
BRDA:676,123,1,0
BRDA:677,124,0,0
BRDA:677,124,1,0
BRDA:681,125,0,0
BRDA:681,125,1,0
BRDA:687,126,0,30
BRDA:687,126,1,0
BRDA:689,127,0,9
BRDA:689,128,0,30
BRDA:689,128,1,9
BRDA:694,129,0,4
BRDA:694,129,1,5
BRDA:697,130,0,4
BRDA:697,130,1,0
BRDA:698,131,0,2
BRDA:698,131,1,3
BRDA:703,132,0,3
BRDA:703,132,1,0
BRDA:706,133,0,0
BRDA:708,134,0,0
BRDA:708,135,0,0
BRDA:708,135,1,0
BRDA:715,136,0,0
BRDA:715,136,1,0
BRDA:717,137,0,0
BRDA:717,137,1,0
BRDA:728,138,0,3
BRDA:729,139,0,4
BRF:216
BRH:151
end_of_record
TN:
SF:src/engine/types.ts
FNF:0
FNH:0
DA:355,3
LF:1
LH:1
BRF:0
BRH:0
end_of_record
TN:
SF:src/utils/commentary.ts
FN:29,hashIndex
FN:35,pick
FN:41,firstName
FN:51,getBallCommentary
FN:60,(anonymous_4)
FN:110,(anonymous_5)
FN:114,(anonymous_6)
FN:157,getLiveFeed
FN:165,(anonymous_8)
FNF:9
FNH:9
FNDA:27,hashIndex
FNDA:27,pick
FNDA:122,firstName
FNDA:40,getBallCommentary
FNDA:6,(anonymous_4)
FNDA:2,(anonymous_5)
FNDA:1,(anonymous_6)
FNDA:4,getLiveFeed
FNDA:9,(anonymous_8)
DA:2,1
DA:12,1
DA:13,1
DA:14,1
DA:21,1
DA:30,27
DA:31,160
DA:32,27
DA:36,27
DA:42,122
DA:51,1
DA:52,40
DA:53,40
DA:54,40
DA:57,40
DA:58,6
DA:59,6
DA:60,6
DA:61,6
DA:62,6
DA:65,6
DA:67,1
DA:69,1
DA:73,1
DA:75,1
DA:77,1
DA:81,0
DA:83,0
DA:85,1
DA:87,0
DA:92,34
DA:93,4
DA:94,4
DA:95,2
DA:96,2
DA:97,1
DA:99,1
DA:101,2
DA:102,2
DA:103,1
DA:105,1
DA:110,30
DA:111,30
DA:112,1
DA:114,29
DA:115,29
DA:116,1
DA:120,28
DA:121,11
DA:122,11
DA:125,17
DA:126,4
DA:127,4
DA:130,13
DA:132,0
DA:135,13
DA:136,0
DA:139,13
DA:140,1
DA:143,12
DA:144,1
DA:145,1
DA:149,11
DA:150,11
DA:157,1
DA:162,4
DA:165,9
LF:67
LH:62
BRDA:57,0,0,6
BRDA:59,1,0,2
BRDA:59,1,1,4
BRDA:65,2,0,1
BRDA:65,2,1,1
BRDA:65,2,2,1
BRDA:65,2,3,1
BRDA:65,2,4,1
BRDA:65,2,5,0
BRDA:65,2,6,0
BRDA:65,2,7,1
BRDA:65,2,8,0
BRDA:69,3,0,1
BRDA:69,3,1,0
BRDA:77,4,0,1
BRDA:77,4,1,0
BRDA:92,5,0,4
BRDA:94,6,0,2
BRDA:96,7,0,1
BRDA:97,8,0,1
BRDA:97,8,1,0
BRDA:101,9,0,2
BRDA:102,10,0,1
BRDA:111,11,0,1
BRDA:112,12,0,1
BRDA:112,12,1,0
BRDA:115,13,0,1
BRDA:116,14,0,0
BRDA:116,14,1,1
BRDA:120,15,0,11
BRDA:125,16,0,4
BRDA:125,17,0,17
BRDA:125,17,1,4
BRDA:130,18,0,0
BRDA:135,19,0,0
BRDA:139,20,0,1
BRDA:143,21,0,1
BRDA:160,22,0,2
BRF:38
BRH:28
end_of_record
TN:
SF:src/utils/constants.ts
FN:1,(anonymous_0)
FNF:1
FNH:1
FNDA:3715,(anonymous_0)
DA:1,3715
DA:3,4
DA:5,4
DA:14,4
LF:4
LH:4
BRF:0
BRH:0
end_of_record
TN:
SF:src/utils/formatters.ts
FN:4,formatOvers
FN:8,formatScore
FN:12,formatBatterScore
FN:17,formatBowlerFigures
FN:21,formatBallOutcome
FN:32,(anonymous_5)
FN:33,(anonymous_6)
FN:38,dismissalDescription
FN:56,remainingBalls
FNF:9
FNH:0
FNDA:0,formatOvers
FNDA:0,formatScore
FNDA:0,formatBatterScore
FNDA:0,formatBowlerFigures
FNDA:0,formatBallOutcome
FNDA:0,(anonymous_5)
FNDA:0,(anonymous_6)
FNDA:0,dismissalDescription
FNDA:0,remainingBalls
DA:1,1
DA:4,1
DA:5,0
DA:8,1
DA:9,0
DA:12,1
DA:13,0
DA:14,0
DA:17,1
DA:18,0
DA:21,1
DA:22,0
DA:23,0
DA:24,0
DA:25,0
DA:27,0
DA:28,0
DA:30,0
DA:32,0
DA:33,0
DA:34,0
DA:35,0
DA:38,1
DA:39,0
DA:53,0
DA:56,1
DA:57,0
DA:58,0
LF:28
LH:8
BRDA:5,0,0,0
BRDA:5,0,1,0
BRDA:13,1,0,0
BRDA:13,1,1,0
BRDA:22,2,0,0
BRDA:23,3,0,0
BRDA:25,4,0,0
BRDA:28,5,0,0
BRDA:28,5,1,0
BRDA:30,6,0,0
BRDA:30,7,0,0
BRDA:30,7,1,0
BRDA:32,8,0,0
BRDA:33,9,0,0
BRDA:34,10,0,0
BRDA:57,11,0,0
BRF:16
BRH:0
end_of_record
