TN:
SF:src/engine/match-engine.ts
FN:6,(anonymous_0)
FN:11,(anonymous_1)
FN:40,(anonymous_2)
FN:46,(anonymous_3)
FN:50,(anonymous_4)
FN:54,(anonymous_5)
FN:61,(anonymous_6)
FN:64,(anonymous_7)
FN:67,(anonymous_8)
FN:70,(anonymous_9)
FN:73,(anonymous_10)
FN:76,(anonymous_11)
FN:79,(anonymous_12)
FN:85,(anonymous_13)
FN:89,(anonymous_14)
FN:92,(anonymous_15)
FN:98,(anonymous_16)
FN:102,(anonymous_17)
FN:108,(anonymous_18)
FN:109,(anonymous_19)
FN:117,(anonymous_20)
FN:118,(anonymous_21)
FN:134,(anonymous_22)
FN:135,(anonymous_23)
FN:149,(anonymous_24)
FN:165,(anonymous_25)
FN:171,(anonymous_26)
FN:174,(anonymous_27)
FN:185,(anonymous_28)
FN:266,(anonymous_29)
FN:282,(anonymous_30)
FN:293,(anonymous_31)
FN:336,(anonymous_32)
FN:353,(anonymous_33)
FN:355,(anonymous_34)
FN:356,(anonymous_35)
FN:363,(anonymous_36)
FN:364,(anonymous_37)
FN:364,(anonymous_38)
FN:365,(anonymous_39)
FN:383,(anonymous_40)
FN:407,(anonymous_41)
FN:452,(anonymous_42)
FN:458,(anonymous_43)
FN:473,(anonymous_44)
FN:485,(anonymous_45)
FN:498,(anonymous_46)
FN:506,(anonymous_47)
FN:511,(anonymous_48)
FN:539,(anonymous_49)
FN:540,(anonymous_50)
FN:542,(anonymous_51)
FN:543,(anonymous_52)
FN:547,(anonymous_53)
FN:564,(anonymous_54)
FN:568,(anonymous_55)
FN:580,(anonymous_56)
FN:581,(anonymous_57)
FN:604,(anonymous_58)
FN:628,(anonymous_59)
FN:640,(anonymous_60)
FN:653,(anonymous_61)
FN:654,(anonymous_62)
FN:684,(anonymous_63)
FN:685,(anonymous_64)
FN:691,(anonymous_65)
FN:722,(anonymous_66)
FN:723,(anonymous_67)
FN:739,(anonymous_68)
FN:746,(anonymous_69)
FN:789,(anonymous_70)
FN:789,(anonymous_71)
FN:790,(anonymous_72)
FN:790,(anonymous_73)
FN:804,(anonymous_74)
FN:813,createInnings
FN:846,createBatterInnings
FN:863,createBowlerSpell
FN:876,createPartnership
FN:890,createNewMatch
FNF:80
FNH:55
FNDA:3887,(anonymous_0)
FNDA:0,(anonymous_1)
FNDA:5163,(anonymous_2)
FNDA:450,(anonymous_3)
FNDA:0,(anonymous_4)
FNDA:10563,(anonymous_5)
FNDA:19,(anonymous_6)
FNDA:22,(anonymous_7)
FNDA:0,(anonymous_8)
FNDA:0,(anonymous_9)
FNDA:10,(anonymous_10)
FNDA:10,(anonymous_11)
FNDA:6,(anonymous_12)
FNDA:3730,(anonymous_13)
FNDA:24,(anonymous_14)
FNDA:0,(anonymous_15)
FNDA:0,(anonymous_16)
FNDA:1,(anonymous_17)
FNDA:142,(anonymous_18)
FNDA:142,(anonymous_19)
FNDA:157,(anonymous_20)
FNDA:157,(anonymous_21)
FNDA:171,(anonymous_22)
FNDA:171,(anonymous_23)
FNDA:717,(anonymous_24)
FNDA:1251,(anonymous_25)
FNDA:712,(anonymous_26)
FNDA:1392,(anonymous_27)
FNDA:3720,(anonymous_28)
FNDA:3715,(anonymous_29)
FNDA:5869,(anonymous_30)
FNDA:9422,(anonymous_31)
FNDA:1373,(anonymous_32)
FNDA:41488,(anonymous_33)
FNDA:3562,(anonymous_34)
FNDA:5,(anonymous_35)
FNDA:41488,(anonymous_36)
FNDA:3562,(anonymous_37)
FNDA:5,(anonymous_38)
FNDA:3562,(anonymous_39)
FNDA:1242,(anonymous_40)
FNDA:416,(anonymous_41)
FNDA:21,(anonymous_42)
FNDA:19,(anonymous_43)
FNDA:0,(anonymous_44)
FNDA:0,(anonymous_45)
FNDA:15,(anonymous_46)
FNDA:0,(anonymous_47)
FNDA:0,(anonymous_48)
FNDA:3,(anonymous_49)
FNDA:1,(anonymous_50)
FNDA:3,(anonymous_51)
FNDA:2,(anonymous_52)
FNDA:15,(anonymous_53)
FNDA:6,(anonymous_54)
FNDA:6,(anonymous_55)
FNDA:0,(anonymous_56)
FNDA:0,(anonymous_57)
FNDA:0,(anonymous_58)
FNDA:0,(anonymous_59)
FNDA:0,(anonymous_60)
FNDA:69,(anonymous_61)
FNDA:69,(anonymous_62)
FNDA:0,(anonymous_63)
FNDA:0,(anonymous_64)
FNDA:0,(anonymous_65)
FNDA:0,(anonymous_66)
FNDA:0,(anonymous_67)
FNDA:30,(anonymous_68)
FNDA:0,(anonymous_69)
FNDA:0,(anonymous_70)
FNDA:0,(anonymous_71)
FNDA:0,(anonymous_72)
FNDA:0,(anonymous_73)
FNDA:7,(anonymous_74)
FNDA:172,createInnings
FNDA:411,createBatterInnings
FNDA:276,createBowlerSpell
FNDA:240,createPartnership
FNDA:158,createNewMatch
DA:1,3
DA:6,3
DA:7,3887
DA:8,3887
DA:11,0
DA:12,0
DA:13,0
DA:32,3
DA:33,3
DA:35,3
DA:41,5163
DA:42,5163
DA:43,5163
DA:47,450
DA:51,0
DA:55,10563
DA:56,0
DA:58,10563
DA:62,19
DA:63,19
DA:64,22
DA:68,0
DA:69,0
DA:70,0
DA:74,10
DA:75,10
DA:76,10
DA:80,6
DA:81,6
DA:82,6
DA:86,3730
DA:87,3730
DA:88,3576
DA:89,3576
DA:93,0
DA:94,0
DA:95,0
DA:99,0
DA:103,1
DA:109,142
DA:110,142
DA:111,142
DA:112,142
DA:114,142
DA:118,157
DA:119,157
DA:120,157
DA:127,157
DA:128,157
DA:129,157
DA:131,157
DA:135,171
DA:136,171
DA:137,171
DA:138,171
DA:139,171
DA:143,171
DA:144,171
DA:146,171
DA:150,717
DA:151,717
DA:154,717
DA:155,546
DA:156,546
DA:157,2
DA:162,715
DA:163,715
DA:164,637
DA:165,1251
DA:166,637
DA:167,3
DA:171,712
DA:172,712
DA:173,712
DA:174,1392
DA:175,712
DA:176,276
DA:178,712
DA:180,712
DA:186,3720
DA:187,3720
DA:188,0
DA:190,3720
DA:191,0
DA:195,3720
DA:196,3720
DA:197,5
DA:201,3715
DA:203,3715
DA:204,3715
DA:205,3715
DA:208,3715
DA:209,3715
DA:210,3715
DA:211,13
DA:212,13
DA:213,13
DA:215,3715
DA:216,23
DA:217,23
DA:219,3715
DA:220,8
DA:221,8
DA:223,3715
DA:224,6
DA:225,6
DA:229,3715
DA:230,3715
DA:239,3715
DA:240,3715
DA:241,96
DA:249,3715
DA:266,3715
DA:267,3715
DA:270,3715
DA:273,3715
DA:276,3715
DA:277,3715
DA:278,3715
DA:279,3715
DA:282,5869
DA:283,3715
DA:284,3715
DA:285,3702
DA:287,3715
DA:288,3715
DA:289,3715
DA:293,9422
DA:294,3715
DA:295,3715
DA:296,3715
DA:297,13
DA:298,13
DA:299,3702
DA:300,23
DA:301,23
DA:302,3679
DA:305,3665
DA:307,3715
DA:308,87
DA:313,3715
DA:314,3715
DA:315,3715
DA:316,3715
DA:317,3715
DA:318,2022
DA:320,1693
DA:322,3715
DA:323,50
DA:331,3715
DA:332,3715
DA:333,664
DA:334,664
DA:335,664
DA:336,664
DA:337,1373
DA:343,3715
DA:344,3679
DA:347,3679
DA:349,593
DA:350,593
DA:352,593
DA:353,41488
DA:355,593
DA:356,3562
DA:358,593
DA:359,593
DA:363,41488
DA:364,3562
DA:365,3562
DA:366,593
DA:375,593
DA:376,593
DA:377,593
DA:380,593
DA:381,593
DA:382,593
DA:383,593
DA:384,1242
DA:390,3715
DA:392,96
DA:393,95
DA:396,95
DA:407,416
DA:408,96
DA:409,96
DA:410,96
DA:414,96
DA:415,90
DA:418,6
DA:423,3715
DA:424,3715
DA:425,3715
DA:426,3715
DA:428,3715
DA:430,3715
DA:431,30
DA:432,30
DA:433,30
DA:434,30
DA:437,30
DA:440,3715
DA:443,3715
DA:449,3715
DA:453,21
DA:454,2
DA:457,19
DA:458,19
DA:459,19
DA:460,19
DA:462,19
DA:463,0
DA:464,0
DA:468,19
DA:474,0
DA:475,0
DA:477,0
DA:478,0
DA:481,0
DA:482,0
DA:483,0
DA:485,0
DA:486,0
DA:487,0
DA:488,0
DA:489,0
DA:490,0
DA:491,0
DA:492,0
DA:493,0
DA:495,0
DA:499,15
DA:500,15
DA:501,0
DA:505,15
DA:506,0
DA:507,0
DA:508,0
DA:509,0
DA:510,0
DA:511,0
DA:512,0
DA:513,0
DA:514,0
DA:515,0
DA:516,0
DA:517,0
DA:519,0
DA:522,15
DA:523,15
DA:524,0
DA:528,15
DA:529,15
DA:532,15
DA:533,15
DA:534,11
DA:537,15
DA:538,1
DA:539,3
DA:540,1
DA:541,1
DA:542,3
DA:543,2
DA:544,1
DA:547,15
DA:548,15
DA:555,15
DA:556,15
DA:557,15
DA:558,15
DA:561,15
DA:565,6
DA:566,0
DA:568,6
DA:569,6
DA:570,6
DA:571,6
DA:572,6
DA:573,6
DA:574,6
DA:576,6
DA:581,0
DA:582,0
DA:583,0
DA:584,0
DA:585,0
DA:586,0
DA:587,0
DA:589,0
DA:590,0
DA:591,0
DA:593,0
DA:605,0
DA:606,0
DA:607,0
DA:609,0
DA:610,0
DA:612,0
DA:615,0
DA:616,0
DA:617,0
DA:619,0
DA:628,0
DA:629,0
DA:630,0
DA:631,0
DA:632,0
DA:633,0
DA:634,0
DA:635,0
DA:637,0
DA:641,0
DA:642,0
DA:644,0
DA:645,0
DA:646,0
DA:647,0
DA:648,0
DA:654,69
DA:655,69
DA:656,69
DA:657,69
DA:659,69
DA:660,68
DA:661,68
DA:663,1
DA:666,69
DA:669,69
DA:670,69
DA:675,69
DA:677,69
DA:685,0
DA:686,0
DA:688,0
DA:691,0
DA:692,0
DA:693,0
DA:694,0
DA:698,0
DA:699,0
DA:700,0
DA:711,0
DA:712,0
DA:713,0
DA:714,0
DA:717,0
DA:719,0
DA:723,0
DA:724,0
DA:725,0
DA:726,0
DA:727,0
DA:728,0
DA:729,0
DA:730,0
DA:732,0
DA:734,0
DA:740,30
DA:741,30
DA:742,30
DA:745,30
DA:746,0
DA:747,0
DA:748,0
DA:749,0
DA:750,0
DA:751,0
DA:752,0
DA:753,0
DA:754,0
DA:755,0
DA:757,0
DA:758,0
DA:761,0
DA:764,30
DA:766,30
DA:767,9
DA:768,9
DA:769,9
DA:771,9
DA:772,4
DA:773,4
DA:774,4
DA:775,5
DA:776,2
DA:778,3
DA:779,3
DA:780,3
DA:783,0
DA:785,0
DA:786,0
DA:788,0
DA:789,0
DA:790,0
DA:792,0
DA:793,0
DA:794,0
DA:795,0
DA:796,0
DA:798,0
DA:805,7
DA:806,4
DA:807,0
DA:820,172
DA:851,411
DA:864,276
DA:877,240
DA:890,3
DA:900,158
LF:409
LH:271
BRDA:7,0,0,3887
BRDA:7,1,0,3887
BRDA:7,1,1,3887
BRDA:13,2,0,0
BRDA:13,2,1,0
BRDA:40,3,0,157
BRDA:40,4,0,157
BRDA:55,5,0,0
BRDA:55,6,0,10563
BRDA:55,6,1,10563
BRDA:63,7,0,0
BRDA:64,8,0,19
BRDA:64,8,1,0
BRDA:69,9,0,0
BRDA:70,10,0,0
BRDA:70,10,1,0
BRDA:75,11,0,0
BRDA:76,12,0,10
BRDA:76,12,1,0
BRDA:81,13,0,0
BRDA:82,14,0,6
BRDA:82,14,1,0
BRDA:87,15,0,154
BRDA:87,16,0,3730
BRDA:87,16,1,3730
BRDA:89,17,0,3576
BRDA:89,17,1,24
BRDA:94,18,0,0
BRDA:95,19,0,0
BRDA:95,19,1,0
BRDA:99,20,0,0
BRDA:99,20,1,0
BRDA:151,21,0,0
BRDA:154,22,0,546
BRDA:156,23,0,2
BRDA:163,24,0,637
BRDA:166,25,0,3
BRDA:166,26,0,637
BRDA:166,26,1,375
BRDA:175,27,0,276
BRDA:187,28,0,0
BRDA:187,29,0,3720
BRDA:187,29,1,3720
BRDA:190,30,0,0
BRDA:190,31,0,3720
BRDA:190,31,1,3720
BRDA:190,31,2,3720
BRDA:196,32,0,5
BRDA:196,33,0,3720
BRDA:196,33,1,13
BRDA:196,33,2,8
BRDA:205,34,0,3715
BRDA:205,34,1,3702
BRDA:210,35,0,13
BRDA:215,36,0,23
BRDA:219,37,0,8
BRDA:219,38,0,3715
BRDA:219,38,1,8
BRDA:223,39,0,6
BRDA:223,40,0,3715
BRDA:223,40,1,6
BRDA:229,41,0,27
BRDA:229,41,1,3688
BRDA:229,42,0,3715
BRDA:229,42,1,3707
BRDA:229,42,2,3701
BRDA:230,43,0,23
BRDA:230,43,1,3692
BRDA:232,44,0,13
BRDA:232,44,1,3679
BRDA:234,45,0,14
BRDA:234,45,1,3665
BRDA:234,46,0,3679
BRDA:234,46,1,3671
BRDA:240,47,0,96
BRDA:243,48,0,96
BRDA:243,48,1,88
BRDA:245,49,0,96
BRDA:245,49,1,90
BRDA:252,50,0,3679
BRDA:252,50,1,36
BRDA:259,51,0,3715
BRDA:259,51,1,44
BRDA:263,52,0,0
BRDA:263,52,1,3715
BRDA:276,53,0,13
BRDA:277,54,0,23
BRDA:278,55,0,8
BRDA:278,56,0,3715
BRDA:278,56,1,8
BRDA:279,57,0,6
BRDA:279,58,0,3715
BRDA:279,58,1,6
BRDA:283,59,0,3715
BRDA:284,60,0,3702
BRDA:288,61,0,27
BRDA:288,62,0,3715
BRDA:288,62,1,44
BRDA:289,63,0,17
BRDA:289,64,0,3715
BRDA:289,64,1,44
BRDA:294,65,0,3715
BRDA:295,66,0,3679
BRDA:296,67,0,13
BRDA:296,67,1,3702
BRDA:299,68,0,23
BRDA:299,68,1,3679
BRDA:302,69,0,14
BRDA:302,69,1,3665
BRDA:302,70,0,3679
BRDA:302,70,1,3671
BRDA:307,71,0,87
BRDA:307,72,0,3715
BRDA:307,72,1,96
BRDA:314,73,0,3715
BRDA:316,74,0,3702
BRDA:317,75,0,2022
BRDA:317,75,1,1693
BRDA:322,76,0,50
BRDA:322,77,0,3715
BRDA:322,77,1,3702
BRDA:322,77,2,3679
BRDA:322,77,3,3671
BRDA:331,78,0,13
BRDA:331,78,1,3702
BRDA:331,79,0,23
BRDA:331,79,1,3679
BRDA:332,80,0,664
BRDA:343,81,0,3679
BRDA:347,82,0,593
BRDA:349,83,0,593
BRDA:353,84,0,41488
BRDA:353,84,1,3562
BRDA:358,85,0,457
BRDA:390,86,0,96
BRDA:392,87,0,95
BRDA:408,88,0,96
BRDA:414,89,0,90
BRDA:414,89,1,6
BRDA:423,90,0,0
BRDA:423,90,1,3715
BRDA:424,91,0,0
BRDA:424,91,1,3715
BRDA:426,92,0,3715
BRDA:426,92,1,3289
BRDA:426,92,2,20
BRDA:428,93,0,3715
BRDA:428,93,1,728
BRDA:430,94,0,30
BRDA:430,95,0,3715
BRDA:430,95,1,3708
BRDA:430,95,2,3688
BRDA:453,96,0,2
BRDA:462,97,0,0
BRDA:474,98,0,0
BRDA:477,99,0,0
BRDA:500,100,0,0
BRDA:500,101,0,15
BRDA:500,101,1,15
BRDA:505,102,0,0
BRDA:507,103,0,0
BRDA:523,104,0,0
BRDA:533,105,0,11
BRDA:533,106,0,15
BRDA:533,106,1,11
BRDA:537,107,0,1
BRDA:537,108,0,15
BRDA:537,108,1,4
BRDA:565,109,0,0
BRDA:583,110,0,0
BRDA:583,111,0,0
BRDA:583,111,1,0
BRDA:604,112,0,0
BRDA:606,113,0,0
BRDA:606,114,0,0
BRDA:606,114,1,0
BRDA:610,115,0,0
BRDA:612,116,0,0
BRDA:612,116,1,0
BRDA:615,117,0,0
BRDA:615,117,1,0
BRDA:616,118,0,0
BRDA:616,119,0,0
BRDA:616,119,1,0
BRDA:633,120,0,0
BRDA:633,120,1,0
BRDA:641,121,0,0
BRDA:641,122,0,0
BRDA:641,122,1,0
BRDA:644,123,0,0
BRDA:647,124,0,0
BRDA:659,125,0,68
BRDA:659,125,1,1
BRDA:669,126,0,69
BRDA:669,127,0,69
BRDA:669,127,1,69
BRDA:692,128,0,0
BRDA:698,129,0,0
BRDA:711,130,0,0
BRDA:711,130,1,0
BRDA:713,131,0,0
BRDA:725,132,0,0
BRDA:725,133,0,0
BRDA:725,133,1,0
BRDA:745,134,0,0
BRDA:745,135,0,30
BRDA:745,135,1,0
BRDA:747,136,0,0
BRDA:747,137,0,0
BRDA:747,137,1,0
BRDA:751,138,0,0
BRDA:751,138,1,0
BRDA:753,139,0,0
BRDA:753,139,1,0
BRDA:754,140,0,0
BRDA:754,140,1,0
BRDA:758,141,0,0
BRDA:758,141,1,0
BRDA:764,142,0,30
BRDA:764,142,1,0
BRDA:766,143,0,9
BRDA:766,144,0,30
BRDA:766,144,1,9
BRDA:771,145,0,4
BRDA:771,145,1,5
BRDA:774,146,0,4
BRDA:774,146,1,0
BRDA:775,147,0,2
BRDA:775,147,1,3
BRDA:780,148,0,3
BRDA:780,148,1,0
BRDA:783,149,0,0
BRDA:785,150,0,0
BRDA:785,151,0,0
BRDA:785,151,1,0
BRDA:792,152,0,0
BRDA:792,152,1,0
BRDA:794,153,0,0
BRDA:794,153,1,0
BRDA:805,154,0,3
BRDA:806,155,0,4
BRF:241
BRH:156
end_of_record
TN:
SF:src/engine/types.ts
FNF:0
FNH:0
DA:375,3
LF:1
LH:1
BRF:0
BRH:0
end_of_record
TN:
SF:src/utils/commentary.ts
FN:29,hashIndex
FN:35,pick
FN:41,firstName
FN:51,getBallCommentary
FN:60,(anonymous_4)
FN:110,(anonymous_5)
FN:114,(anonymous_6)
FN:157,getLiveFeed
FN:165,(anonymous_8)
FNF:9
FNH:9
FNDA:27,hashIndex
FNDA:27,pick
FNDA:122,firstName
FNDA:40,getBallCommentary
FNDA:6,(anonymous_4)
FNDA:2,(anonymous_5)
FNDA:1,(anonymous_6)
FNDA:4,getLiveFeed
FNDA:9,(anonymous_8)
DA:2,1
DA:12,1
DA:13,1
DA:14,1
DA:21,1
DA:30,27
DA:31,160
DA:32,27
DA:36,27
DA:42,122
DA:51,1
DA:52,40
DA:53,40
DA:54,40
DA:57,40
DA:58,6
DA:59,6
DA:60,6
DA:61,6
DA:62,6
DA:65,6
DA:67,1
DA:69,1
DA:73,1
DA:75,1
DA:77,1
DA:81,0
DA:83,0
DA:85,1
DA:87,0
DA:92,34
DA:93,4
DA:94,4
DA:95,2
DA:96,2
DA:97,1
DA:99,1
DA:101,2
DA:102,2
DA:103,1
DA:105,1
DA:110,30
DA:111,30
DA:112,1
DA:114,29
DA:115,29
DA:116,1
DA:120,28
DA:121,11
DA:122,11
DA:125,17
DA:126,4
DA:127,4
DA:130,13
DA:132,0
DA:135,13
DA:136,0
DA:139,13
DA:140,1
DA:143,12
DA:144,1
DA:145,1
DA:149,11
DA:150,11
DA:157,1
DA:162,4
DA:165,9
LF:67
LH:62
BRDA:57,0,0,6
BRDA:59,1,0,2
BRDA:59,1,1,4
BRDA:65,2,0,1
BRDA:65,2,1,1
BRDA:65,2,2,1
BRDA:65,2,3,1
BRDA:65,2,4,1
BRDA:65,2,5,0
BRDA:65,2,6,0
BRDA:65,2,7,1
BRDA:65,2,8,0
BRDA:69,3,0,1
BRDA:69,3,1,0
BRDA:77,4,0,1
BRDA:77,4,1,0
BRDA:92,5,0,4
BRDA:94,6,0,2
BRDA:96,7,0,1
BRDA:97,8,0,1
BRDA:97,8,1,0
BRDA:101,9,0,2
BRDA:102,10,0,1
BRDA:111,11,0,1
BRDA:112,12,0,1
BRDA:112,12,1,0
BRDA:115,13,0,1
BRDA:116,14,0,0
BRDA:116,14,1,1
BRDA:120,15,0,11
BRDA:125,16,0,4
BRDA:125,17,0,17
BRDA:125,17,1,4
BRDA:130,18,0,0
BRDA:135,19,0,0
BRDA:139,20,0,1
BRDA:143,21,0,1
BRDA:160,22,0,2
BRF:38
BRH:28
end_of_record
TN:
SF:src/utils/constants.ts
FN:1,(anonymous_0)
FNF:1
FNH:1
FNDA:3715,(anonymous_0)
DA:1,3715
DA:3,4
DA:5,4
DA:14,4
LF:4
LH:4
BRF:0
BRH:0
end_of_record
TN:
SF:src/utils/dls-calculator.ts
FN:37,getResourcePercentage
FN:52,calculateDLSTarget
FN:79,calculateDLSParScore
FN:104,calculateGullyTarget
FNF:4
FNH:0
FNDA:0,getResourcePercentage
FNDA:0,calculateDLSTarget
FNDA:0,calculateDLSParScore
FNDA:0,calculateGullyTarget
DA:13,3
DA:37,3
DA:38,0
DA:39,0
DA:40,0
DA:52,3
DA:59,0
DA:60,0
DA:61,0
DA:62,0
DA:64,0
DA:65,0
DA:79,3
DA:87,0
DA:88,0
DA:89,0
DA:90,0
DA:91,0
DA:92,0
DA:104,3
DA:110,0
DA:111,0
DA:112,0
DA:113,0
LF:24
LH:5
BRDA:56,0,0,0
BRDA:57,1,0,0
BRF:2
BRH:0
end_of_record
TN:
SF:src/utils/formatters.ts
FN:4,formatOvers
FN:8,formatScore
FN:12,formatBatterScore
FN:17,formatBowlerFigures
FN:21,formatBallOutcome
FN:32,(anonymous_5)
FN:33,(anonymous_6)
FN:38,dismissalDescription
FN:56,remainingBalls
FNF:9
FNH:0
FNDA:0,formatOvers
FNDA:0,formatScore
FNDA:0,formatBatterScore
FNDA:0,formatBowlerFigures
FNDA:0,formatBallOutcome
FNDA:0,(anonymous_5)
FNDA:0,(anonymous_6)
FNDA:0,dismissalDescription
FNDA:0,remainingBalls
DA:1,1
DA:4,1
DA:5,0
DA:8,1
DA:9,0
DA:12,1
DA:13,0
DA:14,0
DA:17,1
DA:18,0
DA:21,1
DA:22,0
DA:23,0
DA:24,0
DA:25,0
DA:27,0
DA:28,0
DA:30,0
DA:32,0
DA:33,0
DA:34,0
DA:35,0
DA:38,1
DA:39,0
DA:53,0
DA:56,1
DA:57,0
DA:58,0
LF:28
LH:8
BRDA:5,0,0,0
BRDA:5,0,1,0
BRDA:13,1,0,0
BRDA:13,1,1,0
BRDA:22,2,0,0
BRDA:23,3,0,0
BRDA:25,4,0,0
BRDA:28,5,0,0
BRDA:28,5,1,0
BRDA:30,6,0,0
BRDA:30,7,0,0
BRDA:30,7,1,0
BRDA:32,8,0,0
BRDA:33,9,0,0
BRDA:34,10,0,0
BRDA:57,11,0,0
BRF:16
BRH:0
end_of_record
